<?xml version="1.0" encoding="UTF-8"?>
<coverage generated="1630476261866" clover="3.2.0">
  <project timestamp="1630476261866" name="All files">
    <metrics statements="8135" coveredstatements="0" conditionals="4740" coveredconditionals="0" methods="2336" coveredmethods="0" elements="15211" coveredelements="0" complexity="0" loc="8135" ncloc="8135" packages="17" files="72" classes="72">
      <package name="app">
        <metrics statements="95" coveredstatements="0" conditionals="51" coveredconditionals="0" methods="38" coveredmethods="0"/>
        <file name="App.vue" path="E:\work\wikimoeCardByNodeJS-2.12.0\view\src\app\App.vue">
          <metrics statements="95" coveredstatements="0" conditionals="51" coveredconditionals="0" methods="38" coveredmethods="0"/>
          <line num="1" count="0" type="stmt"/>
          <line num="4" count="0" type="stmt"/>
          <line num="8" count="0" type="stmt"/>
          <line num="10" count="0" type="stmt"/>
          <line num="12" count="0" type="stmt"/>
          <line num="14" count="0" type="stmt"/>
          <line num="16" count="0" type="stmt"/>
          <line num="18" count="0" type="stmt"/>
          <line num="20" count="0" type="cond" truecount="0" falsecount="4"/>
          <line num="22" count="0" type="stmt"/>
          <line num="24" count="0" type="stmt"/>
          <line num="47" count="0" type="stmt"/>
          <line num="48" count="0" type="cond" truecount="0" falsecount="10"/>
          <line num="49" count="0" type="stmt"/>
          <line num="54" count="0" type="stmt"/>
          <line num="57" count="0" type="stmt"/>
          <line num="62" count="0" type="stmt"/>
          <line num="65" count="0" type="cond" truecount="0" falsecount="2"/>
          <line num="66" count="0" type="stmt"/>
          <line num="70" count="0" type="cond" truecount="0" falsecount="2"/>
          <line num="71" count="0" type="stmt"/>
          <line num="77" count="0" type="stmt"/>
          <line num="78" count="0" type="stmt"/>
          <line num="81" count="0" type="stmt"/>
          <line num="84" count="0" type="stmt"/>
          <line num="87" count="0" type="stmt"/>
          <line num="88" count="0" type="stmt"/>
          <line num="91" count="0" type="stmt"/>
          <line num="92" count="0" type="stmt"/>
          <line num="95" count="0" type="stmt"/>
          <line num="96" count="0" type="stmt"/>
          <line num="100" count="0" type="stmt"/>
          <line num="102" count="0" type="cond" truecount="0" falsecount="2"/>
          <line num="103" count="0" type="stmt"/>
          <line num="104" count="0" type="stmt"/>
          <line num="106" count="0" type="stmt"/>
          <line num="107" count="0" type="stmt"/>
          <line num="109" count="0" type="cond" truecount="0" falsecount="2"/>
          <line num="110" count="0" type="stmt"/>
          <line num="112" count="0" type="stmt"/>
          <line num="113" count="0" type="stmt"/>
          <line num="116" count="0" type="stmt"/>
          <line num="117" count="0" type="stmt"/>
          <line num="118" count="0" type="stmt"/>
          <line num="119" count="0" type="stmt"/>
          <line num="120" count="0" type="stmt"/>
          <line num="122" count="0" type="stmt"/>
          <line num="126" count="0" type="cond" truecount="0" falsecount="2"/>
          <line num="127" count="0" type="stmt"/>
          <line num="128" count="0" type="stmt"/>
          <line num="129" count="0" type="stmt"/>
          <line num="133" count="0" type="stmt"/>
          <line num="135" count="0" type="cond" truecount="0" falsecount="4"/>
          <line num="136" count="0" type="stmt"/>
          <line num="137" count="0" type="stmt"/>
          <line num="138" count="0" type="stmt"/>
          <line num="139" count="0" type="stmt"/>
          <line num="141" count="0" type="stmt"/>
          <line num="143" count="0" type="stmt"/>
          <line num="144" count="0" type="stmt"/>
          <line num="145" count="0" type="cond" truecount="0" falsecount="4"/>
          <line num="146" count="0" type="stmt"/>
          <line num="147" count="0" type="stmt"/>
          <line num="150" count="0" type="stmt"/>
          <line num="151" count="0" type="stmt"/>
          <line num="153" count="0" type="stmt"/>
          <line num="154" count="0" type="stmt"/>
          <line num="155" count="0" type="cond" truecount="0" falsecount="2"/>
          <line num="156" count="0" type="stmt"/>
          <line num="157" count="0" type="stmt"/>
          <line num="158" count="0" type="stmt"/>
          <line num="162" count="0" type="stmt"/>
          <line num="163" count="0" type="stmt"/>
          <line num="164" count="0" type="stmt"/>
          <line num="165" count="0" type="stmt"/>
          <line num="168" count="0" type="cond" truecount="0" falsecount="2"/>
          <line num="169" count="0" type="cond" truecount="0" falsecount="2"/>
          <line num="170" count="0" type="stmt"/>
          <line num="171" count="0" type="stmt"/>
          <line num="176" count="0" type="stmt"/>
          <line num="179" count="0" type="stmt"/>
          <line num="181" count="0" type="cond" truecount="0" falsecount="2"/>
          <line num="182" count="0" type="stmt"/>
          <line num="183" count="0" type="cond" truecount="0" falsecount="3"/>
          <line num="184" count="0" type="stmt"/>
          <line num="185" count="0" type="stmt"/>
          <line num="186" count="0" type="stmt"/>
          <line num="192" count="0" type="stmt"/>
          <line num="193" count="0" type="stmt"/>
          <line num="194" count="0" type="stmt"/>
          <line num="195" count="0" type="stmt"/>
          <line num="267" count="0" type="cond" truecount="0" falsecount="2"/>
          <line num="268" count="0" type="cond" truecount="0" falsecount="2"/>
          <line num="269" count="0" type="cond" truecount="0" falsecount="4"/>
          <line num="270" count="0" type="stmt"/>
        </file>
      </package>
      <package name="app.api">
        <metrics statements="35" coveredstatements="0" conditionals="12" coveredconditionals="0" methods="7" coveredmethods="0"/>
        <file name="create-api.js" path="E:\work\wikimoeCardByNodeJS-2.12.0\view\src\app\api\create-api.js">
          <metrics statements="3" coveredstatements="0" conditionals="4" coveredconditionals="0" methods="2" coveredmethods="0"/>
          <line num="1" count="0" type="stmt"/>
          <line num="3" count="0" type="cond" truecount="0" falsecount="4"/>
          <line num="4" count="0" type="stmt"/>
        </file>
        <file name="index.js" path="E:\work\wikimoeCardByNodeJS-2.12.0\view\src\app\api\index.js">
          <metrics statements="32" coveredstatements="0" conditionals="8" coveredconditionals="0" methods="5" coveredmethods="0"/>
          <line num="1" count="0" type="stmt"/>
          <line num="2" count="0" type="stmt"/>
          <line num="3" count="0" type="stmt"/>
          <line num="4" count="0" type="stmt"/>
          <line num="5" count="0" type="stmt"/>
          <line num="6" count="0" type="cond" truecount="0" falsecount="4"/>
          <line num="8" count="0" type="stmt"/>
          <line num="9" count="0" type="stmt"/>
          <line num="11" count="0" type="stmt"/>
          <line num="14" count="0" type="stmt"/>
          <line num="15" count="0" type="stmt"/>
          <line num="16" count="0" type="stmt"/>
          <line num="18" count="0" type="stmt"/>
          <line num="19" count="0" type="stmt"/>
          <line num="23" count="0" type="stmt"/>
          <line num="25" count="0" type="stmt"/>
          <line num="26" count="0" type="cond" truecount="0" falsecount="2"/>
          <line num="27" count="0" type="stmt"/>
          <line num="31" count="0" type="stmt"/>
          <line num="32" count="0" type="stmt"/>
          <line num="33" count="0" type="stmt"/>
          <line num="34" count="0" type="stmt"/>
          <line num="35" count="0" type="cond" truecount="0" falsecount="2"/>
          <line num="36" count="0" type="stmt"/>
          <line num="40" count="0" type="stmt"/>
          <line num="41" count="0" type="stmt"/>
          <line num="42" count="0" type="stmt"/>
          <line num="44" count="0" type="stmt"/>
          <line num="46" count="0" type="stmt"/>
          <line num="47" count="0" type="stmt"/>
          <line num="51" count="0" type="stmt"/>
          <line num="55" count="0" type="stmt"/>
        </file>
      </package>
      <package name="app.api.module">
        <metrics statements="66" coveredstatements="0" conditionals="4" coveredconditionals="0" methods="65" coveredmethods="0"/>
        <file name="auth.js" path="E:\work\wikimoeCardByNodeJS-2.12.0\view\src\app\api\module\auth.js">
          <metrics statements="66" coveredstatements="0" conditionals="4" coveredconditionals="0" methods="65" coveredmethods="0"/>
          <line num="1" count="0" type="stmt"/>
          <line num="2" count="0" type="stmt"/>
          <line num="4" count="0" type="stmt"/>
          <line num="7" count="0" type="stmt"/>
          <line num="10" count="0" type="stmt"/>
          <line num="13" count="0" type="stmt"/>
          <line num="16" count="0" type="stmt"/>
          <line num="19" count="0" type="stmt"/>
          <line num="22" count="0" type="stmt"/>
          <line num="25" count="0" type="stmt"/>
          <line num="28" count="0" type="stmt"/>
          <line num="31" count="0" type="stmt"/>
          <line num="34" count="0" type="stmt"/>
          <line num="37" count="0" type="stmt"/>
          <line num="40" count="0" type="stmt"/>
          <line num="43" count="0" type="stmt"/>
          <line num="46" count="0" type="stmt"/>
          <line num="49" count="0" type="stmt"/>
          <line num="52" count="0" type="stmt"/>
          <line num="55" count="0" type="stmt"/>
          <line num="58" count="0" type="stmt"/>
          <line num="61" count="0" type="stmt"/>
          <line num="64" count="0" type="stmt"/>
          <line num="67" count="0" type="stmt"/>
          <line num="70" count="0" type="stmt"/>
          <line num="73" count="0" type="stmt"/>
          <line num="76" count="0" type="stmt"/>
          <line num="79" count="0" type="stmt"/>
          <line num="82" count="0" type="stmt"/>
          <line num="85" count="0" type="stmt"/>
          <line num="88" count="0" type="stmt"/>
          <line num="91" count="0" type="stmt"/>
          <line num="94" count="0" type="stmt"/>
          <line num="97" count="0" type="stmt"/>
          <line num="100" count="0" type="stmt"/>
          <line num="103" count="0" type="stmt"/>
          <line num="106" count="0" type="stmt"/>
          <line num="109" count="0" type="stmt"/>
          <line num="112" count="0" type="stmt"/>
          <line num="115" count="0" type="stmt"/>
          <line num="118" count="0" type="stmt"/>
          <line num="121" count="0" type="stmt"/>
          <line num="124" count="0" type="stmt"/>
          <line num="127" count="0" type="stmt"/>
          <line num="130" count="0" type="stmt"/>
          <line num="133" count="0" type="stmt"/>
          <line num="136" count="0" type="stmt"/>
          <line num="139" count="0" type="stmt"/>
          <line num="142" count="0" type="stmt"/>
          <line num="145" count="0" type="stmt"/>
          <line num="148" count="0" type="stmt"/>
          <line num="151" count="0" type="stmt"/>
          <line num="154" count="0" type="stmt"/>
          <line num="157" count="0" type="stmt"/>
          <line num="160" count="0" type="stmt"/>
          <line num="163" count="0" type="stmt"/>
          <line num="166" count="0" type="stmt"/>
          <line num="169" count="0" type="stmt"/>
          <line num="172" count="0" type="stmt"/>
          <line num="175" count="0" type="stmt"/>
          <line num="178" count="0" type="stmt"/>
          <line num="181" count="0" type="stmt"/>
          <line num="184" count="0" type="stmt"/>
          <line num="187" count="0" type="stmt"/>
          <line num="190" count="0" type="stmt"/>
          <line num="193" count="0" type="cond" truecount="0" falsecount="4"/>
        </file>
      </package>
      <package name="app.components">
        <metrics statements="1543" coveredstatements="0" conditionals="923" coveredconditionals="0" methods="409" coveredmethods="0"/>
        <file name="adminCardEditor.vue" path="E:\work\wikimoeCardByNodeJS-2.12.0\view\src\app\components\adminCardEditor.vue">
          <metrics statements="217" coveredstatements="0" conditionals="113" coveredconditionals="0" methods="49" coveredmethods="0"/>
          <line num="1" count="0" type="stmt"/>
          <line num="4" count="0" type="stmt"/>
          <line num="8" count="0" type="stmt"/>
          <line num="10" count="0" type="stmt"/>
          <line num="12" count="0" type="stmt"/>
          <line num="14" count="0" type="stmt"/>
          <line num="16" count="0" type="stmt"/>
          <line num="18" count="0" type="stmt"/>
          <line num="20" count="0" type="stmt"/>
          <line num="22" count="0" type="stmt"/>
          <line num="24" count="0" type="stmt"/>
          <line num="26" count="0" type="stmt"/>
          <line num="28" count="0" type="stmt"/>
          <line num="30" count="0" type="stmt"/>
          <line num="32" count="0" type="stmt"/>
          <line num="34" count="0" type="cond" truecount="0" falsecount="8"/>
          <line num="36" count="0" type="cond" truecount="0" falsecount="4"/>
          <line num="266" count="0" type="stmt"/>
          <line num="274" count="0" type="stmt"/>
          <line num="313" count="0" type="stmt"/>
          <line num="320" count="0" type="stmt"/>
          <line num="326" count="0" type="cond" truecount="0" falsecount="2"/>
          <line num="327" count="0" type="stmt"/>
          <line num="328" count="0" type="cond" truecount="0" falsecount="2"/>
          <line num="332" count="0" type="cond" truecount="0" falsecount="2"/>
          <line num="333" count="0" type="stmt"/>
          <line num="334" count="0" type="stmt"/>
          <line num="335" count="0" type="stmt"/>
          <line num="336" count="0" type="stmt"/>
          <line num="337" count="0" type="stmt"/>
          <line num="338" count="0" type="stmt"/>
          <line num="340" count="0" type="stmt"/>
          <line num="341" count="0" type="stmt"/>
          <line num="345" count="0" type="stmt"/>
          <line num="346" count="0" type="cond" truecount="0" falsecount="2"/>
          <line num="347" count="0" type="stmt"/>
          <line num="348" count="0" type="stmt"/>
          <line num="349" count="0" type="stmt"/>
          <line num="361" count="0" type="stmt"/>
          <line num="362" count="0" type="stmt"/>
          <line num="365" count="0" type="stmt"/>
          <line num="367" count="0" type="stmt"/>
          <line num="373" count="0" type="stmt"/>
          <line num="375" count="0" type="stmt"/>
          <line num="379" count="0" type="stmt"/>
          <line num="381" count="0" type="cond" truecount="0" falsecount="2"/>
          <line num="382" count="0" type="stmt"/>
          <line num="383" count="0" type="stmt"/>
          <line num="385" count="0" type="cond" truecount="0" falsecount="5"/>
          <line num="386" count="0" type="stmt"/>
          <line num="387" count="0" type="stmt"/>
          <line num="389" count="0" type="cond" truecount="0" falsecount="2"/>
          <line num="390" count="0" type="stmt"/>
          <line num="391" count="0" type="stmt"/>
          <line num="393" count="0" type="cond" truecount="0" falsecount="5"/>
          <line num="394" count="0" type="stmt"/>
          <line num="395" count="0" type="stmt"/>
          <line num="397" count="0" type="cond" truecount="0" falsecount="5"/>
          <line num="398" count="0" type="stmt"/>
          <line num="399" count="0" type="stmt"/>
          <line num="402" count="0" type="cond" truecount="0" falsecount="2"/>
          <line num="403" count="0" type="cond" truecount="0" falsecount="2"/>
          <line num="405" count="0" type="stmt"/>
          <line num="409" count="0" type="stmt"/>
          <line num="410" count="0" type="stmt"/>
          <line num="411" count="0" type="stmt"/>
          <line num="412" count="0" type="stmt"/>
          <line num="413" count="0" type="cond" truecount="0" falsecount="4"/>
          <line num="414" count="0" type="stmt"/>
          <line num="415" count="0" type="stmt"/>
          <line num="436" count="0" type="cond" truecount="0" falsecount="2"/>
          <line num="437" count="0" type="stmt"/>
          <line num="438" count="0" type="stmt"/>
          <line num="441" count="0" type="cond" truecount="0" falsecount="2"/>
          <line num="442" count="0" type="stmt"/>
          <line num="443" count="0" type="stmt"/>
          <line num="446" count="0" type="stmt"/>
          <line num="449" count="0" type="stmt"/>
          <line num="457" count="0" type="stmt"/>
          <line num="471" count="0" type="stmt"/>
          <line num="472" count="0" type="stmt"/>
          <line num="473" count="0" type="cond" truecount="0" falsecount="2"/>
          <line num="474" count="0" type="stmt"/>
          <line num="475" count="0" type="cond" truecount="0" falsecount="2"/>
          <line num="476" count="0" type="stmt"/>
          <line num="481" count="0" type="stmt"/>
          <line num="487" count="0" type="stmt"/>
          <line num="489" count="0" type="stmt"/>
          <line num="490" count="0" type="stmt"/>
          <line num="491" count="0" type="stmt"/>
          <line num="492" count="0" type="stmt"/>
          <line num="493" count="0" type="stmt"/>
          <line num="494" count="0" type="stmt"/>
          <line num="495" count="0" type="cond" truecount="0" falsecount="4"/>
          <line num="496" count="0" type="stmt"/>
          <line num="498" count="0" type="stmt"/>
          <line num="499" count="0" type="stmt"/>
          <line num="500" count="0" type="stmt"/>
          <line num="502" count="0" type="cond" truecount="0" falsecount="2"/>
          <line num="503" count="0" type="stmt"/>
          <line num="504" count="0" type="stmt"/>
          <line num="505" count="0" type="stmt"/>
          <line num="506" count="0" type="stmt"/>
          <line num="507" count="0" type="stmt"/>
          <line num="511" count="0" type="cond" truecount="0" falsecount="4"/>
          <line num="512" count="0" type="stmt"/>
          <line num="514" count="0" type="stmt"/>
          <line num="517" count="0" type="stmt"/>
          <line num="520" count="0" type="stmt"/>
          <line num="521" count="0" type="stmt"/>
          <line num="524" count="0" type="stmt"/>
          <line num="527" count="0" type="stmt"/>
          <line num="528" count="0" type="stmt"/>
          <line num="531" count="0" type="cond" truecount="0" falsecount="4"/>
          <line num="532" count="0" type="stmt"/>
          <line num="534" count="0" type="stmt"/>
          <line num="537" count="0" type="cond" truecount="0" falsecount="4"/>
          <line num="538" count="0" type="stmt"/>
          <line num="540" count="0" type="stmt"/>
          <line num="543" count="0" type="cond" truecount="0" falsecount="4"/>
          <line num="544" count="0" type="stmt"/>
          <line num="546" count="0" type="stmt"/>
          <line num="549" count="0" type="stmt"/>
          <line num="550" count="0" type="stmt"/>
          <line num="551" count="0" type="stmt"/>
          <line num="552" count="0" type="stmt"/>
          <line num="553" count="0" type="stmt"/>
          <line num="554" count="0" type="stmt"/>
          <line num="555" count="0" type="stmt"/>
          <line num="556" count="0" type="stmt"/>
          <line num="557" count="0" type="cond" truecount="0" falsecount="2"/>
          <line num="558" count="0" type="stmt"/>
          <line num="560" count="0" type="stmt"/>
          <line num="561" count="0" type="cond" truecount="0" falsecount="2"/>
          <line num="562" count="0" type="stmt"/>
          <line num="566" count="0" type="stmt"/>
          <line num="569" count="0" type="stmt"/>
          <line num="571" count="0" type="stmt"/>
          <line num="572" count="0" type="stmt"/>
          <line num="573" count="0" type="stmt"/>
          <line num="580" count="0" type="stmt"/>
          <line num="581" count="0" type="stmt"/>
          <line num="582" count="0" type="stmt"/>
          <line num="583" count="0" type="stmt"/>
          <line num="584" count="0" type="stmt"/>
          <line num="585" count="0" type="stmt"/>
          <line num="586" count="0" type="stmt"/>
          <line num="590" count="0" type="stmt"/>
          <line num="591" count="0" type="stmt"/>
          <line num="592" count="0" type="stmt"/>
          <line num="594" count="0" type="stmt"/>
          <line num="601" count="0" type="stmt"/>
          <line num="602" count="0" type="stmt"/>
          <line num="603" count="0" type="stmt"/>
          <line num="604" count="0" type="stmt"/>
          <line num="606" count="0" type="stmt"/>
          <line num="613" count="0" type="stmt"/>
          <line num="614" count="0" type="stmt"/>
          <line num="615" count="0" type="stmt"/>
          <line num="616" count="0" type="stmt"/>
          <line num="618" count="0" type="stmt"/>
          <line num="619" count="0" type="stmt"/>
          <line num="620" count="0" type="stmt"/>
          <line num="621" count="0" type="stmt"/>
          <line num="622" count="0" type="stmt"/>
          <line num="623" count="0" type="stmt"/>
          <line num="624" count="0" type="stmt"/>
          <line num="629" count="0" type="stmt"/>
          <line num="630" count="0" type="stmt"/>
          <line num="631" count="0" type="stmt"/>
          <line num="632" count="0" type="stmt"/>
          <line num="633" count="0" type="stmt"/>
          <line num="637" count="0" type="stmt"/>
          <line num="638" count="0" type="stmt"/>
          <line num="640" count="0" type="stmt"/>
          <line num="644" count="0" type="cond" truecount="0" falsecount="4"/>
          <line num="645" count="0" type="stmt"/>
          <line num="646" count="0" type="stmt"/>
          <line num="647" count="0" type="stmt"/>
          <line num="648" count="0" type="cond" truecount="0" falsecount="2"/>
          <line num="649" count="0" type="stmt"/>
          <line num="650" count="0" type="cond" truecount="0" falsecount="2"/>
          <line num="651" count="0" type="stmt"/>
          <line num="653" count="0" type="cond" truecount="0" falsecount="2"/>
          <line num="654" count="0" type="stmt"/>
          <line num="655" count="0" type="cond" truecount="0" falsecount="2"/>
          <line num="656" count="0" type="stmt"/>
          <line num="661" count="0" type="stmt"/>
          <line num="662" count="0" type="stmt"/>
          <line num="663" count="0" type="stmt"/>
          <line num="664" count="0" type="stmt"/>
          <line num="666" count="0" type="stmt"/>
          <line num="667" count="0" type="stmt"/>
          <line num="668" count="0" type="stmt"/>
          <line num="669" count="0" type="stmt"/>
          <line num="671" count="0" type="stmt"/>
          <line num="672" count="0" type="stmt"/>
          <line num="673" count="0" type="stmt"/>
          <line num="674" count="0" type="stmt"/>
          <line num="676" count="0" type="stmt"/>
          <line num="677" count="0" type="stmt"/>
          <line num="678" count="0" type="stmt"/>
          <line num="679" count="0" type="stmt"/>
          <line num="680" count="0" type="stmt"/>
          <line num="681" count="0" type="stmt"/>
          <line num="682" count="0" type="stmt"/>
          <line num="683" count="0" type="stmt"/>
          <line num="684" count="0" type="stmt"/>
          <line num="685" count="0" type="stmt"/>
          <line num="692" count="0" type="stmt"/>
          <line num="703" count="0" type="cond" truecount="0" falsecount="2"/>
          <line num="704" count="0" type="stmt"/>
          <line num="709" count="0" type="cond" truecount="0" falsecount="2"/>
          <line num="710" count="0" type="cond" truecount="0" falsecount="2"/>
          <line num="711" count="0" type="cond" truecount="0" falsecount="2"/>
          <line num="716" count="0" type="cond" truecount="0" falsecount="10"/>
          <line num="717" count="0" type="stmt"/>
        </file>
        <file name="battle.vue" path="E:\work\wikimoeCardByNodeJS-2.12.0\view\src\app\components\battle.vue">
          <metrics statements="507" coveredstatements="0" conditionals="210" coveredconditionals="0" methods="27" coveredmethods="0"/>
          <line num="1" count="0" type="stmt"/>
          <line num="4" count="0" type="stmt"/>
          <line num="8" count="0" type="stmt"/>
          <line num="10" count="0" type="stmt"/>
          <line num="12" count="0" type="stmt"/>
          <line num="14" count="0" type="cond" truecount="0" falsecount="8"/>
          <line num="26" count="0" type="stmt"/>
          <line num="33" count="0" type="stmt"/>
          <line num="39" count="0" type="stmt"/>
          <line num="44" count="0" type="stmt"/>
          <line num="45" count="0" type="stmt"/>
          <line num="48" count="0" type="cond" truecount="0" falsecount="2"/>
          <line num="49" count="0" type="stmt"/>
          <line num="50" count="0" type="stmt"/>
          <line num="54" count="0" type="stmt"/>
          <line num="55" count="0" type="stmt"/>
          <line num="56" count="0" type="stmt"/>
          <line num="58" count="0" type="stmt"/>
          <line num="59" count="0" type="stmt"/>
          <line num="60" count="0" type="stmt"/>
          <line num="61" count="0" type="cond" truecount="0" falsecount="2"/>
          <line num="62" count="0" type="stmt"/>
          <line num="63" count="0" type="stmt"/>
          <line num="66" count="0" type="cond" truecount="0" falsecount="2"/>
          <line num="67" count="0" type="stmt"/>
          <line num="70" count="0" type="stmt"/>
          <line num="73" count="0" type="stmt"/>
          <line num="75" count="0" type="stmt"/>
          <line num="76" count="0" type="stmt"/>
          <line num="77" count="0" type="stmt"/>
          <line num="78" count="0" type="stmt"/>
          <line num="79" count="0" type="stmt"/>
          <line num="80" count="0" type="stmt"/>
          <line num="83" count="0" type="stmt"/>
          <line num="84" count="0" type="stmt"/>
          <line num="86" count="0" type="stmt"/>
          <line num="87" count="0" type="stmt"/>
          <line num="88" count="0" type="stmt"/>
          <line num="89" count="0" type="stmt"/>
          <line num="90" count="0" type="stmt"/>
          <line num="91" count="0" type="stmt"/>
          <line num="92" count="0" type="stmt"/>
          <line num="93" count="0" type="stmt"/>
          <line num="94" count="0" type="stmt"/>
          <line num="95" count="0" type="stmt"/>
          <line num="96" count="0" type="stmt"/>
          <line num="97" count="0" type="stmt"/>
          <line num="98" count="0" type="stmt"/>
          <line num="99" count="0" type="stmt"/>
          <line num="100" count="0" type="stmt"/>
          <line num="102" count="0" type="stmt"/>
          <line num="104" count="0" type="stmt"/>
          <line num="106" count="0" type="stmt"/>
          <line num="107" count="0" type="stmt"/>
          <line num="108" count="0" type="stmt"/>
          <line num="109" count="0" type="stmt"/>
          <line num="111" count="0" type="stmt"/>
          <line num="112" count="0" type="stmt"/>
          <line num="113" count="0" type="stmt"/>
          <line num="114" count="0" type="stmt"/>
          <line num="115" count="0" type="stmt"/>
          <line num="116" count="0" type="stmt"/>
          <line num="117" count="0" type="stmt"/>
          <line num="118" count="0" type="stmt"/>
          <line num="119" count="0" type="stmt"/>
          <line num="122" count="0" type="stmt"/>
          <line num="123" count="0" type="stmt"/>
          <line num="124" count="0" type="stmt"/>
          <line num="126" count="0" type="stmt"/>
          <line num="127" count="0" type="cond" truecount="0" falsecount="2"/>
          <line num="128" count="0" type="stmt"/>
          <line num="130" count="0" type="stmt"/>
          <line num="132" count="0" type="stmt"/>
          <line num="134" count="0" type="stmt"/>
          <line num="135" count="0" type="stmt"/>
          <line num="136" count="0" type="stmt"/>
          <line num="137" count="0" type="stmt"/>
          <line num="138" count="0" type="stmt"/>
          <line num="139" count="0" type="stmt"/>
          <line num="141" count="0" type="stmt"/>
          <line num="142" count="0" type="stmt"/>
          <line num="143" count="0" type="stmt"/>
          <line num="144" count="0" type="stmt"/>
          <line num="145" count="0" type="stmt"/>
          <line num="146" count="0" type="stmt"/>
          <line num="148" count="0" type="stmt"/>
          <line num="149" count="0" type="stmt"/>
          <line num="150" count="0" type="stmt"/>
          <line num="151" count="0" type="stmt"/>
          <line num="152" count="0" type="stmt"/>
          <line num="153" count="0" type="stmt"/>
          <line num="154" count="0" type="stmt"/>
          <line num="155" count="0" type="stmt"/>
          <line num="157" count="0" type="stmt"/>
          <line num="158" count="0" type="stmt"/>
          <line num="160" count="0" type="stmt"/>
          <line num="161" count="0" type="stmt"/>
          <line num="162" count="0" type="stmt"/>
          <line num="163" count="0" type="stmt"/>
          <line num="164" count="0" type="stmt"/>
          <line num="165" count="0" type="stmt"/>
          <line num="166" count="0" type="stmt"/>
          <line num="167" count="0" type="stmt"/>
          <line num="169" count="0" type="stmt"/>
          <line num="170" count="0" type="stmt"/>
          <line num="172" count="0" type="stmt"/>
          <line num="173" count="0" type="stmt"/>
          <line num="174" count="0" type="stmt"/>
          <line num="175" count="0" type="stmt"/>
          <line num="176" count="0" type="stmt"/>
          <line num="180" count="0" type="stmt"/>
          <line num="181" count="0" type="stmt"/>
          <line num="182" count="0" type="stmt"/>
          <line num="183" count="0" type="cond" truecount="0" falsecount="2"/>
          <line num="184" count="0" type="stmt"/>
          <line num="185" count="0" type="cond" truecount="0" falsecount="2"/>
          <line num="186" count="0" type="stmt"/>
          <line num="188" count="0" type="stmt"/>
          <line num="190" count="0" type="stmt"/>
          <line num="191" count="0" type="cond" truecount="0" falsecount="2"/>
          <line num="192" count="0" type="stmt"/>
          <line num="194" count="0" type="cond" truecount="0" falsecount="2"/>
          <line num="195" count="0" type="stmt"/>
          <line num="196" count="0" type="stmt"/>
          <line num="198" count="0" type="cond" truecount="0" falsecount="2"/>
          <line num="200" count="0" type="stmt"/>
          <line num="201" count="0" type="stmt"/>
          <line num="202" count="0" type="stmt"/>
          <line num="203" count="0" type="stmt"/>
          <line num="204" count="0" type="stmt"/>
          <line num="205" count="0" type="stmt"/>
          <line num="206" count="0" type="stmt"/>
          <line num="208" count="0" type="stmt"/>
          <line num="209" count="0" type="stmt"/>
          <line num="210" count="0" type="stmt"/>
          <line num="211" count="0" type="stmt"/>
          <line num="212" count="0" type="stmt"/>
          <line num="213" count="0" type="stmt"/>
          <line num="214" count="0" type="stmt"/>
          <line num="216" count="0" type="stmt"/>
          <line num="217" count="0" type="stmt"/>
          <line num="218" count="0" type="stmt"/>
          <line num="219" count="0" type="stmt"/>
          <line num="220" count="0" type="stmt"/>
          <line num="221" count="0" type="stmt"/>
          <line num="222" count="0" type="stmt"/>
          <line num="225" count="0" type="stmt"/>
          <line num="241" count="0" type="stmt"/>
          <line num="243" count="0" type="stmt"/>
          <line num="244" count="0" type="stmt"/>
          <line num="248" count="0" type="stmt"/>
          <line num="250" count="0" type="stmt"/>
          <line num="251" count="0" type="stmt"/>
          <line num="252" count="0" type="stmt"/>
          <line num="253" count="0" type="stmt"/>
          <line num="255" count="0" type="stmt"/>
          <line num="256" count="0" type="stmt"/>
          <line num="257" count="0" type="stmt"/>
          <line num="258" count="0" type="stmt"/>
          <line num="260" count="0" type="stmt"/>
          <line num="261" count="0" type="stmt"/>
          <line num="262" count="0" type="stmt"/>
          <line num="264" count="0" type="stmt"/>
          <line num="265" count="0" type="stmt"/>
          <line num="266" count="0" type="stmt"/>
          <line num="267" count="0" type="stmt"/>
          <line num="269" count="0" type="stmt"/>
          <line num="270" count="0" type="stmt"/>
          <line num="271" count="0" type="stmt"/>
          <line num="272" count="0" type="stmt"/>
          <line num="274" count="0" type="stmt"/>
          <line num="275" count="0" type="stmt"/>
          <line num="276" count="0" type="stmt"/>
          <line num="278" count="0" type="stmt"/>
          <line num="279" count="0" type="stmt"/>
          <line num="280" count="0" type="stmt"/>
          <line num="282" count="0" type="stmt"/>
          <line num="284" count="0" type="stmt"/>
          <line num="285" count="0" type="stmt"/>
          <line num="286" count="0" type="stmt"/>
          <line num="287" count="0" type="stmt"/>
          <line num="288" count="0" type="stmt"/>
          <line num="290" count="0" type="stmt"/>
          <line num="291" count="0" type="stmt"/>
          <line num="292" count="0" type="stmt"/>
          <line num="293" count="0" type="stmt"/>
          <line num="294" count="0" type="stmt"/>
          <line num="296" count="0" type="stmt"/>
          <line num="297" count="0" type="stmt"/>
          <line num="298" count="0" type="stmt"/>
          <line num="299" count="0" type="stmt"/>
          <line num="300" count="0" type="stmt"/>
          <line num="303" count="0" type="stmt"/>
          <line num="304" count="0" type="stmt"/>
          <line num="305" count="0" type="stmt"/>
          <line num="306" count="0" type="stmt"/>
          <line num="307" count="0" type="stmt"/>
          <line num="311" count="0" type="stmt"/>
          <line num="312" count="0" type="stmt"/>
          <line num="314" count="0" type="stmt"/>
          <line num="315" count="0" type="stmt"/>
          <line num="316" count="0" type="stmt"/>
          <line num="317" count="0" type="stmt"/>
          <line num="320" count="0" type="stmt"/>
          <line num="332" count="0" type="stmt"/>
          <line num="335" count="0" type="cond" truecount="0" falsecount="2"/>
          <line num="336" count="0" type="stmt"/>
          <line num="337" count="0" type="cond" truecount="0" falsecount="2"/>
          <line num="338" count="0" type="stmt"/>
          <line num="339" count="0" type="stmt"/>
          <line num="341" count="0" type="cond" truecount="0" falsecount="2"/>
          <line num="342" count="0" type="cond" truecount="0" falsecount="2"/>
          <line num="344" count="0" type="stmt"/>
          <line num="347" count="0" type="stmt"/>
          <line num="349" count="0" type="cond" truecount="0" falsecount="4"/>
          <line num="350" count="0" type="stmt"/>
          <line num="351" count="0" type="cond" truecount="0" falsecount="2"/>
          <line num="352" count="0" type="stmt"/>
          <line num="353" count="0" type="stmt"/>
          <line num="355" count="0" type="stmt"/>
          <line num="356" count="0" type="stmt"/>
          <line num="357" count="0" type="stmt"/>
          <line num="362" count="0" type="stmt"/>
          <line num="363" count="0" type="cond" truecount="0" falsecount="2"/>
          <line num="364" count="0" type="cond" truecount="0" falsecount="2"/>
          <line num="365" count="0" type="stmt"/>
          <line num="366" count="0" type="stmt"/>
          <line num="367" count="0" type="stmt"/>
          <line num="369" count="0" type="stmt"/>
          <line num="371" count="0" type="cond" truecount="0" falsecount="2"/>
          <line num="372" count="0" type="stmt"/>
          <line num="373" count="0" type="stmt"/>
          <line num="374" count="0" type="stmt"/>
          <line num="376" count="0" type="stmt"/>
          <line num="378" count="0" type="stmt"/>
          <line num="381" count="0" type="cond" truecount="0" falsecount="4"/>
          <line num="383" count="0" type="stmt"/>
          <line num="384" count="0" type="stmt"/>
          <line num="385" count="0" type="stmt"/>
          <line num="386" count="0" type="stmt"/>
          <line num="387" count="0" type="stmt"/>
          <line num="388" count="0" type="stmt"/>
          <line num="389" count="0" type="stmt"/>
          <line num="390" count="0" type="stmt"/>
          <line num="391" count="0" type="stmt"/>
          <line num="392" count="0" type="stmt"/>
          <line num="393" count="0" type="stmt"/>
          <line num="394" count="0" type="stmt"/>
          <line num="396" count="0" type="stmt"/>
          <line num="397" count="0" type="stmt"/>
          <line num="398" count="0" type="stmt"/>
          <line num="399" count="0" type="stmt"/>
          <line num="402" count="0" type="stmt"/>
          <line num="403" count="0" type="stmt"/>
          <line num="411" count="0" type="cond" truecount="0" falsecount="2"/>
          <line num="413" count="0" type="stmt"/>
          <line num="415" count="0" type="stmt"/>
          <line num="416" count="0" type="stmt"/>
          <line num="417" count="0" type="stmt"/>
          <line num="418" count="0" type="stmt"/>
          <line num="419" count="0" type="stmt"/>
          <line num="420" count="0" type="cond" truecount="0" falsecount="4"/>
          <line num="421" count="0" type="stmt"/>
          <line num="422" count="0" type="stmt"/>
          <line num="423" count="0" type="cond" truecount="0" falsecount="2"/>
          <line num="424" count="0" type="stmt"/>
          <line num="426" count="0" type="cond" truecount="0" falsecount="2"/>
          <line num="427" count="0" type="stmt"/>
          <line num="428" count="0" type="cond" truecount="0" falsecount="2"/>
          <line num="429" count="0" type="stmt"/>
          <line num="431" count="0" type="stmt"/>
          <line num="432" count="0" type="stmt"/>
          <line num="433" count="0" type="stmt"/>
          <line num="436" count="0" type="stmt"/>
          <line num="437" count="0" type="stmt"/>
          <line num="438" count="0" type="stmt"/>
          <line num="441" count="0" type="cond" truecount="0" falsecount="2"/>
          <line num="442" count="0" type="cond" truecount="0" falsecount="2"/>
          <line num="443" count="0" type="stmt"/>
          <line num="444" count="0" type="cond" truecount="0" falsecount="2"/>
          <line num="445" count="0" type="stmt"/>
          <line num="449" count="0" type="cond" truecount="0" falsecount="2"/>
          <line num="450" count="0" type="cond" truecount="0" falsecount="2"/>
          <line num="451" count="0" type="stmt"/>
          <line num="452" count="0" type="cond" truecount="0" falsecount="2"/>
          <line num="453" count="0" type="stmt"/>
          <line num="454" count="0" type="cond" truecount="0" falsecount="2"/>
          <line num="455" count="0" type="stmt"/>
          <line num="461" count="0" type="cond" truecount="0" falsecount="2"/>
          <line num="462" count="0" type="stmt"/>
          <line num="464" count="0" type="cond" truecount="0" falsecount="2"/>
          <line num="465" count="0" type="stmt"/>
          <line num="468" count="0" type="stmt"/>
          <line num="469" count="0" type="stmt"/>
          <line num="470" count="0" type="stmt"/>
          <line num="471" count="0" type="stmt"/>
          <line num="472" count="0" type="stmt"/>
          <line num="473" count="0" type="stmt"/>
          <line num="474" count="0" type="cond" truecount="0" falsecount="4"/>
          <line num="475" count="0" type="stmt"/>
          <line num="476" count="0" type="stmt"/>
          <line num="477" count="0" type="cond" truecount="0" falsecount="2"/>
          <line num="478" count="0" type="stmt"/>
          <line num="480" count="0" type="cond" truecount="0" falsecount="2"/>
          <line num="481" count="0" type="stmt"/>
          <line num="482" count="0" type="cond" truecount="0" falsecount="2"/>
          <line num="483" count="0" type="stmt"/>
          <line num="485" count="0" type="stmt"/>
          <line num="486" count="0" type="stmt"/>
          <line num="487" count="0" type="stmt"/>
          <line num="490" count="0" type="stmt"/>
          <line num="491" count="0" type="stmt"/>
          <line num="492" count="0" type="stmt"/>
          <line num="494" count="0" type="cond" truecount="0" falsecount="2"/>
          <line num="495" count="0" type="cond" truecount="0" falsecount="2"/>
          <line num="496" count="0" type="stmt"/>
          <line num="497" count="0" type="cond" truecount="0" falsecount="2"/>
          <line num="498" count="0" type="stmt"/>
          <line num="504" count="0" type="cond" truecount="0" falsecount="2"/>
          <line num="505" count="0" type="cond" truecount="0" falsecount="2"/>
          <line num="506" count="0" type="stmt"/>
          <line num="507" count="0" type="cond" truecount="0" falsecount="2"/>
          <line num="508" count="0" type="stmt"/>
          <line num="509" count="0" type="cond" truecount="0" falsecount="2"/>
          <line num="510" count="0" type="stmt"/>
          <line num="516" count="0" type="cond" truecount="0" falsecount="2"/>
          <line num="517" count="0" type="stmt"/>
          <line num="519" count="0" type="cond" truecount="0" falsecount="2"/>
          <line num="520" count="0" type="stmt"/>
          <line num="569" count="0" type="stmt"/>
          <line num="570" count="0" type="stmt"/>
          <line num="572" count="0" type="stmt"/>
          <line num="573" count="0" type="stmt"/>
          <line num="574" count="0" type="cond" truecount="0" falsecount="2"/>
          <line num="575" count="0" type="stmt"/>
          <line num="576" count="0" type="stmt"/>
          <line num="578" count="0" type="stmt"/>
          <line num="579" count="0" type="cond" truecount="0" falsecount="2"/>
          <line num="580" count="0" type="stmt"/>
          <line num="583" count="0" type="stmt"/>
          <line num="584" count="0" type="cond" truecount="0" falsecount="2"/>
          <line num="585" count="0" type="stmt"/>
          <line num="588" count="0" type="stmt"/>
          <line num="589" count="0" type="stmt"/>
          <line num="590" count="0" type="stmt"/>
          <line num="591" count="0" type="stmt"/>
          <line num="593" count="0" type="stmt"/>
          <line num="594" count="0" type="stmt"/>
          <line num="595" count="0" type="stmt"/>
          <line num="596" count="0" type="stmt"/>
          <line num="598" count="0" type="stmt"/>
          <line num="599" count="0" type="stmt"/>
          <line num="601" count="0" type="stmt"/>
          <line num="602" count="0" type="cond" truecount="0" falsecount="2"/>
          <line num="603" count="0" type="stmt"/>
          <line num="606" count="0" type="stmt"/>
          <line num="607" count="0" type="cond" truecount="0" falsecount="2"/>
          <line num="608" count="0" type="stmt"/>
          <line num="611" count="0" type="stmt"/>
          <line num="612" count="0" type="stmt"/>
          <line num="613" count="0" type="stmt"/>
          <line num="614" count="0" type="stmt"/>
          <line num="616" count="0" type="stmt"/>
          <line num="617" count="0" type="stmt"/>
          <line num="618" count="0" type="stmt"/>
          <line num="619" count="0" type="stmt"/>
          <line num="623" count="0" type="stmt"/>
          <line num="624" count="0" type="stmt"/>
          <line num="625" count="0" type="cond" truecount="0" falsecount="2"/>
          <line num="626" count="0" type="cond" truecount="0" falsecount="2"/>
          <line num="627" count="0" type="stmt"/>
          <line num="628" count="0" type="stmt"/>
          <line num="630" count="0" type="cond" truecount="0" falsecount="2"/>
          <line num="631" count="0" type="stmt"/>
          <line num="632" count="0" type="cond" truecount="0" falsecount="2"/>
          <line num="633" count="0" type="stmt"/>
          <line num="634" count="0" type="stmt"/>
          <line num="637" count="0" type="stmt"/>
          <line num="638" count="0" type="cond" truecount="0" falsecount="2"/>
          <line num="639" count="0" type="stmt"/>
          <line num="640" count="0" type="stmt"/>
          <line num="641" count="0" type="cond" truecount="0" falsecount="4"/>
          <line num="642" count="0" type="stmt"/>
          <line num="643" count="0" type="stmt"/>
          <line num="645" count="0" type="stmt"/>
          <line num="646" count="0" type="cond" truecount="0" falsecount="2"/>
          <line num="647" count="0" type="stmt"/>
          <line num="649" count="0" type="stmt"/>
          <line num="651" count="0" type="stmt"/>
          <line num="655" count="0" type="cond" truecount="0" falsecount="2"/>
          <line num="656" count="0" type="stmt"/>
          <line num="657" count="0" type="stmt"/>
          <line num="659" count="0" type="cond" truecount="0" falsecount="2"/>
          <line num="660" count="0" type="stmt"/>
          <line num="661" count="0" type="cond" truecount="0" falsecount="2"/>
          <line num="662" count="0" type="stmt"/>
          <line num="663" count="0" type="stmt"/>
          <line num="666" count="0" type="stmt"/>
          <line num="667" count="0" type="cond" truecount="0" falsecount="4"/>
          <line num="668" count="0" type="stmt"/>
          <line num="669" count="0" type="stmt"/>
          <line num="670" count="0" type="cond" truecount="0" falsecount="4"/>
          <line num="671" count="0" type="stmt"/>
          <line num="672" count="0" type="stmt"/>
          <line num="674" count="0" type="stmt"/>
          <line num="675" count="0" type="cond" truecount="0" falsecount="2"/>
          <line num="676" count="0" type="stmt"/>
          <line num="678" count="0" type="stmt"/>
          <line num="680" count="0" type="stmt"/>
          <line num="686" count="0" type="stmt"/>
          <line num="687" count="0" type="stmt"/>
          <line num="688" count="0" type="stmt"/>
          <line num="689" count="0" type="stmt"/>
          <line num="690" count="0" type="cond" truecount="0" falsecount="2"/>
          <line num="691" count="0" type="stmt"/>
          <line num="692" count="0" type="stmt"/>
          <line num="694" count="0" type="stmt"/>
          <line num="695" count="0" type="cond" truecount="0" falsecount="2"/>
          <line num="696" count="0" type="stmt"/>
          <line num="697" count="0" type="cond" truecount="0" falsecount="2"/>
          <line num="699" count="0" type="stmt"/>
          <line num="700" count="0" type="stmt"/>
          <line num="702" count="0" type="cond" truecount="0" falsecount="4"/>
          <line num="704" count="0" type="stmt"/>
          <line num="705" count="0" type="stmt"/>
          <line num="707" count="0" type="stmt"/>
          <line num="713" count="0" type="cond" truecount="0" falsecount="4"/>
          <line num="714" count="0" type="stmt"/>
          <line num="715" count="0" type="cond" truecount="0" falsecount="2"/>
          <line num="716" count="0" type="stmt"/>
          <line num="718" count="0" type="cond" truecount="0" falsecount="2"/>
          <line num="719" count="0" type="cond" truecount="0" falsecount="2"/>
          <line num="720" count="0" type="stmt"/>
          <line num="722" count="0" type="stmt"/>
          <line num="723" count="0" type="stmt"/>
          <line num="724" count="0" type="stmt"/>
          <line num="728" count="0" type="stmt"/>
          <line num="729" count="0" type="stmt"/>
          <line num="731" count="0" type="stmt"/>
          <line num="732" count="0" type="stmt"/>
          <line num="733" count="0" type="stmt"/>
          <line num="735" count="0" type="stmt"/>
          <line num="736" count="0" type="stmt"/>
          <line num="738" count="0" type="stmt"/>
          <line num="739" count="0" type="stmt"/>
          <line num="740" count="0" type="stmt"/>
          <line num="742" count="0" type="stmt"/>
          <line num="743" count="0" type="stmt"/>
          <line num="745" count="0" type="stmt"/>
          <line num="746" count="0" type="stmt"/>
          <line num="748" count="0" type="stmt"/>
          <line num="750" count="0" type="stmt"/>
          <line num="751" count="0" type="stmt"/>
          <line num="752" count="0" type="stmt"/>
          <line num="754" count="0" type="stmt"/>
          <line num="755" count="0" type="stmt"/>
          <line num="756" count="0" type="stmt"/>
          <line num="758" count="0" type="stmt"/>
          <line num="759" count="0" type="stmt"/>
          <line num="761" count="0" type="stmt"/>
          <line num="762" count="0" type="stmt"/>
          <line num="764" count="0" type="stmt"/>
          <line num="767" count="0" type="cond" truecount="0" falsecount="2"/>
          <line num="768" count="0" type="stmt"/>
          <line num="769" count="0" type="stmt"/>
          <line num="771" count="0" type="cond" truecount="0" falsecount="2"/>
          <line num="772" count="0" type="stmt"/>
          <line num="773" count="0" type="stmt"/>
          <line num="775" count="0" type="cond" truecount="0" falsecount="4"/>
          <line num="776" count="0" type="stmt"/>
          <line num="777" count="0" type="stmt"/>
          <line num="779" count="0" type="stmt"/>
          <line num="780" count="0" type="stmt"/>
          <line num="783" count="0" type="stmt"/>
          <line num="785" count="0" type="cond" truecount="0" falsecount="2"/>
          <line num="786" count="0" type="cond" truecount="0" falsecount="2"/>
          <line num="787" count="0" type="stmt"/>
          <line num="788" count="0" type="stmt"/>
          <line num="789" count="0" type="cond" truecount="0" falsecount="2"/>
          <line num="790" count="0" type="stmt"/>
          <line num="791" count="0" type="stmt"/>
          <line num="793" count="0" type="cond" truecount="0" falsecount="2"/>
          <line num="794" count="0" type="stmt"/>
          <line num="796" count="0" type="stmt"/>
          <line num="799" count="0" type="cond" truecount="0" falsecount="2"/>
          <line num="801" count="0" type="stmt"/>
          <line num="803" count="0" type="cond" truecount="0" falsecount="2"/>
          <line num="805" count="0" type="stmt"/>
          <line num="806" count="0" type="cond" truecount="0" falsecount="2"/>
          <line num="807" count="0" type="stmt"/>
          <line num="808" count="0" type="stmt"/>
          <line num="809" count="0" type="cond" truecount="0" falsecount="2"/>
          <line num="810" count="0" type="stmt"/>
          <line num="811" count="0" type="stmt"/>
          <line num="812" count="0" type="stmt"/>
          <line num="816" count="0" type="cond" truecount="0" falsecount="2"/>
          <line num="817" count="0" type="cond" truecount="0" falsecount="2"/>
          <line num="818" count="0" type="stmt"/>
          <line num="819" count="0" type="cond" truecount="0" falsecount="2"/>
          <line num="820" count="0" type="stmt"/>
          <line num="821" count="0" type="cond" truecount="0" falsecount="2"/>
          <line num="822" count="0" type="stmt"/>
          <line num="829" count="0" type="stmt"/>
          <line num="833" count="0" type="cond" truecount="0" falsecount="2"/>
          <line num="834" count="0" type="cond" truecount="0" falsecount="2"/>
          <line num="835" count="0" type="cond" truecount="0" falsecount="2"/>
          <line num="836" count="0" type="stmt"/>
        </file>
        <file name="captcha.vue" path="E:\work\wikimoeCardByNodeJS-2.12.0\view\src\app\components\captcha.vue">
          <metrics statements="12" coveredstatements="0" conditionals="10" coveredconditionals="0" methods="11" coveredmethods="0"/>
          <line num="1" count="0" type="stmt"/>
          <line num="4" count="0" type="stmt"/>
          <line num="34" count="0" type="stmt"/>
          <line num="42" count="0" type="stmt"/>
          <line num="51" count="0" type="stmt"/>
          <line num="54" count="0" type="stmt"/>
          <line num="59" count="0" type="stmt"/>
          <line num="62" count="0" type="stmt"/>
          <line num="67" count="0" type="cond" truecount="0" falsecount="2"/>
          <line num="68" count="0" type="cond" truecount="0" falsecount="2"/>
          <line num="69" count="0" type="cond" truecount="0" falsecount="6"/>
          <line num="70" count="0" type="stmt"/>
        </file>
        <file name="cardInfo.vue" path="E:\work\wikimoeCardByNodeJS-2.12.0\view\src\app\components\cardInfo.vue">
          <metrics statements="157" coveredstatements="0" conditionals="93" coveredconditionals="0" methods="40" coveredmethods="0"/>
          <line num="1" count="0" type="stmt"/>
          <line num="4" count="0" type="stmt"/>
          <line num="8" count="0" type="stmt"/>
          <line num="10" count="0" type="stmt"/>
          <line num="12" count="0" type="stmt"/>
          <line num="14" count="0" type="stmt"/>
          <line num="16" count="0" type="stmt"/>
          <line num="18" count="0" type="cond" truecount="0" falsecount="4"/>
          <line num="20" count="0" type="stmt"/>
          <line num="32" count="0" type="stmt"/>
          <line num="49" count="0" type="stmt"/>
          <line num="70" count="0" type="cond" truecount="0" falsecount="2"/>
          <line num="71" count="0" type="stmt"/>
          <line num="72" count="0" type="stmt"/>
          <line num="73" count="0" type="stmt"/>
          <line num="83" count="0" type="stmt"/>
          <line num="84" count="0" type="cond" truecount="0" falsecount="5"/>
          <line num="86" count="0" type="stmt"/>
          <line num="87" count="0" type="stmt"/>
          <line num="89" count="0" type="stmt"/>
          <line num="90" count="0" type="stmt"/>
          <line num="92" count="0" type="stmt"/>
          <line num="93" count="0" type="stmt"/>
          <line num="95" count="0" type="stmt"/>
          <line num="96" count="0" type="stmt"/>
          <line num="98" count="0" type="stmt"/>
          <line num="99" count="0" type="stmt"/>
          <line num="101" count="0" type="stmt"/>
          <line num="104" count="0" type="stmt"/>
          <line num="105" count="0" type="cond" truecount="0" falsecount="5"/>
          <line num="107" count="0" type="stmt"/>
          <line num="108" count="0" type="stmt"/>
          <line num="110" count="0" type="stmt"/>
          <line num="111" count="0" type="stmt"/>
          <line num="113" count="0" type="stmt"/>
          <line num="114" count="0" type="stmt"/>
          <line num="116" count="0" type="stmt"/>
          <line num="117" count="0" type="stmt"/>
          <line num="119" count="0" type="stmt"/>
          <line num="120" count="0" type="stmt"/>
          <line num="122" count="0" type="stmt"/>
          <line num="125" count="0" type="stmt"/>
          <line num="126" count="0" type="cond" truecount="0" falsecount="7"/>
          <line num="128" count="0" type="stmt"/>
          <line num="129" count="0" type="stmt"/>
          <line num="131" count="0" type="stmt"/>
          <line num="132" count="0" type="stmt"/>
          <line num="134" count="0" type="stmt"/>
          <line num="135" count="0" type="stmt"/>
          <line num="137" count="0" type="stmt"/>
          <line num="138" count="0" type="stmt"/>
          <line num="140" count="0" type="stmt"/>
          <line num="141" count="0" type="stmt"/>
          <line num="143" count="0" type="stmt"/>
          <line num="144" count="0" type="stmt"/>
          <line num="146" count="0" type="stmt"/>
          <line num="147" count="0" type="stmt"/>
          <line num="149" count="0" type="stmt"/>
          <line num="154" count="0" type="cond" truecount="0" falsecount="2"/>
          <line num="155" count="0" type="stmt"/>
          <line num="156" count="0" type="stmt"/>
          <line num="157" count="0" type="stmt"/>
          <line num="161" count="0" type="stmt"/>
          <line num="164" count="0" type="stmt"/>
          <line num="167" count="0" type="stmt"/>
          <line num="172" count="0" type="stmt"/>
          <line num="173" count="0" type="stmt"/>
          <line num="176" count="0" type="stmt"/>
          <line num="177" count="0" type="stmt"/>
          <line num="178" count="0" type="stmt"/>
          <line num="181" count="0" type="stmt"/>
          <line num="184" count="0" type="cond" truecount="0" falsecount="2"/>
          <line num="186" count="0" type="stmt"/>
          <line num="192" count="0" type="stmt"/>
          <line num="193" count="0" type="stmt"/>
          <line num="194" count="0" type="cond" truecount="0" falsecount="2"/>
          <line num="195" count="0" type="stmt"/>
          <line num="196" count="0" type="cond" truecount="0" falsecount="2"/>
          <line num="197" count="0" type="stmt"/>
          <line num="201" count="0" type="stmt"/>
          <line num="202" count="0" type="stmt"/>
          <line num="203" count="0" type="stmt"/>
          <line num="204" count="0" type="stmt"/>
          <line num="209" count="0" type="stmt"/>
          <line num="215" count="0" type="stmt"/>
          <line num="216" count="0" type="stmt"/>
          <line num="217" count="0" type="cond" truecount="0" falsecount="2"/>
          <line num="218" count="0" type="stmt"/>
          <line num="219" count="0" type="cond" truecount="0" falsecount="2"/>
          <line num="220" count="0" type="cond" truecount="0" falsecount="2"/>
          <line num="221" count="0" type="stmt"/>
          <line num="223" count="0" type="stmt"/>
          <line num="228" count="0" type="stmt"/>
          <line num="234" count="0" type="stmt"/>
          <line num="238" count="0" type="cond" truecount="0" falsecount="2"/>
          <line num="239" count="0" type="stmt"/>
          <line num="240" count="0" type="cond" truecount="0" falsecount="2"/>
          <line num="241" count="0" type="stmt"/>
          <line num="242" count="0" type="cond" truecount="0" falsecount="2"/>
          <line num="243" count="0" type="stmt"/>
          <line num="245" count="0" type="stmt"/>
          <line num="249" count="0" type="stmt"/>
          <line num="250" count="0" type="stmt"/>
          <line num="253" count="0" type="stmt"/>
          <line num="255" count="0" type="stmt"/>
          <line num="266" count="0" type="stmt"/>
          <line num="267" count="0" type="stmt"/>
          <line num="268" count="0" type="stmt"/>
          <line num="269" count="0" type="stmt"/>
          <line num="270" count="0" type="cond" truecount="0" falsecount="2"/>
          <line num="271" count="0" type="stmt"/>
          <line num="272" count="0" type="cond" truecount="0" falsecount="2"/>
          <line num="273" count="0" type="cond" truecount="0" falsecount="4"/>
          <line num="274" count="0" type="stmt"/>
          <line num="275" count="0" type="stmt"/>
          <line num="277" count="0" type="stmt"/>
          <line num="278" count="0" type="stmt"/>
          <line num="279" count="0" type="stmt"/>
          <line num="285" count="0" type="stmt"/>
          <line num="291" count="0" type="stmt"/>
          <line num="292" count="0" type="stmt"/>
          <line num="293" count="0" type="stmt"/>
          <line num="294" count="0" type="stmt"/>
          <line num="295" count="0" type="stmt"/>
          <line num="296" count="0" type="stmt"/>
          <line num="297" count="0" type="stmt"/>
          <line num="298" count="0" type="stmt"/>
          <line num="299" count="0" type="stmt"/>
          <line num="302" count="0" type="stmt"/>
          <line num="303" count="0" type="cond" truecount="0" falsecount="10"/>
          <line num="304" count="0" type="stmt"/>
          <line num="307" count="0" type="stmt"/>
          <line num="309" count="0" type="stmt"/>
          <line num="310" count="0" type="stmt"/>
          <line num="314" count="0" type="stmt"/>
          <line num="315" count="0" type="stmt"/>
          <line num="316" count="0" type="cond" truecount="0" falsecount="2"/>
          <line num="317" count="0" type="stmt"/>
          <line num="318" count="0" type="cond" truecount="0" falsecount="2"/>
          <line num="319" count="0" type="stmt"/>
          <line num="320" count="0" type="stmt"/>
          <line num="321" count="0" type="stmt"/>
          <line num="322" count="0" type="stmt"/>
          <line num="324" count="0" type="stmt"/>
          <line num="327" count="0" type="stmt"/>
          <line num="332" count="0" type="stmt"/>
          <line num="346" count="0" type="stmt"/>
          <line num="347" count="0" type="stmt"/>
          <line num="348" count="0" type="stmt"/>
          <line num="349" count="0" type="cond" truecount="0" falsecount="2"/>
          <line num="350" count="0" type="stmt"/>
          <line num="352" count="0" type="stmt"/>
          <line num="355" count="0" type="stmt"/>
          <line num="491" count="0" type="cond" truecount="0" falsecount="2"/>
          <line num="492" count="0" type="cond" truecount="0" falsecount="2"/>
          <line num="493" count="0" type="cond" truecount="0" falsecount="20"/>
          <line num="494" count="0" type="stmt"/>
        </file>
        <file name="decomposehead.vue" path="E:\work\wikimoeCardByNodeJS-2.12.0\view\src\app\components\decomposehead.vue">
          <metrics statements="9" coveredstatements="0" conditionals="6" coveredconditionals="0" methods="4" coveredmethods="0"/>
          <line num="1" count="0" type="stmt"/>
          <line num="4" count="0" type="stmt"/>
          <line num="15" count="0" type="stmt"/>
          <line num="17" count="0" type="stmt"/>
          <line num="24" count="0" type="stmt"/>
          <line num="29" count="0" type="cond" truecount="0" falsecount="2"/>
          <line num="30" count="0" type="cond" truecount="0" falsecount="2"/>
          <line num="31" count="0" type="cond" truecount="0" falsecount="2"/>
          <line num="32" count="0" type="stmt"/>
        </file>
        <file name="live2d.vue" path="E:\work\wikimoeCardByNodeJS-2.12.0\view\src\app\components\live2d.vue">
          <metrics statements="95" coveredstatements="0" conditionals="69" coveredconditionals="0" methods="17" coveredmethods="0"/>
          <line num="1" count="0" type="stmt"/>
          <line num="4" count="0" type="stmt"/>
          <line num="8" count="0" type="stmt"/>
          <line num="10" count="0" type="stmt"/>
          <line num="12" count="0" type="stmt"/>
          <line num="14" count="0" type="stmt"/>
          <line num="16" count="0" type="stmt"/>
          <line num="18" count="0" type="stmt"/>
          <line num="20" count="0" type="stmt"/>
          <line num="22" count="0" type="cond" truecount="0" falsecount="4"/>
          <line num="24" count="0" type="cond" truecount="0" falsecount="8"/>
          <line num="26" count="0" type="stmt"/>
          <line num="28" count="0" type="stmt"/>
          <line num="41" count="0" type="stmt"/>
          <line num="42" count="0" type="stmt"/>
          <line num="43" count="0" type="stmt"/>
          <line num="44" count="0" type="cond" truecount="0" falsecount="2"/>
          <line num="45" count="0" type="stmt"/>
          <line num="46" count="0" type="stmt"/>
          <line num="47" count="0" type="cond" truecount="0" falsecount="2"/>
          <line num="48" count="0" type="stmt"/>
          <line num="50" count="0" type="stmt"/>
          <line num="57" count="0" type="stmt"/>
          <line num="58" count="0" type="stmt"/>
          <line num="59" count="0" type="stmt"/>
          <line num="60" count="0" type="stmt"/>
          <line num="63" count="0" type="stmt"/>
          <line num="64" count="0" type="stmt"/>
          <line num="67" count="0" type="stmt"/>
          <line num="68" count="0" type="cond" truecount="0" falsecount="2"/>
          <line num="69" count="0" type="stmt"/>
          <line num="70" count="0" type="stmt"/>
          <line num="74" count="0" type="stmt"/>
          <line num="76" count="0" type="stmt"/>
          <line num="77" count="0" type="cond" truecount="0" falsecount="2"/>
          <line num="78" count="0" type="stmt"/>
          <line num="79" count="0" type="cond" truecount="0" falsecount="2"/>
          <line num="80" count="0" type="stmt"/>
          <line num="82" count="0" type="stmt"/>
          <line num="83" count="0" type="stmt"/>
          <line num="84" count="0" type="stmt"/>
          <line num="89" count="0" type="stmt"/>
          <line num="91" count="0" type="stmt"/>
          <line num="92" count="0" type="stmt"/>
          <line num="93" count="0" type="stmt"/>
          <line num="94" count="0" type="stmt"/>
          <line num="95" count="0" type="stmt"/>
          <line num="97" count="0" type="stmt"/>
          <line num="98" count="0" type="stmt"/>
          <line num="104" count="0" type="stmt"/>
          <line num="107" count="0" type="stmt"/>
          <line num="108" count="0" type="stmt"/>
          <line num="109" count="0" type="stmt"/>
          <line num="111" count="0" type="stmt"/>
          <line num="112" count="0" type="stmt"/>
          <line num="113" count="0" type="stmt"/>
          <line num="114" count="0" type="cond" truecount="0" falsecount="2"/>
          <line num="115" count="0" type="stmt"/>
          <line num="116" count="0" type="stmt"/>
          <line num="117" count="0" type="cond" truecount="0" falsecount="2"/>
          <line num="118" count="0" type="stmt"/>
          <line num="119" count="0" type="stmt"/>
          <line num="126" count="0" type="stmt"/>
          <line num="128" count="0" type="stmt"/>
          <line num="129" count="0" type="stmt"/>
          <line num="130" count="0" type="stmt"/>
          <line num="131" count="0" type="cond" truecount="0" falsecount="2"/>
          <line num="132" count="0" type="stmt"/>
          <line num="133" count="0" type="stmt"/>
          <line num="134" count="0" type="stmt"/>
          <line num="135" count="0" type="cond" truecount="0" falsecount="4"/>
          <line num="136" count="0" type="stmt"/>
          <line num="137" count="0" type="cond" truecount="0" falsecount="4"/>
          <line num="138" count="0" type="stmt"/>
          <line num="139" count="0" type="cond" truecount="0" falsecount="4"/>
          <line num="140" count="0" type="stmt"/>
          <line num="141" count="0" type="cond" truecount="0" falsecount="4"/>
          <line num="142" count="0" type="stmt"/>
          <line num="143" count="0" type="cond" truecount="0" falsecount="4"/>
          <line num="144" count="0" type="stmt"/>
          <line num="145" count="0" type="cond" truecount="0" falsecount="4"/>
          <line num="146" count="0" type="stmt"/>
          <line num="147" count="0" type="cond" truecount="0" falsecount="4"/>
          <line num="148" count="0" type="stmt"/>
          <line num="149" count="0" type="cond" truecount="0" falsecount="4"/>
          <line num="150" count="0" type="stmt"/>
          <line num="152" count="0" type="stmt"/>
          <line num="154" count="0" type="stmt"/>
          <line num="155" count="0" type="stmt"/>
          <line num="157" count="0" type="stmt"/>
          <line num="158" count="0" type="stmt"/>
          <line num="177" count="0" type="cond" truecount="0" falsecount="2"/>
          <line num="178" count="0" type="cond" truecount="0" falsecount="2"/>
          <line num="179" count="0" type="cond" truecount="0" falsecount="5"/>
          <line num="180" count="0" type="stmt"/>
        </file>
        <file name="marketCardList.vue" path="E:\work\wikimoeCardByNodeJS-2.12.0\view\src\app\components\marketCardList.vue">
          <metrics statements="35" coveredstatements="0" conditionals="18" coveredconditionals="0" methods="21" coveredmethods="0"/>
          <line num="1" count="0" type="stmt"/>
          <line num="4" count="0" type="stmt"/>
          <line num="8" count="0" type="stmt"/>
          <line num="10" count="0" type="stmt"/>
          <line num="38" count="0" type="stmt"/>
          <line num="50" count="0" type="stmt"/>
          <line num="53" count="0" type="stmt"/>
          <line num="54" count="0" type="stmt"/>
          <line num="57" count="0" type="stmt"/>
          <line num="59" count="0" type="stmt"/>
          <line num="60" count="0" type="stmt"/>
          <line num="61" count="0" type="stmt"/>
          <line num="62" count="0" type="stmt"/>
          <line num="66" count="0" type="stmt"/>
          <line num="67" count="0" type="stmt"/>
          <line num="70" count="0" type="stmt"/>
          <line num="71" count="0" type="stmt"/>
          <line num="72" count="0" type="stmt"/>
          <line num="73" count="0" type="stmt"/>
          <line num="76" count="0" type="stmt"/>
          <line num="80" count="0" type="cond" truecount="0" falsecount="2"/>
          <line num="81" count="0" type="stmt"/>
          <line num="82" count="0" type="cond" truecount="0" falsecount="2"/>
          <line num="83" count="0" type="stmt"/>
          <line num="84" count="0" type="cond" truecount="0" falsecount="2"/>
          <line num="85" count="0" type="stmt"/>
          <line num="87" count="0" type="stmt"/>
          <line num="91" count="0" type="stmt"/>
          <line num="92" count="0" type="cond" truecount="0" falsecount="2"/>
          <line num="93" count="0" type="stmt"/>
          <line num="95" count="0" type="stmt"/>
          <line num="190" count="0" type="cond" truecount="0" falsecount="2"/>
          <line num="191" count="0" type="cond" truecount="0" falsecount="2"/>
          <line num="192" count="0" type="cond" truecount="0" falsecount="6"/>
          <line num="193" count="0" type="stmt"/>
        </file>
        <file name="menu.vue" path="E:\work\wikimoeCardByNodeJS-2.12.0\view\src\app\components\menu.vue">
          <metrics statements="146" coveredstatements="0" conditionals="154" coveredconditionals="0" methods="101" coveredmethods="0"/>
          <line num="1" count="0" type="stmt"/>
          <line num="4" count="0" type="stmt"/>
          <line num="8" count="0" type="stmt"/>
          <line num="10" count="0" type="stmt"/>
          <line num="12" count="0" type="stmt"/>
          <line num="14" count="0" type="stmt"/>
          <line num="16" count="0" type="stmt"/>
          <line num="18" count="0" type="stmt"/>
          <line num="20" count="0" type="stmt"/>
          <line num="22" count="0" type="stmt"/>
          <line num="24" count="0" type="stmt"/>
          <line num="26" count="0" type="stmt"/>
          <line num="28" count="0" type="stmt"/>
          <line num="30" count="0" type="cond" truecount="0" falsecount="4"/>
          <line num="453" count="0" type="stmt"/>
          <line num="461" count="0" type="stmt"/>
          <line num="487" count="0" type="stmt"/>
          <line num="488" count="0" type="cond" truecount="0" falsecount="2"/>
          <line num="489" count="0" type="stmt"/>
          <line num="490" count="0" type="stmt"/>
          <line num="500" count="0" type="stmt"/>
          <line num="501" count="0" type="cond" truecount="0" falsecount="10"/>
          <line num="502" count="0" type="stmt"/>
          <line num="512" count="0" type="stmt"/>
          <line num="515" count="0" type="stmt"/>
          <line num="518" count="0" type="stmt"/>
          <line num="521" count="0" type="cond" truecount="0" falsecount="2"/>
          <line num="522" count="0" type="stmt"/>
          <line num="523" count="0" type="stmt"/>
          <line num="526" count="0" type="stmt"/>
          <line num="527" count="0" type="stmt"/>
          <line num="528" count="0" type="stmt"/>
          <line num="529" count="0" type="stmt"/>
          <line num="530" count="0" type="cond" truecount="0" falsecount="2"/>
          <line num="531" count="0" type="stmt"/>
          <line num="533" count="0" type="cond" truecount="0" falsecount="2"/>
          <line num="534" count="0" type="stmt"/>
          <line num="535" count="0" type="stmt"/>
          <line num="537" count="0" type="stmt"/>
          <line num="540" count="0" type="stmt"/>
          <line num="541" count="0" type="stmt"/>
          <line num="542" count="0" type="cond" truecount="0" falsecount="2"/>
          <line num="543" count="0" type="stmt"/>
          <line num="544" count="0" type="cond" truecount="0" falsecount="2"/>
          <line num="547" count="0" type="stmt"/>
          <line num="553" count="0" type="stmt"/>
          <line num="555" count="0" type="stmt"/>
          <line num="560" count="0" type="stmt"/>
          <line num="561" count="0" type="stmt"/>
          <line num="562" count="0" type="cond" truecount="0" falsecount="2"/>
          <line num="563" count="0" type="stmt"/>
          <line num="567" count="0" type="stmt"/>
          <line num="568" count="0" type="stmt"/>
          <line num="570" count="0" type="stmt"/>
          <line num="572" count="0" type="stmt"/>
          <line num="573" count="0" type="stmt"/>
          <line num="578" count="0" type="stmt"/>
          <line num="580" count="0" type="stmt"/>
          <line num="585" count="0" type="stmt"/>
          <line num="586" count="0" type="stmt"/>
          <line num="587" count="0" type="cond" truecount="0" falsecount="2"/>
          <line num="588" count="0" type="stmt"/>
          <line num="589" count="0" type="stmt"/>
          <line num="590" count="0" type="cond" truecount="0" falsecount="4"/>
          <line num="591" count="0" type="stmt"/>
          <line num="592" count="0" type="stmt"/>
          <line num="598" count="0" type="cond" truecount="0" falsecount="2"/>
          <line num="601" count="0" type="stmt"/>
          <line num="602" count="0" type="stmt"/>
          <line num="603" count="0" type="stmt"/>
          <line num="604" count="0" type="stmt"/>
          <line num="605" count="0" type="stmt"/>
          <line num="607" count="0" type="stmt"/>
          <line num="609" count="0" type="stmt"/>
          <line num="612" count="0" type="stmt"/>
          <line num="613" count="0" type="stmt"/>
          <line num="614" count="0" type="stmt"/>
          <line num="617" count="0" type="stmt"/>
          <line num="618" count="0" type="stmt"/>
          <line num="621" count="0" type="stmt"/>
          <line num="622" count="0" type="stmt"/>
          <line num="625" count="0" type="stmt"/>
          <line num="627" count="0" type="stmt"/>
          <line num="630" count="0" type="stmt"/>
          <line num="631" count="0" type="stmt"/>
          <line num="632" count="0" type="cond" truecount="0" falsecount="2"/>
          <line num="633" count="0" type="stmt"/>
          <line num="634" count="0" type="stmt"/>
          <line num="636" count="0" type="stmt"/>
          <line num="641" count="0" type="stmt"/>
          <line num="646" count="0" type="stmt"/>
          <line num="649" count="0" type="stmt"/>
          <line num="652" count="0" type="stmt"/>
          <line num="653" count="0" type="stmt"/>
          <line num="654" count="0" type="stmt"/>
          <line num="660" count="0" type="stmt"/>
          <line num="663" count="0" type="stmt"/>
          <line num="666" count="0" type="cond" truecount="0" falsecount="2"/>
          <line num="667" count="0" type="stmt"/>
          <line num="668" count="0" type="stmt"/>
          <line num="670" count="0" type="cond" truecount="0" falsecount="2"/>
          <line num="671" count="0" type="stmt"/>
          <line num="672" count="0" type="stmt"/>
          <line num="674" count="0" type="cond" truecount="0" falsecount="2"/>
          <line num="675" count="0" type="stmt"/>
          <line num="676" count="0" type="stmt"/>
          <line num="678" count="0" type="stmt"/>
          <line num="684" count="0" type="stmt"/>
          <line num="685" count="0" type="stmt"/>
          <line num="686" count="0" type="cond" truecount="0" falsecount="2"/>
          <line num="687" count="0" type="stmt"/>
          <line num="688" count="0" type="stmt"/>
          <line num="689" count="0" type="cond" truecount="0" falsecount="2"/>
          <line num="690" count="0" type="stmt"/>
          <line num="691" count="0" type="cond" truecount="0" falsecount="2"/>
          <line num="692" count="0" type="stmt"/>
          <line num="694" count="0" type="stmt"/>
          <line num="696" count="0" type="stmt"/>
          <line num="698" count="0" type="stmt"/>
          <line num="699" count="0" type="stmt"/>
          <line num="700" count="0" type="stmt"/>
          <line num="701" count="0" type="stmt"/>
          <line num="702" count="0" type="stmt"/>
          <line num="707" count="0" type="stmt"/>
          <line num="708" count="0" type="cond" truecount="0" falsecount="2"/>
          <line num="709" count="0" type="stmt"/>
          <line num="713" count="0" type="stmt"/>
          <line num="716" count="0" type="stmt"/>
          <line num="719" count="0" type="stmt"/>
          <line num="720" count="0" type="stmt"/>
          <line num="721" count="0" type="cond" truecount="0" falsecount="2"/>
          <line num="722" count="0" type="stmt"/>
          <line num="724" count="0" type="stmt"/>
          <line num="725" count="0" type="stmt"/>
          <line num="726" count="0" type="stmt"/>
          <line num="730" count="0" type="stmt"/>
          <line num="731" count="0" type="cond" truecount="0" falsecount="2"/>
          <line num="732" count="0" type="stmt"/>
          <line num="734" count="0" type="cond" truecount="0" falsecount="2"/>
          <line num="735" count="0" type="stmt"/>
          <line num="736" count="0" type="stmt"/>
          <line num="738" count="0" type="stmt"/>
          <line num="744" count="0" type="cond" truecount="0" falsecount="2"/>
          <line num="745" count="0" type="cond" truecount="0" falsecount="2"/>
          <line num="746" count="0" type="cond" truecount="0" falsecount="62"/>
          <line num="747" count="0" type="cond" truecount="0" falsecount="30"/>
        </file>
        <file name="pickaxe.vue" path="E:\work\wikimoeCardByNodeJS-2.12.0\view\src\app\components\pickaxe.vue">
          <metrics statements="58" coveredstatements="0" conditionals="44" coveredconditionals="0" methods="12" coveredmethods="0"/>
          <line num="1" count="0" type="stmt"/>
          <line num="4" count="0" type="stmt"/>
          <line num="38" count="0" type="stmt"/>
          <line num="62" count="0" type="stmt"/>
          <line num="74" count="0" type="stmt"/>
          <line num="75" count="0" type="stmt"/>
          <line num="76" count="0" type="stmt"/>
[...]
          <line num="1522" count="0" type="stmt"/>
          <line num="1524" count="0" type="stmt"/>
          <line num="1525" count="0" type="stmt"/>
          <line num="1526" count="0" type="stmt"/>
          <line num="1528" count="0" type="stmt"/>
          <line num="1540" count="0" type="stmt"/>
          <line num="1542" count="0" type="stmt"/>
          <line num="1543" count="0" type="stmt"/>
          <line num="1545" count="0" type="cond" truecount="0" falsecount="2"/>
          <line num="1546" count="0" type="stmt"/>
          <line num="1547" count="0" type="stmt"/>
          <line num="1548" count="0" type="stmt"/>
          <line num="1549" count="0" type="stmt"/>
          <line num="1550" count="0" type="stmt"/>
          <line num="1551" count="0" type="cond" truecount="0" falsecount="2"/>
          <line num="1552" count="0" type="stmt"/>
          <line num="1553" count="0" type="stmt"/>
          <line num="1554" count="0" type="stmt"/>
          <line num="1555" count="0" type="stmt"/>
          <line num="1556" count="0" type="stmt"/>
          <line num="1557" count="0" type="cond" truecount="0" falsecount="2"/>
          <line num="1558" count="0" type="stmt"/>
          <line num="1559" count="0" type="stmt"/>
          <line num="1560" count="0" type="stmt"/>
          <line num="1561" count="0" type="stmt"/>
          <line num="1562" count="0" type="stmt"/>
          <line num="1564" count="0" type="stmt"/>
          <line num="1565" count="0" type="stmt"/>
          <line num="1566" count="0" type="stmt"/>
          <line num="1567" count="0" type="stmt"/>
          <line num="1568" count="0" type="stmt"/>
          <line num="1571" count="0" type="stmt"/>
          <line num="1591" count="0" type="stmt"/>
          <line num="1593" count="0" type="stmt"/>
          <line num="1594" count="0" type="stmt"/>
          <line num="1595" count="0" type="stmt"/>
          <line num="1596" count="0" type="stmt"/>
          <line num="1598" count="0" type="stmt"/>
          <line num="1599" count="0" type="stmt"/>
          <line num="1600" count="0" type="stmt"/>
          <line num="1601" count="0" type="stmt"/>
          <line num="1602" count="0" type="stmt"/>
          <line num="1603" count="0" type="stmt"/>
          <line num="1604" count="0" type="stmt"/>
          <line num="1605" count="0" type="stmt"/>
          <line num="1606" count="0" type="stmt"/>
          <line num="1607" count="0" type="stmt"/>
          <line num="1608" count="0" type="stmt"/>
          <line num="1609" count="0" type="stmt"/>
          <line num="1611" count="0" type="stmt"/>
          <line num="1612" count="0" type="stmt"/>
          <line num="1613" count="0" type="stmt"/>
          <line num="1614" count="0" type="stmt"/>
          <line num="1615" count="0" type="stmt"/>
          <line num="1616" count="0" type="stmt"/>
          <line num="1617" count="0" type="stmt"/>
          <line num="1618" count="0" type="stmt"/>
          <line num="1619" count="0" type="stmt"/>
          <line num="1620" count="0" type="stmt"/>
          <line num="1621" count="0" type="stmt"/>
          <line num="1622" count="0" type="stmt"/>
          <line num="1623" count="0" type="stmt"/>
          <line num="1624" count="0" type="stmt"/>
          <line num="1625" count="0" type="stmt"/>
          <line num="1626" count="0" type="stmt"/>
          <line num="1628" count="0" type="stmt"/>
          <line num="1651" count="0" type="stmt"/>
          <line num="1653" count="0" type="stmt"/>
          <line num="1654" count="0" type="stmt"/>
          <line num="1655" count="0" type="stmt"/>
          <line num="1656" count="0" type="stmt"/>
          <line num="1658" count="0" type="stmt"/>
          <line num="1659" count="0" type="stmt"/>
          <line num="1660" count="0" type="stmt"/>
          <line num="1661" count="0" type="stmt"/>
          <line num="1662" count="0" type="stmt"/>
          <line num="1663" count="0" type="stmt"/>
          <line num="1664" count="0" type="stmt"/>
          <line num="1665" count="0" type="stmt"/>
          <line num="1666" count="0" type="stmt"/>
          <line num="1668" count="0" type="stmt"/>
          <line num="1669" count="0" type="stmt"/>
          <line num="1670" count="0" type="stmt"/>
          <line num="1672" count="0" type="stmt"/>
          <line num="1673" count="0" type="stmt"/>
          <line num="1674" count="0" type="stmt"/>
          <line num="1676" count="0" type="stmt"/>
          <line num="1677" count="0" type="stmt"/>
          <line num="1678" count="0" type="stmt"/>
          <line num="1679" count="0" type="stmt"/>
          <line num="1680" count="0" type="stmt"/>
          <line num="1681" count="0" type="stmt"/>
          <line num="1682" count="0" type="stmt"/>
          <line num="1683" count="0" type="stmt"/>
          <line num="1684" count="0" type="stmt"/>
          <line num="1685" count="0" type="stmt"/>
          <line num="1686" count="0" type="stmt"/>
          <line num="1687" count="0" type="stmt"/>
          <line num="1688" count="0" type="stmt"/>
          <line num="1689" count="0" type="stmt"/>
          <line num="1690" count="0" type="stmt"/>
          <line num="1691" count="0" type="stmt"/>
          <line num="1693" count="0" type="stmt"/>
          <line num="1704" count="0" type="stmt"/>
          <line num="1705" count="0" type="stmt"/>
          <line num="1706" count="0" type="stmt"/>
          <line num="1707" count="0" type="stmt"/>
          <line num="1708" count="0" type="stmt"/>
          <line num="1710" count="0" type="stmt"/>
          <line num="1711" count="0" type="stmt"/>
          <line num="1712" count="0" type="stmt"/>
          <line num="1713" count="0" type="stmt"/>
          <line num="1714" count="0" type="stmt"/>
          <line num="1715" count="0" type="stmt"/>
          <line num="1716" count="0" type="stmt"/>
          <line num="1717" count="0" type="stmt"/>
          <line num="1718" count="0" type="stmt"/>
          <line num="1720" count="0" type="stmt"/>
          <line num="1721" count="0" type="stmt"/>
          <line num="1722" count="0" type="stmt"/>
          <line num="1723" count="0" type="stmt"/>
          <line num="1725" count="0" type="stmt"/>
          <line num="1726" count="0" type="stmt"/>
          <line num="1727" count="0" type="stmt"/>
          <line num="1728" count="0" type="stmt"/>
          <line num="1730" count="0" type="stmt"/>
          <line num="1731" count="0" type="stmt"/>
          <line num="1732" count="0" type="stmt"/>
          <line num="1733" count="0" type="stmt"/>
          <line num="1735" count="0" type="stmt"/>
          <line num="1736" count="0" type="stmt"/>
          <line num="1737" count="0" type="stmt"/>
          <line num="1738" count="0" type="stmt"/>
          <line num="1740" count="0" type="stmt"/>
          <line num="1755" count="0" type="stmt"/>
          <line num="1756" count="0" type="stmt"/>
          <line num="1757" count="0" type="stmt"/>
          <line num="1758" count="0" type="stmt"/>
          <line num="1759" count="0" type="stmt"/>
          <line num="1760" count="0" type="stmt"/>
          <line num="1761" count="0" type="stmt"/>
          <line num="1762" count="0" type="stmt"/>
          <line num="1763" count="0" type="stmt"/>
          <line num="1764" count="0" type="stmt"/>
          <line num="1765" count="0" type="stmt"/>
          <line num="1766" count="0" type="stmt"/>
          <line num="1767" count="0" type="stmt"/>
          <line num="1768" count="0" type="stmt"/>
          <line num="1769" count="0" type="stmt"/>
          <line num="1770" count="0" type="stmt"/>
          <line num="1771" count="0" type="stmt"/>
          <line num="1772" count="0" type="stmt"/>
          <line num="1773" count="0" type="stmt"/>
          <line num="1774" count="0" type="stmt"/>
          <line num="1775" count="0" type="stmt"/>
          <line num="1788" count="0" type="stmt"/>
          <line num="1789" count="0" type="stmt"/>
          <line num="1790" count="0" type="stmt"/>
          <line num="1791" count="0" type="stmt"/>
          <line num="1792" count="0" type="stmt"/>
          <line num="1793" count="0" type="stmt"/>
          <line num="1794" count="0" type="stmt"/>
          <line num="1795" count="0" type="stmt"/>
          <line num="1796" count="0" type="stmt"/>
          <line num="1797" count="0" type="stmt"/>
          <line num="1798" count="0" type="stmt"/>
          <line num="1799" count="0" type="stmt"/>
          <line num="1800" count="0" type="stmt"/>
          <line num="1801" count="0" type="stmt"/>
          <line num="1802" count="0" type="stmt"/>
          <line num="1803" count="0" type="stmt"/>
          <line num="1804" count="0" type="stmt"/>
          <line num="1805" count="0" type="stmt"/>
          <line num="1806" count="0" type="stmt"/>
          <line num="1807" count="0" type="stmt"/>
          <line num="1821" count="0" type="stmt"/>
          <line num="1822" count="0" type="stmt"/>
          <line num="1823" count="0" type="stmt"/>
          <line num="1824" count="0" type="stmt"/>
          <line num="1825" count="0" type="stmt"/>
          <line num="1826" count="0" type="stmt"/>
          <line num="1827" count="0" type="stmt"/>
          <line num="1829" count="0" type="stmt"/>
          <line num="1830" count="0" type="stmt"/>
          <line num="1831" count="0" type="stmt"/>
          <line num="1832" count="0" type="stmt"/>
          <line num="1833" count="0" type="stmt"/>
          <line num="1834" count="0" type="stmt"/>
          <line num="1835" count="0" type="stmt"/>
          <line num="1836" count="0" type="stmt"/>
          <line num="1837" count="0" type="stmt"/>
          <line num="1838" count="0" type="stmt"/>
          <line num="1839" count="0" type="stmt"/>
          <line num="1840" count="0" type="stmt"/>
          <line num="1841" count="0" type="stmt"/>
          <line num="1842" count="0" type="stmt"/>
          <line num="1843" count="0" type="stmt"/>
          <line num="1844" count="0" type="stmt"/>
          <line num="1845" count="0" type="stmt"/>
          <line num="1860" count="0" type="stmt"/>
          <line num="1861" count="0" type="stmt"/>
          <line num="1862" count="0" type="stmt"/>
          <line num="1863" count="0" type="stmt"/>
          <line num="1864" count="0" type="stmt"/>
          <line num="1865" count="0" type="stmt"/>
          <line num="1866" count="0" type="stmt"/>
          <line num="1867" count="0" type="stmt"/>
          <line num="1868" count="0" type="stmt"/>
          <line num="1869" count="0" type="stmt"/>
          <line num="1870" count="0" type="stmt"/>
          <line num="1871" count="0" type="stmt"/>
          <line num="1872" count="0" type="stmt"/>
          <line num="1873" count="0" type="stmt"/>
          <line num="1874" count="0" type="stmt"/>
          <line num="1875" count="0" type="stmt"/>
          <line num="1876" count="0" type="stmt"/>
          <line num="1877" count="0" type="stmt"/>
          <line num="1878" count="0" type="stmt"/>
          <line num="1879" count="0" type="stmt"/>
          <line num="1880" count="0" type="stmt"/>
          <line num="1892" count="0" type="stmt"/>
          <line num="1894" count="0" type="stmt"/>
          <line num="1895" count="0" type="stmt"/>
          <line num="1896" count="0" type="stmt"/>
          <line num="1897" count="0" type="stmt"/>
          <line num="1898" count="0" type="stmt"/>
          <line num="1899" count="0" type="stmt"/>
          <line num="1900" count="0" type="stmt"/>
          <line num="1901" count="0" type="stmt"/>
          <line num="1902" count="0" type="stmt"/>
          <line num="1904" count="0" type="cond" truecount="0" falsecount="5"/>
          <line num="1907" count="0" type="stmt"/>
          <line num="1910" count="0" type="stmt"/>
          <line num="1911" count="0" type="stmt"/>
          <line num="1912" count="0" type="stmt"/>
          <line num="1914" count="0" type="stmt"/>
          <line num="1915" count="0" type="stmt"/>
          <line num="1916" count="0" type="stmt"/>
          <line num="1917" count="0" type="stmt"/>
          <line num="1919" count="0" type="stmt"/>
          <line num="1920" count="0" type="stmt"/>
          <line num="1921" count="0" type="stmt"/>
          <line num="1922" count="0" type="stmt"/>
          <line num="1923" count="0" type="cond" truecount="0" falsecount="2"/>
          <line num="1924" count="0" type="stmt"/>
          <line num="1925" count="0" type="stmt"/>
          <line num="1926" count="0" type="stmt"/>
          <line num="1928" count="0" type="stmt"/>
          <line num="1929" count="0" type="stmt"/>
          <line num="1930" count="0" type="stmt"/>
          <line num="1931" count="0" type="stmt"/>
          <line num="1934" count="0" type="stmt"/>
          <line num="1935" count="0" type="stmt"/>
          <line num="1936" count="0" type="stmt"/>
          <line num="1938" count="0" type="stmt"/>
          <line num="1939" count="0" type="cond" truecount="0" falsecount="2"/>
          <line num="1940" count="0" type="stmt"/>
          <line num="1941" count="0" type="stmt"/>
          <line num="1942" count="0" type="stmt"/>
          <line num="1944" count="0" type="stmt"/>
          <line num="1945" count="0" type="stmt"/>
          <line num="1946" count="0" type="stmt"/>
          <line num="1947" count="0" type="stmt"/>
          <line num="1950" count="0" type="stmt"/>
          <line num="1951" count="0" type="stmt"/>
          <line num="1952" count="0" type="stmt"/>
          <line num="1953" count="0" type="stmt"/>
          <line num="1954" count="0" type="stmt"/>
          <line num="1955" count="0" type="stmt"/>
          <line num="1956" count="0" type="stmt"/>
          <line num="1957" count="0" type="stmt"/>
          <line num="1958" count="0" type="stmt"/>
          <line num="1959" count="0" type="stmt"/>
          <line num="1960" count="0" type="stmt"/>
          <line num="1961" count="0" type="stmt"/>
          <line num="1962" count="0" type="stmt"/>
          <line num="1963" count="0" type="stmt"/>
          <line num="1964" count="0" type="stmt"/>
          <line num="1965" count="0" type="stmt"/>
          <line num="1967" count="0" type="stmt"/>
          <line num="1976" count="0" type="stmt"/>
          <line num="1977" count="0" type="stmt"/>
          <line num="1989" count="0" type="stmt"/>
          <line num="1990" count="0" type="stmt"/>
          <line num="2001" count="0" type="stmt"/>
          <line num="2002" count="0" type="stmt"/>
          <line num="2003" count="0" type="stmt"/>
          <line num="2004" count="0" type="stmt"/>
          <line num="2005" count="0" type="stmt"/>
          <line num="2006" count="0" type="stmt"/>
          <line num="2007" count="0" type="stmt"/>
          <line num="2008" count="0" type="stmt"/>
          <line num="2009" count="0" type="stmt"/>
          <line num="2010" count="0" type="stmt"/>
          <line num="2011" count="0" type="stmt"/>
          <line num="2012" count="0" type="stmt"/>
          <line num="2013" count="0" type="stmt"/>
          <line num="2014" count="0" type="stmt"/>
          <line num="2015" count="0" type="stmt"/>
          <line num="2016" count="0" type="stmt"/>
          <line num="2017" count="0" type="stmt"/>
          <line num="2018" count="0" type="stmt"/>
          <line num="2029" count="0" type="stmt"/>
          <line num="2030" count="0" type="stmt"/>
          <line num="2031" count="0" type="stmt"/>
          <line num="2032" count="0" type="stmt"/>
          <line num="2033" count="0" type="stmt"/>
          <line num="2034" count="0" type="stmt"/>
          <line num="2035" count="0" type="stmt"/>
          <line num="2036" count="0" type="stmt"/>
          <line num="2037" count="0" type="stmt"/>
          <line num="2038" count="0" type="stmt"/>
          <line num="2039" count="0" type="stmt"/>
          <line num="2040" count="0" type="stmt"/>
          <line num="2041" count="0" type="stmt"/>
          <line num="2042" count="0" type="stmt"/>
          <line num="2043" count="0" type="stmt"/>
          <line num="2044" count="0" type="stmt"/>
          <line num="2045" count="0" type="stmt"/>
          <line num="2046" count="0" type="stmt"/>
          <line num="2053" count="0" type="stmt"/>
          <line num="2063" count="0" type="stmt"/>
          <line num="2064" count="0" type="stmt"/>
          <line num="2065" count="0" type="stmt"/>
          <line num="2066" count="0" type="stmt"/>
          <line num="2067" count="0" type="stmt"/>
          <line num="2068" count="0" type="stmt"/>
          <line num="2069" count="0" type="stmt"/>
          <line num="2070" count="0" type="stmt"/>
          <line num="2071" count="0" type="stmt"/>
          <line num="2072" count="0" type="stmt"/>
          <line num="2073" count="0" type="stmt"/>
          <line num="2074" count="0" type="stmt"/>
          <line num="2075" count="0" type="stmt"/>
          <line num="2076" count="0" type="stmt"/>
          <line num="2077" count="0" type="stmt"/>
          <line num="2078" count="0" type="stmt"/>
          <line num="2079" count="0" type="stmt"/>
          <line num="2080" count="0" type="stmt"/>
          <line num="2092" count="0" type="stmt"/>
          <line num="2093" count="0" type="stmt"/>
          <line num="2094" count="0" type="stmt"/>
          <line num="2095" count="0" type="stmt"/>
          <line num="2096" count="0" type="stmt"/>
          <line num="2097" count="0" type="stmt"/>
          <line num="2098" count="0" type="stmt"/>
          <line num="2099" count="0" type="stmt"/>
          <line num="2100" count="0" type="stmt"/>
          <line num="2101" count="0" type="stmt"/>
          <line num="2102" count="0" type="stmt"/>
          <line num="2103" count="0" type="stmt"/>
          <line num="2104" count="0" type="stmt"/>
          <line num="2105" count="0" type="stmt"/>
          <line num="2106" count="0" type="stmt"/>
          <line num="2107" count="0" type="stmt"/>
          <line num="2108" count="0" type="stmt"/>
          <line num="2109" count="0" type="stmt"/>
          <line num="2119" count="0" type="stmt"/>
          <line num="2120" count="0" type="cond" truecount="0" falsecount="16"/>
          <line num="2133" count="0" type="stmt"/>
          <line num="2134" count="0" type="stmt"/>
          <line num="2135" count="0" type="stmt"/>
          <line num="2136" count="0" type="stmt"/>
          <line num="2137" count="0" type="stmt"/>
          <line num="2139" count="0" type="stmt"/>
          <line num="2140" count="0" type="stmt"/>
          <line num="2141" count="0" type="stmt"/>
          <line num="2142" count="0" type="stmt"/>
          <line num="2144" count="0" type="cond" truecount="0" falsecount="16"/>
          <line num="2164" count="0" type="stmt"/>
        </file>
        <file name="netUtils.js" path="E:\work\wikimoeCardByNodeJS-2.12.0\view\src\utils\live2d\lib\netUtils.js">
          <metrics statements="11" coveredstatements="0" conditionals="2" coveredconditionals="0" methods="2" coveredmethods="0"/>
          <line num="1" count="0" type="stmt"/>
          <line num="3" count="0" type="stmt"/>
          <line num="4" count="0" type="stmt"/>
          <line num="5" count="0" type="stmt"/>
          <line num="6" count="0" type="stmt"/>
          <line num="7" count="0" type="cond" truecount="0" falsecount="2"/>
          <line num="9" count="0" type="stmt"/>
          <line num="10" count="0" type="stmt"/>
          <line num="12" count="0" type="stmt"/>
          <line num="13" count="0" type="stmt"/>
          <line num="16" count="0" type="stmt"/>
        </file>
      </package>
    </metrics>
  </project>
</coverage>
