TN:
SF:E:\work\wikimoeCardByNodeJS-2.12.0\view\src\app\App.vue
FN:1,(anonymous_0)
FN:20,_interopRequireDefault
FN:23,data
FN:46,capitalize
FN:53,token
FN:56,showOnlieUserDialog
FN:61,token
FN:64,showOnlieUserDialog
FN:69,userDialog
FN:76,openInfo
FN:80,updateVisible
FN:83,getOnlieUser
FN:86,userDialogOpen
FN:90,userPageChange
FN:94,average
FN:95,(anonymous_15)
FN:99,setDelay
FN:106,(anonymous_17)
FN:112,(anonymous_18)
FN:119,(anonymous_19)
FN:125,checkTime
FN:132,initWsSystem
FN:137,(anonymous_22)
FN:141,(anonymous_23)
FN:150,(anonymous_24)
FN:153,(anonymous_25)
FN:157,(anonymous_26)
FN:175,l2dMassage
FN:178,bgChange
FN:185,(anonymous_29)
FN:191,mounted
FN:269,render
FN:269,(anonymous_32)
FN:269,(anonymous_33)
FN:269,(anonymous_34)
FN:269,(anonymous_35)
FN:269,(anonymous_36)
FN:269,(anonymous_37)
FNF:38
FNH:0
FNDA:0,(anonymous_0)
FNDA:0,_interopRequireDefault
FNDA:0,data
FNDA:0,capitalize
FNDA:0,token
FNDA:0,showOnlieUserDialog
FNDA:0,token
FNDA:0,showOnlieUserDialog
FNDA:0,userDialog
FNDA:0,openInfo
FNDA:0,updateVisible
FNDA:0,getOnlieUser
FNDA:0,userDialogOpen
FNDA:0,userPageChange
FNDA:0,average
FNDA:0,(anonymous_15)
FNDA:0,setDelay
FNDA:0,(anonymous_17)
FNDA:0,(anonymous_18)
FNDA:0,(anonymous_19)
FNDA:0,checkTime
FNDA:0,initWsSystem
FNDA:0,(anonymous_22)
FNDA:0,(anonymous_23)
FNDA:0,(anonymous_24)
FNDA:0,(anonymous_25)
FNDA:0,(anonymous_26)
FNDA:0,l2dMassage
FNDA:0,bgChange
FNDA:0,(anonymous_29)
FNDA:0,mounted
FNDA:0,render
FNDA:0,(anonymous_32)
FNDA:0,(anonymous_33)
FNDA:0,(anonymous_34)
FNDA:0,(anonymous_35)
FNDA:0,(anonymous_36)
FNDA:0,(anonymous_37)
DA:1,0
DA:4,0
DA:8,0
DA:10,0
DA:12,0
DA:14,0
DA:16,0
DA:18,0
DA:20,0
DA:22,0
DA:24,0
DA:47,0
DA:48,0
DA:49,0
DA:54,0
DA:57,0
DA:62,0
DA:65,0
DA:66,0
DA:70,0
DA:71,0
DA:77,0
DA:78,0
DA:81,0
DA:84,0
DA:87,0
DA:88,0
DA:91,0
DA:92,0
DA:95,0
DA:96,0
DA:100,0
DA:102,0
DA:103,0
DA:104,0
DA:106,0
DA:107,0
DA:109,0
DA:110,0
DA:112,0
DA:113,0
DA:116,0
DA:117,0
DA:118,0
DA:119,0
DA:120,0
DA:122,0
DA:126,0
DA:127,0
DA:128,0
DA:129,0
DA:133,0
DA:135,0
DA:136,0
DA:137,0
DA:138,0
DA:139,0
DA:141,0
DA:143,0
DA:144,0
DA:145,0
DA:146,0
DA:147,0
DA:150,0
DA:151,0
DA:153,0
DA:154,0
DA:155,0
DA:156,0
DA:157,0
DA:158,0
DA:162,0
DA:163,0
DA:164,0
DA:165,0
DA:168,0
DA:169,0
DA:170,0
DA:171,0
DA:176,0
DA:179,0
DA:181,0
DA:182,0
DA:183,0
DA:184,0
DA:185,0
DA:186,0
DA:192,0
DA:193,0
DA:194,0
DA:195,0
DA:267,0
DA:268,0
DA:269,0
DA:270,0
LF:95
LH:0
BRDA:20,0,0,0
BRDA:20,0,1,0
BRDA:20,1,0,0
BRDA:20,1,1,0
BRDA:48,2,0,0
BRDA:48,2,1,0
BRDA:48,3,0,0
BRDA:48,3,1,0
BRDA:48,4,0,0
BRDA:48,4,1,0
BRDA:48,5,0,0
BRDA:48,5,1,0
BRDA:48,6,0,0
BRDA:48,6,1,0
BRDA:65,7,0,0
BRDA:65,7,1,0
BRDA:70,8,0,0
BRDA:70,8,1,0
BRDA:102,9,0,0
BRDA:102,9,1,0
BRDA:109,10,0,0
BRDA:109,10,1,0
BRDA:126,11,0,0
BRDA:126,11,1,0
BRDA:135,12,0,0
BRDA:135,12,1,0
BRDA:135,13,0,0
BRDA:135,13,1,0
BRDA:145,14,0,0
BRDA:145,14,1,0
BRDA:145,15,0,0
BRDA:145,15,1,0
BRDA:155,16,0,0
BRDA:155,16,1,0
BRDA:168,17,0,0
BRDA:168,17,1,0
BRDA:169,18,0,0
BRDA:169,18,1,0
BRDA:181,19,0,0
BRDA:181,19,1,0
BRDA:183,20,0,0
BRDA:183,20,1,0
BRDA:183,20,2,0
BRDA:267,21,0,0
BRDA:267,21,1,0
BRDA:268,22,0,0
BRDA:268,22,1,0
BRDA:269,23,0,0
BRDA:269,23,1,0
BRDA:269,24,0,0
BRDA:269,24,1,0
BRF:51
BRH:0
end_of_record
TN:
SF:E:\work\wikimoeCardByNodeJS-2.12.0\view\src\app\api\create-api.js
FN:3,_interopRequireDefault
FN:3,createAPI
FNF:2
FNH:0
FNDA:0,_interopRequireDefault
FNDA:0,createAPI
DA:1,0
DA:3,0
DA:4,0
LF:3
LH:0
BRDA:3,0,0,0
BRDA:3,0,1,0
BRDA:3,1,0,0
BRDA:3,1,1,0
BRF:4
BRH:0
end_of_record
TN:
SF:E:\work\wikimoeCardByNodeJS-2.12.0\view\src\app\api\index.js
FN:6,_interopRequireDefault
FN:14,(anonymous_1)
FN:17,(anonymous_2)
FN:24,(anonymous_3)
FN:45,(anonymous_4)
FNF:5
FNH:0
FNDA:0,_interopRequireDefault
FNDA:0,(anonymous_1)
FNDA:0,(anonymous_2)
FNDA:0,(anonymous_3)
FNDA:0,(anonymous_4)
DA:1,0
DA:2,0
DA:3,0
DA:4,0
DA:5,0
DA:6,0
DA:8,0
DA:9,0
DA:11,0
DA:14,0
DA:15,0
DA:16,0
DA:18,0
DA:19,0
DA:23,0
DA:25,0
DA:26,0
DA:27,0
DA:31,0
DA:32,0
DA:33,0
DA:34,0
DA:35,0
DA:36,0
DA:40,0
DA:41,0
DA:42,0
DA:44,0
DA:46,0
DA:47,0
DA:51,0
DA:55,0
LF:32
LH:0
BRDA:6,0,0,0
BRDA:6,0,1,0
BRDA:6,1,0,0
BRDA:6,1,1,0
BRDA:26,2,0,0
BRDA:26,2,1,0
BRDA:35,3,0,0
BRDA:35,3,1,0
BRF:8
BRH:0
end_of_record
TN:
SF:E:\work\wikimoeCardByNodeJS-2.12.0\view\src\app\api\module\auth.js
FN:1,(anonymous_0)
FN:3,login
FN:6,dailycard
FN:9,reg
FN:12,find
FN:15,searchcard
FN:18,searchcardbytoken
FN:21,sendmail
FN:24,searchlog
FN:26,login
FN:29,userinfo
FN:32,shop
FN:35,logout
FN:38,news
FN:41,marketchart
FN:44,marketsell
FN:47,marketbuy
FN:50,battle
FN:53,battlecard
FN:56,decompose
FN:59,decomposeitem
FN:62,wantcard
FN:65,searchwantcard
FN:68,searchbattleinfo
FN:71,searchcardlevel
FN:74,searchuseritem
FN:77,rank
FN:80,upgradecard
FN:83,dailygetitem
FN:86,dailygetitemmenu
FN:89,cardlevelchange
FN:92,searchbattlelogs
FN:95,uploadcard
FN:98,handbook
FN:101,searchcrearchcard
FN:104,searchcardpackage
FN:107,searchguesscard
FN:110,userguesscard
FN:113,userpost
FN:116,robotcheck
FN:119,quest
FN:122,uploadtx
FN:125,mysteriousFragmentShop
FN:128,searchCardCount
FN:131,searchDailyCardChance
FN:134,searchMarketCount
FN:137,searchWantCardPackageCount
FN:140,admincheckinstall
FN:143,admininstall
FN:146,adminLogin
FN:149,adminsetting
FN:152,admingivestar
FN:155,adminsearchuser
FN:158,adminban
FN:161,adminpasswordchange
FN:164,adminlogout
FN:167,adminsecretkey
FN:170,adminSearchlog
FN:173,adminNews
FN:176,renamecardpackage
FN:179,adminCreatcard
FN:182,adminSearchcard
FN:185,adminEditcard
FN:188,adminSetRobotRate
FN:193,_interopRequireDefault
FNF:65
FNH:0
FNDA:0,(anonymous_0)
FNDA:0,login
FNDA:0,dailycard
FNDA:0,reg
FNDA:0,find
FNDA:0,searchcard
FNDA:0,searchcardbytoken
FNDA:0,sendmail
FNDA:0,searchlog
FNDA:0,login
FNDA:0,userinfo
FNDA:0,shop
FNDA:0,logout
FNDA:0,news
FNDA:0,marketchart
FNDA:0,marketsell
FNDA:0,marketbuy
FNDA:0,battle
FNDA:0,battlecard
FNDA:0,decompose
FNDA:0,decomposeitem
FNDA:0,wantcard
FNDA:0,searchwantcard
FNDA:0,searchbattleinfo
FNDA:0,searchcardlevel
FNDA:0,searchuseritem
FNDA:0,rank
FNDA:0,upgradecard
FNDA:0,dailygetitem
FNDA:0,dailygetitemmenu
FNDA:0,cardlevelchange
FNDA:0,searchbattlelogs
FNDA:0,uploadcard
FNDA:0,handbook
FNDA:0,searchcrearchcard
FNDA:0,searchcardpackage
FNDA:0,searchguesscard
FNDA:0,userguesscard
FNDA:0,userpost
FNDA:0,robotcheck
FNDA:0,quest
FNDA:0,uploadtx
FNDA:0,mysteriousFragmentShop
FNDA:0,searchCardCount
FNDA:0,searchDailyCardChance
FNDA:0,searchMarketCount
FNDA:0,searchWantCardPackageCount
FNDA:0,admincheckinstall
FNDA:0,admininstall
FNDA:0,adminLogin
FNDA:0,adminsetting
FNDA:0,admingivestar
FNDA:0,adminsearchuser
FNDA:0,adminban
FNDA:0,adminpasswordchange
FNDA:0,adminlogout
FNDA:0,adminsecretkey
FNDA:0,adminSearchlog
FNDA:0,adminNews
FNDA:0,renamecardpackage
FNDA:0,adminCreatcard
FNDA:0,adminSearchcard
FNDA:0,adminEditcard
FNDA:0,adminSetRobotRate
FNDA:0,_interopRequireDefault
DA:1,0
DA:2,0
DA:4,0
DA:7,0
DA:10,0
DA:13,0
DA:16,0
DA:19,0
DA:22,0
DA:25,0
DA:28,0
DA:31,0
DA:34,0
DA:37,0
DA:40,0
DA:43,0
DA:46,0
DA:49,0
DA:52,0
DA:55,0
DA:58,0
DA:61,0
DA:64,0
DA:67,0
DA:70,0
DA:73,0
DA:76,0
DA:79,0
DA:82,0
DA:85,0
DA:88,0
DA:91,0
DA:94,0
DA:97,0
DA:100,0
DA:103,0
DA:106,0
DA:109,0
DA:112,0
DA:115,0
DA:118,0
DA:121,0
DA:124,0
DA:127,0
DA:130,0
DA:133,0
DA:136,0
DA:139,0
DA:142,0
DA:145,0
DA:148,0
DA:151,0
DA:154,0
DA:157,0
DA:160,0
DA:163,0
DA:166,0
DA:169,0
DA:172,0
DA:175,0
DA:178,0
DA:181,0
DA:184,0
DA:187,0
DA:190,0
DA:193,0
LF:66
LH:0
BRDA:193,0,0,0
BRDA:193,0,1,0
BRDA:193,1,0,0
BRDA:193,1,1,0
BRF:4
BRH:0
end_of_record
TN:
SF:E:\work\wikimoeCardByNodeJS-2.12.0\view\src\app\components\adminCardEditor.vue
FN:1,(anonymous_0)
FN:34,_interopRequireWildcard
FN:36,_interopRequireDefault
FN:273,data
FN:311,mounted
FN:319,handler
FN:325,mipmapChange
FN:331,rawPicModeChange
FN:344,editPicCloseMethods
FN:360,editPicMethods
FN:364,creatMD5
FN:372,(anonymous_11)
FN:376,(anonymous_12)
FN:378,creatCardNoText
FN:456,(anonymous_14)
FN:471,(anonymous_15)
FN:484,(anonymous_16)
FN:486,handleAvatarSuccess
FN:492,(anonymous_18)
FN:510,changeStar
FN:516,changeTitle
FN:519,smallTitle
FN:523,changeName
FN:526,smallName
FN:530,changeCry
FN:536,changeLeftType
FN:542,changeRightType
FN:548,CGZoom
FN:565,CGRotation
FN:568,drawCard
FN:625,onDragStart
FN:636,onDragEnd
FN:643,onDragMove
FN:684,(anonymous_33)
FN:702,beforeDestroy
FN:711,render
FN:716,(anonymous_36)
FN:716,(anonymous_37)
FN:716,(anonymous_38)
FN:716,(anonymous_39)
FN:716,(anonymous_40)
FN:716,(anonymous_41)
FN:716,(anonymous_42)
FN:716,(anonymous_43)
FN:716,(anonymous_44)
FN:716,(anonymous_45)
FN:716,(anonymous_46)
FN:716,(anonymous_47)
FN:716,(anonymous_48)
FNF:49
FNH:0
FNDA:0,(anonymous_0)
FNDA:0,_interopRequireWildcard
FNDA:0,_interopRequireDefault
FNDA:0,data
FNDA:0,mounted
FNDA:0,handler
FNDA:0,mipmapChange
FNDA:0,rawPicModeChange
FNDA:0,editPicCloseMethods
FNDA:0,editPicMethods
FNDA:0,creatMD5
FNDA:0,(anonymous_11)
FNDA:0,(anonymous_12)
FNDA:0,creatCardNoText
FNDA:0,(anonymous_14)
FNDA:0,(anonymous_15)
FNDA:0,(anonymous_16)
FNDA:0,handleAvatarSuccess
FNDA:0,(anonymous_18)
FNDA:0,changeStar
FNDA:0,changeTitle
FNDA:0,smallTitle
FNDA:0,changeName
FNDA:0,smallName
FNDA:0,changeCry
FNDA:0,changeLeftType
FNDA:0,changeRightType
FNDA:0,CGZoom
FNDA:0,CGRotation
FNDA:0,drawCard
FNDA:0,onDragStart
FNDA:0,onDragEnd
FNDA:0,onDragMove
FNDA:0,(anonymous_33)
FNDA:0,beforeDestroy
FNDA:0,render
FNDA:0,(anonymous_36)
FNDA:0,(anonymous_37)
FNDA:0,(anonymous_38)
FNDA:0,(anonymous_39)
FNDA:0,(anonymous_40)
FNDA:0,(anonymous_41)
FNDA:0,(anonymous_42)
FNDA:0,(anonymous_43)
FNDA:0,(anonymous_44)
FNDA:0,(anonymous_45)
FNDA:0,(anonymous_46)
FNDA:0,(anonymous_47)
FNDA:0,(anonymous_48)
DA:1,0
DA:4,0
DA:8,0
DA:10,0
DA:12,0
DA:14,0
DA:16,0
DA:18,0
DA:20,0
DA:22,0
DA:24,0
DA:26,0
DA:28,0
DA:30,0
DA:32,0
DA:34,0
DA:36,0
DA:266,0
DA:274,0
DA:313,0
DA:320,0
DA:326,0
DA:327,0
DA:328,0
DA:332,0
DA:333,0
DA:334,0
DA:335,0
DA:336,0
DA:337,0
DA:338,0
DA:340,0
DA:341,0
DA:345,0
DA:346,0
DA:347,0
DA:348,0
DA:349,0
DA:361,0
DA:362,0
DA:365,0
DA:367,0
DA:373,0
DA:375,0
DA:379,0
DA:381,0
DA:382,0
DA:383,0
DA:385,0
DA:386,0
DA:387,0
DA:389,0
DA:390,0
DA:391,0
DA:393,0
DA:394,0
DA:395,0
DA:397,0
DA:398,0
DA:399,0
DA:402,0
DA:403,0
DA:405,0
DA:409,0
DA:410,0
DA:411,0
DA:412,0
DA:413,0
DA:414,0
DA:415,0
DA:436,0
DA:437,0
DA:438,0
DA:441,0
DA:442,0
DA:443,0
DA:446,0
DA:449,0
DA:457,0
DA:471,0
DA:472,0
DA:473,0
DA:474,0
DA:475,0
DA:476,0
DA:481,0
DA:487,0
DA:489,0
DA:490,0
DA:491,0
DA:492,0
DA:493,0
DA:494,0
DA:495,0
DA:496,0
DA:498,0
DA:499,0
DA:500,0
DA:502,0
DA:503,0
DA:504,0
DA:505,0
DA:506,0
DA:507,0
DA:511,0
DA:512,0
DA:514,0
DA:517,0
DA:520,0
DA:521,0
DA:524,0
DA:527,0
DA:528,0
DA:531,0
DA:532,0
DA:534,0
DA:537,0
DA:538,0
DA:540,0
DA:543,0
DA:544,0
DA:546,0
DA:549,0
DA:550,0
DA:551,0
DA:552,0
DA:553,0
DA:554,0
DA:555,0
DA:556,0
DA:557,0
DA:558,0
DA:560,0
DA:561,0
DA:562,0
DA:566,0
DA:569,0
DA:571,0
DA:572,0
DA:573,0
DA:580,0
DA:581,0
DA:582,0
DA:583,0
DA:584,0
DA:585,0
DA:586,0
DA:590,0
DA:591,0
DA:592,0
DA:594,0
DA:601,0
DA:602,0
DA:603,0
DA:604,0
DA:606,0
DA:613,0
DA:614,0
DA:615,0
DA:616,0
DA:618,0
DA:619,0
DA:620,0
DA:621,0
DA:622,0
DA:623,0
DA:624,0
DA:629,0
DA:630,0
DA:631,0
DA:632,0
DA:633,0
DA:637,0
DA:638,0
DA:640,0
DA:644,0
DA:645,0
DA:646,0
DA:647,0
DA:648,0
DA:649,0
DA:650,0
DA:651,0
DA:653,0
DA:654,0
DA:655,0
DA:656,0
DA:661,0
DA:662,0
DA:663,0
DA:664,0
DA:666,0
DA:667,0
DA:668,0
DA:669,0
DA:671,0
DA:672,0
DA:673,0
DA:674,0
DA:676,0
DA:677,0
DA:678,0
DA:679,0
DA:680,0
DA:681,0
DA:682,0
DA:683,0
DA:684,0
DA:685,0
DA:692,0
DA:703,0
DA:704,0
DA:709,0
DA:710,0
DA:711,0
DA:716,0
DA:717,0
LF:217
LH:0
BRDA:34,0,0,0
BRDA:34,0,1,0
BRDA:34,1,0,0
BRDA:34,1,1,0
BRDA:34,2,0,0
BRDA:34,2,1,0
BRDA:34,3,0,0
BRDA:34,3,1,0
BRDA:36,4,0,0
BRDA:36,4,1,0
BRDA:36,5,0,0
BRDA:36,5,1,0
BRDA:281,6,0,0
BRDA:281,6,1,0
BRDA:326,7,0,0
BRDA:326,7,1,0
BRDA:328,8,0,0
BRDA:328,8,1,0
BRDA:332,9,0,0
BRDA:332,9,1,0
BRDA:346,10,0,0
BRDA:346,10,1,0
BRDA:381,11,0,0
BRDA:381,11,1,0
BRDA:385,12,0,0
BRDA:385,12,1,0
BRDA:385,13,0,0
BRDA:385,13,1,0
BRDA:385,13,2,0
BRDA:389,14,0,0
BRDA:389,14,1,0
BRDA:393,15,0,0
BRDA:393,15,1,0
BRDA:393,16,0,0
BRDA:393,16,1,0
BRDA:393,16,2,0
BRDA:397,17,0,0
BRDA:397,17,1,0
BRDA:397,18,0,0
BRDA:397,18,1,0
BRDA:397,18,2,0
BRDA:402,19,0,0
BRDA:402,19,1,0
BRDA:403,20,0,0
BRDA:403,20,1,0
BRDA:413,21,0,0
BRDA:413,21,1,0
BRDA:413,22,0,0
BRDA:413,22,1,0
BRDA:436,23,0,0
BRDA:436,23,1,0
BRDA:441,24,0,0
BRDA:441,24,1,0
BRDA:473,25,0,0
BRDA:473,25,1,0
BRDA:475,26,0,0
BRDA:475,26,1,0
BRDA:495,27,0,0
BRDA:495,27,1,0
BRDA:495,28,0,0
BRDA:495,28,1,0
BRDA:502,29,0,0
BRDA:502,29,1,0
BRDA:511,30,0,0
BRDA:511,30,1,0
BRDA:511,31,0,0
BRDA:511,31,1,0
BRDA:531,32,0,0
BRDA:531,32,1,0
BRDA:531,33,0,0
BRDA:531,33,1,0
BRDA:537,34,0,0
BRDA:537,34,1,0
BRDA:537,35,0,0
BRDA:537,35,1,0
BRDA:543,36,0,0
BRDA:543,36,1,0
BRDA:543,37,0,0
BRDA:543,37,1,0
BRDA:557,38,0,0
BRDA:557,38,1,0
BRDA:561,39,0,0
BRDA:561,39,1,0
BRDA:644,40,0,0
BRDA:644,40,1,0
BRDA:644,41,0,0
BRDA:644,41,1,0
BRDA:648,42,0,0
BRDA:648,42,1,0
BRDA:650,43,0,0
BRDA:650,43,1,0
BRDA:653,44,0,0
BRDA:653,44,1,0
BRDA:655,45,0,0
BRDA:655,45,1,0
BRDA:703,46,0,0
BRDA:703,46,1,0
BRDA:709,47,0,0
BRDA:709,47,1,0
BRDA:710,48,0,0
BRDA:710,48,1,0
BRDA:711,49,0,0
BRDA:711,49,1,0
BRDA:716,50,0,0
BRDA:716,50,1,0
BRDA:716,51,0,0
BRDA:716,51,1,0
BRDA:716,52,0,0
BRDA:716,52,1,0
BRDA:716,53,0,0
BRDA:716,53,1,0
BRDA:716,54,0,0
BRDA:716,54,1,0
BRF:113
BRH:0
end_of_record
TN:
SF:E:\work\wikimoeCardByNodeJS-2.12.0\view\src\app\components\battle.vue
FN:1,(anonymous_0)
FN:14,_interopRequireWildcard
FN:32,data
FN:38,mounted
FN:43,seeMyInfo
FN:47,closeBattle
FN:53,MergeArray
FN:72,drawBattle
FN:141,(anonymous_8)
FN:179,initGameEndSdence
FN:240,initBattleSence
FN:331,seeMyInfo_
FN:334,drawBattle
FN:361,cardAnime
FN:380,creatEffAnime
FN:391,(anonymous_15)
FN:401,setEffanime
FN:571,SANCount
FN:622,cardUseSkill
FN:685,cardEnter
FN:712,sencenChange
FN:730,initGameStartSence
FN:766,gameStartAnime
FN:783,(anonymous_23)
FN:828,beforeDestroy
FN:835,render
FN:835,(anonymous_26)
FNF:27
FNH:0
FNDA:0,(anonymous_0)
FNDA:0,_interopRequireWildcard
FNDA:0,data
FNDA:0,mounted
FNDA:0,seeMyInfo
FNDA:0,closeBattle
FNDA:0,MergeArray
FNDA:0,drawBattle
FNDA:0,(anonymous_8)
FNDA:0,initGameEndSdence
FNDA:0,initBattleSence
FNDA:0,seeMyInfo_
FNDA:0,drawBattle
FNDA:0,cardAnime
FNDA:0,creatEffAnime
FNDA:0,(anonymous_15)
FNDA:0,setEffanime
FNDA:0,SANCount
FNDA:0,cardUseSkill
FNDA:0,cardEnter
FNDA:0,sencenChange
FNDA:0,initGameStartSence
FNDA:0,gameStartAnime
FNDA:0,(anonymous_23)
FNDA:0,beforeDestroy
FNDA:0,render
FNDA:0,(anonymous_26)
DA:1,0
DA:4,0
DA:8,0
DA:10,0
DA:12,0
DA:14,0
DA:26,0
DA:33,0
DA:39,0
DA:44,0
DA:45,0
DA:48,0
DA:49,0
DA:50,0
DA:54,0
DA:55,0
DA:56,0
DA:58,0
DA:59,0
DA:60,0
DA:61,0
DA:62,0
DA:63,0
DA:66,0
DA:67,0
DA:70,0
DA:73,0
DA:75,0
DA:76,0
DA:77,0
DA:78,0
DA:79,0
DA:80,0
DA:83,0
DA:84,0
DA:86,0
DA:87,0
DA:88,0
DA:89,0
DA:90,0
DA:91,0
DA:92,0
DA:93,0
DA:94,0
DA:95,0
DA:96,0
DA:97,0
DA:98,0
DA:99,0
DA:100,0
DA:102,0
DA:104,0
DA:106,0
DA:107,0
DA:108,0
DA:109,0
DA:111,0
DA:112,0
DA:113,0
DA:114,0
DA:115,0
DA:116,0
DA:117,0
DA:118,0
DA:119,0
DA:122,0
DA:123,0
DA:124,0
DA:126,0
DA:127,0
DA:128,0
DA:130,0
DA:132,0
DA:134,0
DA:135,0
DA:136,0
DA:137,0
DA:138,0
DA:139,0
DA:141,0
DA:142,0
DA:143,0
DA:144,0
DA:145,0
DA:146,0
DA:148,0
DA:149,0
DA:150,0
DA:151,0
DA:152,0
DA:153,0
DA:154,0
DA:155,0
DA:157,0
DA:158,0
DA:160,0
DA:161,0
DA:162,0
DA:163,0
DA:164,0
DA:165,0
DA:166,0
DA:167,0
DA:169,0
DA:170,0
DA:172,0
DA:173,0
DA:174,0
DA:175,0
DA:176,0
DA:180,0
DA:181,0
DA:182,0
DA:183,0
DA:184,0
DA:185,0
DA:186,0
DA:188,0
DA:190,0
DA:191,0
DA:192,0
DA:194,0
DA:195,0
DA:196,0
DA:198,0
DA:200,0
DA:201,0
DA:202,0
DA:203,0
DA:204,0
DA:205,0
DA:206,0
DA:208,0
DA:209,0
DA:210,0
DA:211,0
DA:212,0
DA:213,0
DA:214,0
DA:216,0
DA:217,0
DA:218,0
DA:219,0
DA:220,0
DA:221,0
DA:222,0
DA:225,0
DA:241,0
DA:243,0
DA:244,0
DA:248,0
DA:250,0
DA:251,0
DA:252,0
DA:253,0
DA:255,0
DA:256,0
DA:257,0
DA:258,0
DA:260,0
DA:261,0
DA:262,0
DA:264,0
DA:265,0
DA:266,0
DA:267,0
DA:269,0
DA:270,0
DA:271,0
DA:272,0
DA:274,0
DA:275,0
DA:276,0
DA:278,0
DA:279,0
DA:280,0
DA:282,0
DA:284,0
DA:285,0
DA:286,0
DA:287,0
DA:288,0
DA:290,0
DA:291,0
DA:292,0
DA:293,0
DA:294,0
DA:296,0
DA:297,0
DA:298,0
DA:299,0
DA:300,0
DA:303,0
DA:304,0
DA:305,0
DA:306,0
DA:307,0
DA:311,0
DA:312,0
DA:314,0
DA:315,0
DA:316,0
DA:317,0
DA:320,0
DA:332,0
DA:335,0
DA:336,0
DA:337,0
DA:338,0
DA:339,0
DA:341,0
DA:342,0
DA:344,0
DA:347,0
DA:349,0
DA:350,0
DA:351,0
DA:352,0
DA:353,0
DA:355,0
DA:356,0
DA:357,0
DA:362,0
DA:363,0
DA:364,0
DA:365,0
DA:366,0
DA:367,0
DA:369,0
DA:371,0
DA:372,0
DA:373,0
DA:374,0
DA:376,0
DA:378,0
DA:381,0
DA:383,0
DA:384,0
DA:385,0
DA:386,0
DA:387,0
DA:388,0
DA:389,0
DA:390,0
DA:391,0
DA:392,0
DA:393,0
DA:394,0
DA:396,0
DA:397,0
DA:398,0
DA:399,0
DA:402,0
DA:403,0
DA:411,0
DA:413,0
DA:415,0
DA:416,0
DA:417,0
DA:418,0
DA:419,0
DA:420,0
DA:421,0
DA:422,0
DA:423,0
DA:424,0
DA:426,0
DA:427,0
DA:428,0
DA:429,0
DA:431,0
DA:432,0
DA:433,0
DA:436,0
DA:437,0
DA:438,0
DA:441,0
DA:442,0
DA:443,0
DA:444,0
DA:445,0
DA:449,0
DA:450,0
DA:451,0
DA:452,0
DA:453,0
DA:454,0
DA:455,0
DA:461,0
DA:462,0
DA:464,0
DA:465,0
DA:468,0
DA:469,0
DA:470,0
DA:471,0
DA:472,0
DA:473,0
DA:474,0
DA:475,0
DA:476,0
DA:477,0
DA:478,0
DA:480,0
DA:481,0
DA:482,0
DA:483,0
DA:485,0
DA:486,0
DA:487,0
DA:490,0
DA:491,0
DA:492,0
DA:494,0
DA:495,0
DA:496,0
DA:497,0
DA:498,0
DA:504,0
DA:505,0
DA:506,0
DA:507,0
DA:508,0
DA:509,0
DA:510,0
DA:516,0
DA:517,0
DA:519,0
DA:520,0
DA:569,0
DA:570,0
DA:572,0
DA:573,0
DA:574,0
DA:575,0
DA:576,0
DA:578,0
DA:579,0
DA:580,0
DA:583,0
DA:584,0
DA:585,0
DA:588,0
DA:589,0
DA:590,0
DA:591,0
DA:593,0
DA:594,0
DA:595,0
DA:596,0
DA:598,0
DA:599,0
DA:601,0
DA:602,0
DA:603,0
DA:606,0
DA:607,0
DA:608,0
DA:611,0
DA:612,0
DA:613,0
DA:614,0
DA:616,0
DA:617,0
DA:618,0
DA:619,0
DA:623,0
DA:624,0
DA:625,0
DA:626,0
DA:627,0
DA:628,0
DA:630,0
DA:631,0
DA:632,0
DA:633,0
DA:634,0
DA:637,0
DA:638,0
DA:639,0
DA:640,0
DA:641,0
DA:642,0
DA:643,0
DA:645,0
DA:646,0
DA:647,0
DA:649,0
DA:651,0
DA:655,0
DA:656,0
DA:657,0
DA:659,0
DA:660,0
DA:661,0
DA:662,0
DA:663,0
DA:666,0
DA:667,0
DA:668,0
DA:669,0
DA:670,0
DA:671,0
DA:672,0
DA:674,0
DA:675,0
DA:676,0
DA:678,0
DA:680,0
DA:686,0
DA:687,0
DA:688,0
DA:689,0
DA:690,0
DA:691,0
DA:692,0
DA:694,0
DA:695,0
DA:696,0
DA:697,0
DA:699,0
DA:700,0
DA:702,0
DA:704,0
DA:705,0
DA:707,0
DA:713,0
DA:714,0
DA:715,0
DA:716,0
DA:718,0
DA:719,0
DA:720,0
DA:722,0
DA:723,0
DA:724,0
DA:728,0
DA:729,0
DA:731,0
DA:732,0
DA:733,0
DA:735,0
DA:736,0
DA:738,0
DA:739,0
DA:740,0
DA:742,0
DA:743,0
DA:745,0
DA:746,0
DA:748,0
DA:750,0
DA:751,0
DA:752,0
DA:754,0
DA:755,0
DA:756,0
DA:758,0
DA:759,0
DA:761,0
DA:762,0
DA:764,0
DA:767,0
DA:768,0
DA:769,0
DA:771,0
DA:772,0
DA:773,0
DA:775,0
DA:776,0
DA:777,0
DA:779,0
DA:780,0
DA:783,0
DA:785,0
DA:786,0
DA:787,0
DA:788,0
DA:789,0
DA:790,0
DA:791,0
DA:793,0
DA:794,0
DA:796,0
DA:799,0
DA:801,0
DA:803,0
DA:805,0
DA:806,0
DA:807,0
DA:808,0
DA:809,0
DA:810,0
DA:811,0
DA:812,0
DA:816,0
DA:817,0
DA:818,0
DA:819,0
DA:820,0
DA:821,0
DA:822,0
DA:829,0
DA:833,0
DA:834,0
DA:835,0
DA:836,0
LF:507
LH:0
BRDA:14,0,0,0
BRDA:14,0,1,0
BRDA:14,1,0,0
BRDA:14,1,1,0
BRDA:14,2,0,0
BRDA:14,2,1,0
BRDA:14,3,0,0
BRDA:14,3,1,0
BRDA:48,4,0,0
BRDA:48,4,1,0
BRDA:61,5,0,0
BRDA:61,5,1,0
BRDA:66,6,0,0
BRDA:66,6,1,0
BRDA:81,7,0,0
BRDA:81,7,1,0
BRDA:127,8,0,0
BRDA:127,8,1,0
BRDA:183,9,0,0
BRDA:183,9,1,0
BRDA:185,10,0,0
BRDA:185,10,1,0
BRDA:191,11,0,0
BRDA:191,11,1,0
BRDA:194,12,0,0
BRDA:194,12,1,0
BRDA:198,13,0,0
BRDA:198,13,1,0
BRDA:335,14,0,0
BRDA:335,14,1,0
BRDA:337,15,0,0
BRDA:337,15,1,0
BRDA:341,16,0,0
BRDA:341,16,1,0
BRDA:342,17,0,0
BRDA:342,17,1,0
BRDA:349,18,0,0
BRDA:349,18,1,0
BRDA:349,19,0,0
BRDA:349,19,1,0
BRDA:351,20,0,0
BRDA:351,20,1,0
BRDA:363,21,0,0
BRDA:363,21,1,0
BRDA:364,22,0,0
BRDA:364,22,1,0
BRDA:371,23,0,0
BRDA:371,23,1,0
BRDA:381,24,0,0
BRDA:381,24,1,0
BRDA:381,25,0,0
BRDA:381,25,1,0
BRDA:411,26,0,0
BRDA:411,26,1,0
BRDA:420,27,0,0
BRDA:420,27,1,0
BRDA:420,28,0,0
BRDA:420,28,1,0
BRDA:423,29,0,0
BRDA:423,29,1,0
BRDA:426,30,0,0
BRDA:426,30,1,0
BRDA:428,31,0,0
BRDA:428,31,1,0
BRDA:441,32,0,0
BRDA:441,32,1,0
BRDA:442,33,0,0
BRDA:442,33,1,0
BRDA:444,34,0,0
BRDA:444,34,1,0
BRDA:449,35,0,0
BRDA:449,35,1,0
BRDA:450,36,0,0
BRDA:450,36,1,0
BRDA:452,37,0,0
BRDA:452,37,1,0
BRDA:454,38,0,0
BRDA:454,38,1,0
BRDA:461,39,0,0
BRDA:461,39,1,0
BRDA:464,40,0,0
BRDA:464,40,1,0
BRDA:474,41,0,0
BRDA:474,41,1,0
BRDA:474,42,0,0
BRDA:474,42,1,0
BRDA:477,43,0,0
BRDA:477,43,1,0
BRDA:480,44,0,0
BRDA:480,44,1,0
BRDA:482,45,0,0
BRDA:482,45,1,0
BRDA:494,46,0,0
BRDA:494,46,1,0
BRDA:495,47,0,0
BRDA:495,47,1,0
BRDA:497,48,0,0
BRDA:497,48,1,0
BRDA:504,49,0,0
BRDA:504,49,1,0
BRDA:505,50,0,0
BRDA:505,50,1,0
BRDA:507,51,0,0
BRDA:507,51,1,0
BRDA:509,52,0,0
BRDA:509,52,1,0
BRDA:516,53,0,0
BRDA:516,53,1,0
BRDA:519,54,0,0
BRDA:519,54,1,0
BRDA:574,55,0,0
BRDA:574,55,1,0
BRDA:579,56,0,0
BRDA:579,56,1,0
BRDA:584,57,0,0
BRDA:584,57,1,0
BRDA:602,58,0,0
BRDA:602,58,1,0
BRDA:607,59,0,0
BRDA:607,59,1,0
BRDA:625,60,0,0
BRDA:625,60,1,0
BRDA:626,61,0,0
BRDA:626,61,1,0
BRDA:630,62,0,0
BRDA:630,62,1,0
BRDA:632,63,0,0
BRDA:632,63,1,0
BRDA:638,64,0,0
BRDA:638,64,1,0
BRDA:641,65,0,0
BRDA:641,65,1,0
BRDA:641,66,0,0
BRDA:641,66,1,0
BRDA:646,67,0,0
BRDA:646,67,1,0
BRDA:655,68,0,0
BRDA:655,68,1,0
BRDA:659,69,0,0
BRDA:659,69,1,0
BRDA:661,70,0,0
BRDA:661,70,1,0
BRDA:667,71,0,0
BRDA:667,71,1,0
BRDA:667,72,0,0
BRDA:667,72,1,0
BRDA:670,73,0,0
BRDA:670,73,1,0
BRDA:670,74,0,0
BRDA:670,74,1,0
BRDA:675,75,0,0
BRDA:675,75,1,0
BRDA:690,76,0,0
BRDA:690,76,1,0
BRDA:695,77,0,0
BRDA:695,77,1,0
BRDA:697,78,0,0
BRDA:697,78,1,0
BRDA:702,79,0,0
BRDA:702,79,1,0
BRDA:702,80,0,0
BRDA:702,80,1,0
BRDA:713,81,0,0
BRDA:713,81,1,0
BRDA:713,82,0,0
BRDA:713,82,1,0
BRDA:715,83,0,0
BRDA:715,83,1,0
BRDA:718,84,0,0
BRDA:718,84,1,0
BRDA:719,85,0,0
BRDA:719,85,1,0
BRDA:767,86,0,0
BRDA:767,86,1,0
BRDA:771,87,0,0
BRDA:771,87,1,0
BRDA:775,88,0,0
BRDA:775,88,1,0
BRDA:775,89,0,0
BRDA:775,89,1,0
BRDA:785,90,0,0
BRDA:785,90,1,0
BRDA:786,91,0,0
BRDA:786,91,1,0
BRDA:789,92,0,0
BRDA:789,92,1,0
BRDA:793,93,0,0
BRDA:793,93,1,0
BRDA:799,94,0,0
BRDA:799,94,1,0
BRDA:803,95,0,0
BRDA:803,95,1,0
BRDA:806,96,0,0
BRDA:806,96,1,0
BRDA:809,97,0,0
BRDA:809,97,1,0
BRDA:816,98,0,0
BRDA:816,98,1,0
BRDA:817,99,0,0
BRDA:817,99,1,0
BRDA:819,100,0,0
BRDA:819,100,1,0
BRDA:821,101,0,0
BRDA:821,101,1,0
BRDA:833,102,0,0
BRDA:833,102,1,0
BRDA:834,103,0,0
BRDA:834,103,1,0
BRDA:835,104,0,0
BRDA:835,104,1,0
BRF:210
BRH:0
end_of_record
TN:
SF:E:\work\wikimoeCardByNodeJS-2.12.0\view\src\app\components\captcha.vue
FN:1,(anonymous_0)
FN:41,data
FN:50,codeShow
FN:53,codeDigShow
FN:58,captchaUpdata
FN:61,goto
FN:69,render
FN:69,(anonymous_7)
FN:69,(anonymous_8)
FN:69,(anonymous_9)
FN:69,(anonymous_10)
FNF:11
FNH:0
FNDA:0,(anonymous_0)
FNDA:0,data
FNDA:0,codeShow
FNDA:0,codeDigShow
FNDA:0,captchaUpdata
FNDA:0,goto
FNDA:0,render
FNDA:0,(anonymous_7)
FNDA:0,(anonymous_8)
FNDA:0,(anonymous_9)
FNDA:0,(anonymous_10)
DA:1,0
DA:4,0
DA:34,0
DA:42,0
DA:51,0
DA:54,0
DA:59,0
DA:62,0
DA:67,0
DA:68,0
DA:69,0
DA:70,0
LF:12
LH:0
BRDA:67,0,0,0
BRDA:67,0,1,0
BRDA:68,1,0,0
BRDA:68,1,1,0
BRDA:69,2,0,0
BRDA:69,2,1,0
BRDA:69,3,0,0
BRDA:69,3,1,0
BRDA:69,4,0,0
BRDA:69,4,1,0
BRF:10
BRH:0
end_of_record
TN:
SF:E:\work\wikimoeCardByNodeJS-2.12.0\view\src\app\components\cardInfo.vue
FN:1,(anonymous_0)
FN:18,_interopRequireDefault
FN:31,data
FN:48,formatter
FN:69,mounted
FN:82,leftType
FN:103,cry
FN:124,rightType
FN:153,cardData
FN:160,cardInfoDigShow
FN:163,cardInfoShow
FN:166,codeDigShow
FN:171,wantCard
FN:175,buyCard
FN:180,sendCaptcha
FN:192,(anonymous_15)
FN:215,(anonymous_16)
FN:233,captchaDigShow
FN:236,minPriceCal
FN:248,cardPageChange
FN:252,getUserMarket
FN:267,(anonymous_21)
FN:284,resetChart
FN:290,resetData
FN:301,capitalize
FN:306,getChart
FN:314,(anonymous_26)
FN:331,goMarket
FN:345,dataConvert
FN:348,(anonymous_29)
FN:493,render
FN:493,(anonymous_31)
FN:493,(anonymous_32)
FN:493,(anonymous_33)
FN:493,(anonymous_34)
FN:493,(anonymous_35)
FN:493,(anonymous_36)
FN:493,(anonymous_37)
FN:493,(anonymous_38)
FN:493,(anonymous_39)
FNF:40
FNH:0
FNDA:0,(anonymous_0)
FNDA:0,_interopRequireDefault
FNDA:0,data
FNDA:0,formatter
FNDA:0,mounted
FNDA:0,leftType
FNDA:0,cry
FNDA:0,rightType
FNDA:0,cardData
FNDA:0,cardInfoDigShow
FNDA:0,cardInfoShow
FNDA:0,codeDigShow
FNDA:0,wantCard
FNDA:0,buyCard
FNDA:0,sendCaptcha
FNDA:0,(anonymous_15)
FNDA:0,(anonymous_16)
FNDA:0,captchaDigShow
FNDA:0,minPriceCal
FNDA:0,cardPageChange
FNDA:0,getUserMarket
FNDA:0,(anonymous_21)
FNDA:0,resetChart
FNDA:0,resetData
FNDA:0,capitalize
FNDA:0,getChart
FNDA:0,(anonymous_26)
FNDA:0,goMarket
FNDA:0,dataConvert
FNDA:0,(anonymous_29)
FNDA:0,render
FNDA:0,(anonymous_31)
FNDA:0,(anonymous_32)
FNDA:0,(anonymous_33)
FNDA:0,(anonymous_34)
FNDA:0,(anonymous_35)
FNDA:0,(anonymous_36)
FNDA:0,(anonymous_37)
FNDA:0,(anonymous_38)
FNDA:0,(anonymous_39)
DA:1,0
DA:4,0
DA:8,0
DA:10,0
DA:12,0
DA:14,0
DA:16,0
DA:18,0
DA:20,0
DA:32,0
DA:49,0
DA:70,0
DA:71,0
DA:72,0
DA:73,0
DA:83,0
DA:84,0
DA:86,0
DA:87,0
DA:89,0
DA:90,0
DA:92,0
DA:93,0
DA:95,0
DA:96,0
DA:98,0
DA:99,0
DA:101,0
DA:104,0
DA:105,0
DA:107,0
DA:108,0
DA:110,0
DA:111,0
DA:113,0
DA:114,0
DA:116,0
DA:117,0
DA:119,0
DA:120,0
DA:122,0
DA:125,0
DA:126,0
DA:128,0
DA:129,0
DA:131,0
DA:132,0
DA:134,0
DA:135,0
DA:137,0
DA:138,0
DA:140,0
DA:141,0
DA:143,0
DA:144,0
DA:146,0
DA:147,0
DA:149,0
DA:154,0
DA:155,0
DA:156,0
DA:157,0
DA:161,0
DA:164,0
DA:167,0
DA:172,0
DA:173,0
DA:176,0
DA:177,0
DA:178,0
DA:181,0
DA:184,0
DA:186,0
DA:192,0
DA:193,0
DA:194,0
DA:195,0
DA:196,0
DA:197,0
DA:201,0
DA:202,0
DA:203,0
DA:204,0
DA:209,0
DA:215,0
DA:216,0
DA:217,0
DA:218,0
DA:219,0
DA:220,0
DA:221,0
DA:223,0
DA:228,0
DA:234,0
DA:238,0
DA:239,0
DA:240,0
DA:241,0
DA:242,0
DA:243,0
DA:245,0
DA:249,0
DA:250,0
DA:253,0
DA:255,0
DA:266,0
DA:267,0
DA:268,0
DA:269,0
DA:270,0
DA:271,0
DA:272,0
DA:273,0
DA:274,0
DA:275,0
DA:277,0
DA:278,0
DA:279,0
DA:285,0
DA:291,0
DA:292,0
DA:293,0
DA:294,0
DA:295,0
DA:296,0
DA:297,0
DA:298,0
DA:299,0
DA:302,0
DA:303,0
DA:304,0
DA:307,0
DA:309,0
DA:310,0
DA:314,0
DA:315,0
DA:316,0
DA:317,0
DA:318,0
DA:319,0
DA:320,0
DA:321,0
DA:322,0
DA:324,0
DA:327,0
DA:332,0
DA:346,0
DA:347,0
DA:348,0
DA:349,0
DA:350,0
DA:352,0
DA:355,0
DA:491,0
DA:492,0
DA:493,0
DA:494,0
LF:157
LH:0
BRDA:18,0,0,0
BRDA:18,0,1,0
BRDA:18,1,0,0
BRDA:18,1,1,0
BRDA:44,2,0,0
BRDA:44,2,1,0
BRDA:70,3,0,0
BRDA:70,3,1,0
BRDA:84,4,0,0
BRDA:84,4,1,0
BRDA:84,4,2,0
BRDA:84,4,3,0
BRDA:84,4,4,0
BRDA:105,5,0,0
BRDA:105,5,1,0
BRDA:105,5,2,0
BRDA:105,5,3,0
BRDA:105,5,4,0
BRDA:126,6,0,0
BRDA:126,6,1,0
BRDA:126,6,2,0
BRDA:126,6,3,0
BRDA:126,6,4,0
BRDA:126,6,5,0
BRDA:126,6,6,0
BRDA:154,7,0,0
BRDA:154,7,1,0
BRDA:184,8,0,0
BRDA:184,8,1,0
BRDA:194,9,0,0
BRDA:194,9,1,0
BRDA:196,10,0,0
BRDA:196,10,1,0
BRDA:217,11,0,0
BRDA:217,11,1,0
BRDA:219,12,0,0
BRDA:219,12,1,0
BRDA:220,13,0,0
BRDA:220,13,1,0
BRDA:238,14,0,0
BRDA:238,14,1,0
BRDA:240,15,0,0
BRDA:240,15,1,0
BRDA:242,16,0,0
BRDA:242,16,1,0
BRDA:270,17,0,0
BRDA:270,17,1,0
BRDA:272,18,0,0
BRDA:272,18,1,0
BRDA:273,19,0,0
BRDA:273,19,1,0
BRDA:273,20,0,0
BRDA:273,20,1,0
BRDA:303,21,0,0
BRDA:303,21,1,0
BRDA:303,22,0,0
BRDA:303,22,1,0
BRDA:303,23,0,0
BRDA:303,23,1,0
BRDA:303,24,0,0
BRDA:303,24,1,0
BRDA:303,25,0,0
BRDA:303,25,1,0
BRDA:316,26,0,0
BRDA:316,26,1,0
BRDA:318,27,0,0
BRDA:318,27,1,0
BRDA:349,28,0,0
BRDA:349,28,1,0
BRDA:491,29,0,0
BRDA:491,29,1,0
BRDA:492,30,0,0
BRDA:492,30,1,0
BRDA:493,31,0,0
BRDA:493,31,1,0
BRDA:493,32,0,0
BRDA:493,32,1,0
BRDA:493,33,0,0
BRDA:493,33,1,0
BRDA:493,34,0,0
BRDA:493,34,1,0
BRDA:493,35,0,0
BRDA:493,35,1,0
BRDA:493,36,0,0
BRDA:493,36,1,0
BRDA:493,37,0,0
BRDA:493,37,1,0
BRDA:493,38,0,0
BRDA:493,38,1,0
BRDA:493,39,0,0
BRDA:493,39,1,0
BRDA:493,40,0,0
BRDA:493,40,1,0
BRF:93
BRH:0
end_of_record
TN:
SF:E:\work\wikimoeCardByNodeJS-2.12.0\view\src\app\components\decomposehead.vue
FN:1,(anonymous_0)
FN:16,data
FN:23,handleSelect
FN:31,render
FNF:4
FNH:0
FNDA:0,(anonymous_0)
FNDA:0,data
FNDA:0,handleSelect
FNDA:0,render
DA:1,0
DA:4,0
DA:15,0
DA:17,0
DA:24,0
DA:29,0
DA:30,0
DA:31,0
DA:32,0
LF:9
LH:0
BRDA:29,0,0,0
BRDA:29,0,1,0
BRDA:30,1,0,0
BRDA:30,1,1,0
BRDA:31,2,0,0
BRDA:31,2,1,0
BRF:6
BRH:0
end_of_record
TN:
SF:E:\work\wikimoeCardByNodeJS-2.12.0\view\src\app\components\live2d.vue
FN:1,(anonymous_0)
FN:22,_interopRequireDefault
FN:24,_interopRequireWildcard
FN:27,data
FN:40,mounted
FN:56,closeSprite
FN:62,showCloseBtnMeth
FN:66,closeMassage
FN:73,showMessage
FN:83,(anonymous_9)
FN:88,init
FN:111,(anonymous_11)
FN:130,(anonymous_12)
FN:154,(anonymous_13)
FN:179,render
FN:179,(anonymous_15)
FN:179,(anonymous_16)
FNF:17
FNH:0
FNDA:0,(anonymous_0)
FNDA:0,_interopRequireDefault
FNDA:0,_interopRequireWildcard
FNDA:0,data
FNDA:0,mounted
FNDA:0,closeSprite
FNDA:0,showCloseBtnMeth
FNDA:0,closeMassage
FNDA:0,showMessage
FNDA:0,(anonymous_9)
FNDA:0,init
FNDA:0,(anonymous_11)
FNDA:0,(anonymous_12)
FNDA:0,(anonymous_13)
FNDA:0,render
FNDA:0,(anonymous_15)
FNDA:0,(anonymous_16)
DA:1,0
DA:4,0
DA:8,0
DA:10,0
DA:12,0
DA:14,0
DA:16,0
DA:18,0
DA:20,0
DA:22,0
DA:24,0
DA:26,0
DA:28,0
DA:41,0
DA:42,0
DA:43,0
DA:44,0
DA:45,0
DA:46,0
DA:47,0
DA:48,0
DA:50,0
DA:57,0
DA:58,0
DA:59,0
DA:60,0
DA:63,0
DA:64,0
DA:67,0
DA:68,0
DA:69,0
DA:70,0
DA:74,0
DA:76,0
DA:77,0
DA:78,0
DA:79,0
DA:80,0
DA:82,0
DA:83,0
DA:84,0
DA:89,0
DA:91,0
DA:92,0
DA:93,0
DA:94,0
DA:95,0
DA:97,0
DA:98,0
DA:104,0
DA:107,0
DA:108,0
DA:109,0
DA:111,0
DA:112,0
DA:113,0
DA:114,0
DA:115,0
DA:116,0
DA:117,0
DA:118,0
DA:119,0
DA:126,0
DA:128,0
DA:129,0
DA:130,0
DA:131,0
DA:132,0
DA:133,0
DA:134,0
DA:135,0
DA:136,0
DA:137,0
DA:138,0
DA:139,0
DA:140,0
DA:141,0
DA:142,0
DA:143,0
DA:144,0
DA:145,0
DA:146,0
DA:147,0
DA:148,0
DA:149,0
DA:150,0
DA:152,0
DA:154,0
DA:155,0
DA:157,0
DA:158,0
DA:177,0
DA:178,0
DA:179,0
DA:180,0
LF:95
LH:0
BRDA:22,0,0,0
BRDA:22,0,1,0
BRDA:22,1,0,0
BRDA:22,1,1,0
BRDA:24,2,0,0
BRDA:24,2,1,0
BRDA:24,3,0,0
BRDA:24,3,1,0
BRDA:24,4,0,0
BRDA:24,4,1,0
BRDA:24,5,0,0
BRDA:24,5,1,0
BRDA:44,6,0,0
BRDA:44,6,1,0
BRDA:47,7,0,0
BRDA:47,7,1,0
BRDA:68,8,0,0
BRDA:68,8,1,0
BRDA:77,9,0,0
BRDA:77,9,1,0
BRDA:79,10,0,0
BRDA:79,10,1,0
BRDA:114,11,0,0
BRDA:114,11,1,0
BRDA:117,12,0,0
BRDA:117,12,1,0
BRDA:131,13,0,0
BRDA:131,13,1,0
BRDA:135,14,0,0
BRDA:135,14,1,0
BRDA:135,15,0,0
BRDA:135,15,1,0
BRDA:137,16,0,0
BRDA:137,16,1,0
BRDA:137,17,0,0
BRDA:137,17,1,0
BRDA:139,18,0,0
BRDA:139,18,1,0
BRDA:139,19,0,0
BRDA:139,19,1,0
BRDA:141,20,0,0
BRDA:141,20,1,0
BRDA:141,21,0,0
BRDA:141,21,1,0
BRDA:143,22,0,0
BRDA:143,22,1,0
BRDA:143,23,0,0
BRDA:143,23,1,0
BRDA:145,24,0,0
BRDA:145,24,1,0
BRDA:145,25,0,0
BRDA:145,25,1,0
BRDA:147,26,0,0
BRDA:147,26,1,0
BRDA:147,27,0,0
BRDA:147,27,1,0
BRDA:149,28,0,0
BRDA:149,28,1,0
BRDA:149,29,0,0
BRDA:149,29,1,0
BRDA:177,30,0,0
BRDA:177,30,1,0
BRDA:178,31,0,0
BRDA:178,31,1,0
BRDA:179,32,0,0
BRDA:179,32,1,0
BRDA:179,33,0,0
BRDA:179,33,1,0
BRDA:179,33,2,0
BRF:69
BRH:0
end_of_record
TN:
SF:E:\work\wikimoeCardByNodeJS-2.12.0\view\src\app\components\marketCardList.vue
FN:1,(anonymous_0)
FN:37,data
FN:45,mounted
FN:49,send
FN:52,del
FN:56,reloadData
FN:61,(anonymous_6)
FN:65,closeDialog
FN:69,openDialog
FN:75,captchaUpdata
FN:78,minPriceCal
FN:90,getPackageName
FN:192,render
FN:192,(anonymous_13)
FN:192,(anonymous_14)
FN:192,(anonymous_15)
FN:192,(anonymous_16)
FN:192,(anonymous_17)
FN:192,(anonymous_18)
FN:192,(anonymous_19)
FN:192,(anonymous_20)
FNF:21
FNH:0
FNDA:0,(anonymous_0)
FNDA:0,data
FNDA:0,mounted
FNDA:0,send
FNDA:0,del
FNDA:0,reloadData
FNDA:0,(anonymous_6)
FNDA:0,closeDialog
FNDA:0,openDialog
FNDA:0,captchaUpdata
FNDA:0,minPriceCal
FNDA:0,getPackageName
FNDA:0,render
FNDA:0,(anonymous_13)
FNDA:0,(anonymous_14)
FNDA:0,(anonymous_15)
FNDA:0,(anonymous_16)
FNDA:0,(anonymous_17)
FNDA:0,(anonymous_18)
FNDA:0,(anonymous_19)
FNDA:0,(anonymous_20)
DA:1,0
DA:4,0
DA:8,0
DA:10,0
DA:38,0
DA:50,0
DA:53,0
DA:54,0
DA:57,0
DA:59,0
DA:60,0
DA:61,0
DA:62,0
DA:66,0
DA:67,0
DA:70,0
DA:71,0
DA:72,0
DA:73,0
DA:76,0
DA:80,0
DA:81,0
DA:82,0
DA:83,0
DA:84,0
DA:85,0
DA:87,0
DA:91,0
DA:92,0
DA:93,0
DA:95,0
DA:190,0
DA:191,0
DA:192,0
DA:193,0
LF:35
LH:0
BRDA:80,0,0,0
BRDA:80,0,1,0
BRDA:82,1,0,0
BRDA:82,1,1,0
BRDA:84,2,0,0
BRDA:84,2,1,0
BRDA:92,3,0,0
BRDA:92,3,1,0
BRDA:190,4,0,0
BRDA:190,4,1,0
BRDA:191,5,0,0
BRDA:191,5,1,0
BRDA:192,6,0,0
BRDA:192,6,1,0
BRDA:192,7,0,0
BRDA:192,7,1,0
BRDA:192,8,0,0
BRDA:192,8,1,0
BRF:18
BRH:0
end_of_record
TN:
SF:E:\work\wikimoeCardByNodeJS-2.12.0\view\src\app\components\menu.vue
FN:1,(anonymous_0)
FN:30,_interopRequireDefault
FN:460,data
FN:486,mounted
FN:499,capitalize
FN:511,updateVisible
FN:514,openOnlineUser
FN:517,dailygetedSearch
FN:540,(anonymous_8)
FN:552,getPostItem
FN:560,(anonymous_10)
FN:577,getPost
FN:585,(anonymous_12)
FN:597,goCouse
FN:600,getCardMd5
FN:611,openNews
FN:616,pageChange
FN:620,postPageChange
FN:624,getNews
FN:630,(anonymous_19)
FN:640,openDonate
FN:645,watchMyCard
FN:648,goHome
FN:651,cancelLoginShow
FN:662,goLogin
FN:684,(anonymous_25)
FN:706,getRememberEmail
FN:712,emailToLowerCase
FN:715,captchaUpdata
FN:718,login
FN:729,goLink
FN:746,render
FN:746,(anonymous_32)
FN:746,(anonymous_33)
FN:746,(anonymous_34)
FN:746,(anonymous_35)
FN:746,(anonymous_36)
FN:746,(anonymous_37)
FN:746,(anonymous_38)
FN:746,(anonymous_39)
FN:746,(anonymous_40)
FN:746,(anonymous_41)
FN:746,(anonymous_42)
FN:746,(anonymous_43)
FN:746,(anonymous_44)
FN:746,(anonymous_45)
FN:746,(anonymous_46)
FN:746,(anonymous_47)
FN:746,(anonymous_48)
FN:746,(anonymous_49)
FN:746,(anonymous_50)
FN:746,(anonymous_51)
FN:746,(anonymous_52)
FN:746,(anonymous_53)
FN:746,(anonymous_54)
FN:746,(anonymous_55)
FN:746,(anonymous_56)
FN:746,(anonymous_57)
FN:746,(anonymous_58)
FN:746,(anonymous_59)
FN:746,(anonymous_60)
FN:746,(anonymous_61)
FN:746,(anonymous_62)
FN:746,(anonymous_63)
FN:746,(anonymous_64)
FN:746,(anonymous_65)
FN:746,(anonymous_66)
FN:746,(anonymous_67)
FN:746,(anonymous_68)
FN:746,(anonymous_69)
FN:746,(anonymous_70)
FN:746,(anonymous_71)
FN:746,(anonymous_72)
FN:746,(anonymous_73)
FN:746,(anonymous_74)
FN:746,(anonymous_75)
FN:746,(anonymous_76)
FN:746,(anonymous_77)
FN:746,(anonymous_78)
FN:746,(anonymous_79)
FN:746,(anonymous_80)
FN:746,(anonymous_81)
FN:746,(anonymous_82)
FN:746,(anonymous_83)
FN:746,(anonymous_84)
FN:746,(anonymous_85)
FN:747,render
FN:747,render
FN:747,render
FN:747,render
FN:747,render
FN:747,render
FN:747,render
FN:747,render
FN:747,render
FN:747,render
FN:747,render
FN:747,render
FN:747,render
FN:747,render
FN:747,render
FNF:101
FNH:0
FNDA:0,(anonymous_0)
FNDA:0,_interopRequireDefault
FNDA:0,data
FNDA:0,mounted
FNDA:0,capitalize
FNDA:0,updateVisible
FNDA:0,openOnlineUser
FNDA:0,dailygetedSearch
FNDA:0,(anonymous_8)
FNDA:0,getPostItem
FNDA:0,(anonymous_10)
FNDA:0,getPost
FNDA:0,(anonymous_12)
FNDA:0,goCouse
FNDA:0,getCardMd5
FNDA:0,openNews
FNDA:0,pageChange
FNDA:0,postPageChange
FNDA:0,getNews
FNDA:0,(anonymous_19)
FNDA:0,openDonate
FNDA:0,watchMyCard
FNDA:0,goHome
FNDA:0,cancelLoginShow
FNDA:0,goLogin
FNDA:0,(anonymous_25)
FNDA:0,getRememberEmail
FNDA:0,emailToLowerCase
FNDA:0,captchaUpdata
FNDA:0,login
FNDA:0,goLink
FNDA:0,render
FNDA:0,(anonymous_32)
FNDA:0,(anonymous_33)
FNDA:0,(anonymous_34)
FNDA:0,(anonymous_35)
FNDA:0,(anonymous_36)
FNDA:0,(anonymous_37)
FNDA:0,(anonymous_38)
FNDA:0,(anonymous_39)
FNDA:0,(anonymous_40)
FNDA:0,(anonymous_41)
FNDA:0,(anonymous_42)
FNDA:0,(anonymous_43)
FNDA:0,(anonymous_44)
FNDA:0,(anonymous_45)
FNDA:0,(anonymous_46)
FNDA:0,(anonymous_47)
FNDA:0,(anonymous_48)
FNDA:0,(anonymous_49)
FNDA:0,(anonymous_50)
FNDA:0,(anonymous_51)
FNDA:0,(anonymous_52)
FNDA:0,(anonymous_53)
FNDA:0,(anonymous_54)
FNDA:0,(anonymous_55)
FNDA:0,(anonymous_56)
FNDA:0,(anonymous_57)
FNDA:0,(anonymous_58)
FNDA:0,(anonymous_59)
FNDA:0,(anonymous_60)
FNDA:0,(anonymous_61)
FNDA:0,(anonymous_62)
FNDA:0,(anonymous_63)
FNDA:0,(anonymous_64)
FNDA:0,(anonymous_65)
FNDA:0,(anonymous_66)
FNDA:0,(anonymous_67)
FNDA:0,(anonymous_68)
FNDA:0,(anonymous_69)
FNDA:0,(anonymous_70)
FNDA:0,(anonymous_71)
FNDA:0,(anonymous_72)
FNDA:0,(anonymous_73)
FNDA:0,(anonymous_74)
FNDA:0,(anonymous_75)
FNDA:0,(anonymous_76)
FNDA:0,(anonymous_77)
FNDA:0,(anonymous_78)
FNDA:0,(anonymous_79)
FNDA:0,(anonymous_80)
FNDA:0,(anonymous_81)
FNDA:0,(anonymous_82)
FNDA:0,(anonymous_83)
FNDA:0,(anonymous_84)
FNDA:0,(anonymous_85)
FNDA:0,render
FNDA:0,render
FNDA:0,render
FNDA:0,render
FNDA:0,render
FNDA:0,render
FNDA:0,render
FNDA:0,render
FNDA:0,render
FNDA:0,render
FNDA:0,render
FNDA:0,render
FNDA:0,render
FNDA:0,render
FNDA:0,render
DA:1,0
DA:4,0
DA:8,0
DA:10,0
DA:12,0
DA:14,0
DA:16,0
DA:18,0
DA:20,0
DA:22,0
DA:24,0
DA:26,0
DA:28,0
DA:30,0
DA:453,0
DA:461,0
DA:487,0
DA:488,0
DA:489,0
DA:490,0
DA:500,0
DA:501,0
DA:502,0
DA:512,0
DA:515,0
DA:518,0
DA:521,0
DA:522,0
DA:523,0
DA:526,0
DA:527,0
DA:528,0
DA:529,0
DA:530,0
DA:531,0
DA:533,0
DA:534,0
DA:535,0
DA:537,0
DA:540,0
DA:541,0
DA:542,0
DA:543,0
DA:544,0
DA:547,0
DA:553,0
DA:555,0
DA:560,0
DA:561,0
DA:562,0
DA:563,0
DA:567,0
DA:568,0
DA:570,0
DA:572,0
DA:573,0
DA:578,0
DA:580,0
DA:585,0
DA:586,0
DA:587,0
DA:588,0
DA:589,0
DA:590,0
DA:591,0
DA:592,0
DA:598,0
DA:601,0
DA:602,0
DA:603,0
DA:604,0
DA:605,0
DA:607,0
DA:609,0
DA:612,0
DA:613,0
DA:614,0
DA:617,0
DA:618,0
DA:621,0
DA:622,0
DA:625,0
DA:627,0
DA:630,0
DA:631,0
DA:632,0
DA:633,0
DA:634,0
DA:636,0
DA:641,0
DA:646,0
DA:649,0
DA:652,0
DA:653,0
DA:654,0
DA:660,0
DA:663,0
DA:666,0
DA:667,0
DA:668,0
DA:670,0
DA:671,0
DA:672,0
DA:674,0
DA:675,0
DA:676,0
DA:678,0
DA:684,0
DA:685,0
DA:686,0
DA:687,0
DA:688,0
DA:689,0
DA:690,0
DA:691,0
DA:692,0
DA:694,0
DA:696,0
DA:698,0
DA:699,0
DA:700,0
DA:701,0
DA:702,0
DA:707,0
DA:708,0
DA:709,0
DA:713,0
DA:716,0
DA:719,0
DA:720,0
DA:721,0
DA:722,0
DA:724,0
DA:725,0
DA:726,0
DA:730,0
DA:731,0
DA:732,0
DA:734,0
DA:735,0
DA:736,0
DA:738,0
DA:744,0
DA:745,0
DA:746,0
DA:747,0
LF:146
LH:0
BRDA:30,0,0,0
BRDA:30,0,1,0
BRDA:30,1,0,0
BRDA:30,1,1,0
BRDA:488,2,0,0
BRDA:488,2,1,0
BRDA:501,3,0,0
BRDA:501,3,1,0
BRDA:501,4,0,0
BRDA:501,4,1,0
BRDA:501,5,0,0
BRDA:501,5,1,0
BRDA:501,6,0,0
BRDA:501,6,1,0
BRDA:501,7,0,0
BRDA:501,7,1,0
BRDA:521,8,0,0
BRDA:521,8,1,0
BRDA:530,9,0,0
BRDA:530,9,1,0
BRDA:533,10,0,0
BRDA:533,10,1,0
BRDA:542,11,0,0
BRDA:542,11,1,0
BRDA:544,12,0,0
BRDA:544,12,1,0
BRDA:562,13,0,0
BRDA:562,13,1,0
BRDA:587,14,0,0
BRDA:587,14,1,0
BRDA:590,15,0,0
BRDA:590,15,1,0
BRDA:590,16,0,0
BRDA:590,16,1,0
BRDA:598,17,0,0
BRDA:598,17,1,0
BRDA:632,18,0,0
BRDA:632,18,1,0
BRDA:666,19,0,0
BRDA:666,19,1,0
BRDA:670,20,0,0
BRDA:670,20,1,0
BRDA:674,21,0,0
BRDA:674,21,1,0
BRDA:686,22,0,0
BRDA:686,22,1,0
BRDA:689,23,0,0
BRDA:689,23,1,0
BRDA:691,24,0,0
BRDA:691,24,1,0
BRDA:708,25,0,0
BRDA:708,25,1,0
BRDA:721,26,0,0
BRDA:721,26,1,0
BRDA:731,27,0,0
BRDA:731,27,1,0
BRDA:734,28,0,0
BRDA:734,28,1,0
BRDA:744,29,0,0
BRDA:744,29,1,0
BRDA:745,30,0,0
BRDA:745,30,1,0
BRDA:746,31,0,0
BRDA:746,31,1,0
BRDA:746,32,0,0
BRDA:746,32,1,0
BRDA:746,33,0,0
BRDA:746,33,1,0
BRDA:746,34,0,0
BRDA:746,34,1,0
BRDA:746,35,0,0
BRDA:746,35,1,0
BRDA:746,36,0,0
BRDA:746,36,1,0
BRDA:746,37,0,0
BRDA:746,37,1,0
BRDA:746,38,0,0
BRDA:746,38,1,0
BRDA:746,39,0,0
BRDA:746,39,1,0
BRDA:746,40,0,0
BRDA:746,40,1,0
BRDA:746,41,0,0
BRDA:746,41,1,0
BRDA:746,42,0,0
BRDA:746,42,1,0
BRDA:746,43,0,0
BRDA:746,43,1,0
BRDA:746,44,0,0
BRDA:746,44,1,0
BRDA:746,45,0,0
BRDA:746,45,1,0
BRDA:746,46,0,0
BRDA:746,46,1,0
BRDA:746,47,0,0
BRDA:746,47,1,0
BRDA:746,48,0,0
BRDA:746,48,1,0
BRDA:746,49,0,0
BRDA:746,49,1,0
BRDA:746,50,0,0
BRDA:746,50,1,0
BRDA:746,51,0,0
BRDA:746,51,1,0
BRDA:746,52,0,0
BRDA:746,52,1,0
BRDA:746,53,0,0
BRDA:746,53,1,0
BRDA:746,54,0,0
BRDA:746,54,1,0
BRDA:746,55,0,0
BRDA:746,55,1,0
BRDA:746,56,0,0
BRDA:746,56,1,0
BRDA:746,57,0,0
BRDA:746,57,1,0
BRDA:746,58,0,0
BRDA:746,58,1,0
BRDA:746,59,0,0
BRDA:746,59,1,0
BRDA:746,60,0,0
BRDA:746,60,1,0
BRDA:746,61,0,0
BRDA:746,61,1,0
BRDA:747,62,0,0
BRDA:747,62,1,0
BRDA:747,63,0,0
BRDA:747,63,1,0
BRDA:747,64,0,0
BRDA:747,64,1,0
BRDA:747,65,0,0
BRDA:747,65,1,0
BRDA:747,66,0,0
BRDA:747,66,1,0
BRDA:747,67,0,0
BRDA:747,67,1,0
BRDA:747,68,0,0
BRDA:747,68,1,0
BRDA:747,69,0,0
BRDA:747,69,1,0
BRDA:747,70,0,0
BRDA:747,70,1,0
BRDA:747,71,0,0
BRDA:747,71,1,0
BRDA:747,72,0,0
BRDA:747,72,1,0
BRDA:747,73,0,0
BRDA:747,73,1,0
BRDA:747,74,0,0
BRDA:747,74,1,0
BRDA:747,75,0,0
BRDA:747,75,1,0
BRDA:747,76,0,0
BRDA:747,76,1,0
BRF:154
BRH:0
end_of_record
TN:
SF:E:\work\wikimoeCardByNodeJS-2.12.0\view\src\app\components\pickaxe.vue
FN:1,(anonymous_0)
FN:61,data
FN:73,handler
FN:82,serverDelay
FN:86,mounted
FN:93,timeSet
FN:115,countdown
FN:118,(anonymous_7)
FN:122,pickTitle
FN:137,pickContent
FN:153,beforeDestroy
FN:160,render
FNF:12
FNH:0
FNDA:0,(anonymous_0)
FNDA:0,data
FNDA:0,handler
FNDA:0,serverDelay
FNDA:0,mounted
FNDA:0,timeSet
FNDA:0,countdown
FNDA:0,(anonymous_7)
FNDA:0,pickTitle
FNDA:0,pickContent
FNDA:0,beforeDestroy
FNDA:0,render
DA:1,0
DA:4,0
DA:38,0
DA:62,0
DA:74,0
DA:75,0
DA:76,0
DA:77,0
DA:83,0
DA:87,0
DA:88,0
DA:89,0
DA:94,0
DA:95,0
DA:96,0
DA:97,0
DA:98,0
DA:99,0
DA:102,0
DA:103,0
DA:105,0
DA:106,0
DA:109,0
DA:110,0
DA:112,0
DA:113,0
DA:116,0
DA:118,0
DA:119,0
DA:123,0
DA:124,0
DA:125,0
DA:126,0
DA:127,0
DA:128,0
DA:129,0
DA:130,0
DA:131,0
DA:132,0
DA:133,0
DA:134,0
DA:138,0
DA:139,0
DA:140,0
DA:141,0
DA:142,0
DA:143,0
DA:144,0
DA:145,0
DA:146,0
DA:147,0
DA:148,0
DA:149,0
DA:154,0
DA:158,0
DA:159,0
DA:160,0
DA:161,0
LF:58
LH:0
BRDA:95,0,0,0
BRDA:95,0,1,0
BRDA:105,1,0,0
BRDA:105,1,1,0
BRDA:109,2,0,0
BRDA:109,2,1,0
BRDA:123,3,0,0
BRDA:123,3,1,0
BRDA:125,4,0,0
BRDA:125,4,1,0
BRDA:127,5,0,0
BRDA:127,5,1,0
BRDA:129,6,0,0
BRDA:129,6,1,0
BRDA:131,7,0,0
BRDA:131,7,1,0
BRDA:133,8,0,0
BRDA:133,8,1,0
BRDA:138,9,0,0
BRDA:138,9,1,0
BRDA:140,10,0,0
BRDA:140,10,1,0
BRDA:142,11,0,0
BRDA:142,11,1,0
BRDA:144,12,0,0
BRDA:144,12,1,0
BRDA:146,13,0,0
BRDA:146,13,1,0
BRDA:148,14,0,0
BRDA:148,14,1,0
BRDA:158,15,0,0
BRDA:158,15,1,0
BRDA:159,16,0,0
BRDA:159,16,1,0
BRDA:160,17,0,0
BRDA:160,17,1,0
BRDA:160,18,0,0
BRDA:160,18,1,0
BRDA:160,19,0,0
BRDA:160,19,1,0
BRDA:160,20,0,0
BRDA:160,20,1,0
BRDA:160,21,0,0
BRDA:160,21,1,0
BRF:44
BRH:0
end_of_record
TN:
SF:E:\work\wikimoeCardByNodeJS-2.12.0\view\src\app\components\rank.vue
FN:1,(anonymous_0)
FN:11,data
FN:19,created
FN:23,mounted
FN:28,setBigNum
FN:36,rankTetx
FN:47,capitalize
FN:54,watchInfo
FN:57,getRank
FN:60,(anonymous_9)
FN:67,setCard
FN:75,(anonymous_11)
FN:83,(anonymous_12)
FN:90,beforeDestroy
FN:333,render
FN:333,(anonymous_15)
FN:333,(anonymous_16)
FN:333,(anonymous_17)
FN:333,(anonymous_18)
FN:333,(anonymous_19)
FN:333,(anonymous_20)
FN:333,(anonymous_21)
FN:333,(anonymous_22)
FN:333,(anonymous_23)
FN:333,(anonymous_24)
FN:333,(anonymous_25)
FN:333,(anonymous_26)
FN:333,(anonymous_27)
FN:333,(anonymous_28)
FN:333,(anonymous_29)
FN:333,(anonymous_30)
FN:333,(anonymous_31)
FNF:32
FNH:0
FNDA:0,(anonymous_0)
FNDA:0,data
FNDA:0,created
FNDA:0,mounted
FNDA:0,setBigNum
FNDA:0,rankTetx
FNDA:0,capitalize
FNDA:0,watchInfo
FNDA:0,getRank
FNDA:0,(anonymous_9)
FNDA:0,setCard
FNDA:0,(anonymous_11)
FNDA:0,(anonymous_12)
FNDA:0,beforeDestroy
FNDA:0,render
FNDA:0,(anonymous_15)
FNDA:0,(anonymous_16)
FNDA:0,(anonymous_17)
FNDA:0,(anonymous_18)
FNDA:0,(anonymous_19)
FNDA:0,(anonymous_20)
FNDA:0,(anonymous_21)
FNDA:0,(anonymous_22)
FNDA:0,(anonymous_23)
FNDA:0,(anonymous_24)
FNDA:0,(anonymous_25)
FNDA:0,(anonymous_26)
FNDA:0,(anonymous_27)
FNDA:0,(anonymous_28)
FNDA:0,(anonymous_29)
FNDA:0,(anonymous_30)
FNDA:0,(anonymous_31)
DA:1,0
DA:4,0
DA:8,0
DA:10,0
DA:12,0
DA:20,0
DA:21,0
DA:24,0
DA:29,0
DA:30,0
DA:31,0
DA:33,0
DA:37,0
DA:38,0
DA:39,0
DA:40,0
DA:41,0
DA:42,0
DA:44,0
DA:48,0
DA:49,0
DA:50,0
DA:55,0
DA:58,0
DA:60,0
DA:61,0
DA:62,0
DA:63,0
DA:68,0
DA:70,0
DA:71,0
DA:72,0
DA:73,0
DA:74,0
DA:75,0
DA:76,0
DA:80,0
DA:81,0
DA:82,0
DA:83,0
DA:84,0
DA:91,0
DA:331,0
DA:332,0
DA:333,0
DA:334,0
LF:46
LH:0
BRDA:30,0,0,0
BRDA:30,0,1,0
BRDA:37,1,0,0
BRDA:37,1,1,0
BRDA:39,2,0,0
BRDA:39,2,1,0
BRDA:41,3,0,0
BRDA:41,3,1,0
BRDA:49,4,0,0
BRDA:49,4,1,0
BRDA:49,5,0,0
BRDA:49,5,1,0
BRDA:49,6,0,0
BRDA:49,6,1,0
BRDA:49,7,0,0
BRDA:49,7,1,0
BRDA:49,8,0,0
BRDA:49,8,1,0
BRDA:61,9,0,0
BRDA:61,9,1,0
BRDA:71,10,0,0
BRDA:71,10,1,0
BRDA:72,11,0,0
BRDA:72,11,1,0
BRDA:80,12,0,0
BRDA:80,12,1,0
BRDA:331,13,0,0
BRDA:331,13,1,0
BRDA:332,14,0,0
BRDA:332,14,1,0
BRDA:333,15,0,0
BRDA:333,15,1,0
BRDA:333,16,0,0
BRDA:333,16,1,0
BRDA:333,17,0,0
BRDA:333,17,1,0
BRDA:333,18,0,0
BRDA:333,18,1,0
BRF:38
BRH:0
end_of_record
TN:
SF:E:\work\wikimoeCardByNodeJS-2.12.0\view\src\app\components\rotateCard.vue
FN:1,(anonymous_0)
FN:108,data
FN:115,value
FN:122,fn_reserve_action
FN:127,eve_cardres_click
FN:133,eve_cardres_msover
FN:136,eve_cardres_msout
FN:144,render
FNF:8
FNH:0
FNDA:0,(anonymous_0)
FNDA:0,data
FNDA:0,value
FNDA:0,fn_reserve_action
FNDA:0,eve_cardres_click
FNDA:0,eve_cardres_msover
FNDA:0,eve_cardres_msout
FNDA:0,render
DA:1,0
DA:4,0
DA:85,0
DA:109,0
DA:117,0
DA:118,0
DA:123,0
DA:124,0
DA:125,0
DA:128,0
DA:129,0
DA:130,0
DA:134,0
DA:137,0
DA:142,0
DA:143,0
DA:144,0
DA:145,0
LF:18
LH:0
BRDA:118,0,0,0
BRDA:118,0,1,0
BRDA:123,1,0,0
BRDA:123,1,1,0
BRDA:124,2,0,0
BRDA:124,2,1,0
BRDA:125,3,0,0
BRDA:125,3,1,0
BRDA:128,4,0,0
BRDA:128,4,1,0
BRDA:134,5,0,0
BRDA:134,5,1,0
BRDA:137,6,0,0
BRDA:137,6,1,0
BRDA:142,7,0,0
BRDA:142,7,1,0
BRDA:143,8,0,0
BRDA:143,8,1,0
BRDA:144,9,0,0
BRDA:144,9,1,0
BRDA:144,10,0,0
BRDA:144,10,1,0
BRDA:144,11,0,0
BRDA:144,11,1,0
BRDA:144,12,0,0
BRDA:144,12,1,0
BRDA:144,13,0,0
BRDA:144,13,1,0
BRF:28
BRH:0
end_of_record
TN:
SF:E:\work\wikimoeCardByNodeJS-2.12.0\view\src\app\components\topNews.vue
FN:1,(anonymous_0)
FN:14,_interopRequireDefault
FN:30,data
FN:40,mounted
FN:45,capitalize
FN:50,opNews
FN:51,(anonymous_6)
FN:60,getNews
FN:66,(anonymous_8)
FN:80,render
FN:80,(anonymous_10)
FN:80,(anonymous_11)
FN:80,(anonymous_12)
FN:80,(anonymous_13)
FNF:14
FNH:0
FNDA:0,(anonymous_0)
FNDA:0,_interopRequireDefault
FNDA:0,data
FNDA:0,mounted
FNDA:0,capitalize
FNDA:0,opNews
FNDA:0,(anonymous_6)
FNDA:0,getNews
FNDA:0,(anonymous_8)
FNDA:0,render
FNDA:0,(anonymous_10)
FNDA:0,(anonymous_11)
FNDA:0,(anonymous_12)
FNDA:0,(anonymous_13)
DA:1,0
DA:4,0
DA:8,0
DA:10,0
DA:12,0
DA:14,0
DA:29,0
DA:31,0
DA:41,0
DA:46,0
DA:47,0
DA:48,0
DA:51,0
DA:52,0
DA:54,0
DA:61,0
DA:63,0
DA:66,0
DA:67,0
DA:68,0
DA:69,0
DA:71,0
DA:78,0
DA:79,0
DA:80,0
DA:81,0
LF:26
LH:0
BRDA:14,0,0,0
BRDA:14,0,1,0
BRDA:14,1,0,0
BRDA:14,1,1,0
BRDA:47,2,0,0
BRDA:47,2,1,0
BRDA:47,3,0,0
BRDA:47,3,1,0
BRDA:47,4,0,0
BRDA:47,4,1,0
BRDA:47,5,0,0
BRDA:47,5,1,0
BRDA:47,6,0,0
BRDA:47,6,1,0
BRDA:68,7,0,0
BRDA:68,7,1,0
BRDA:78,8,0,0
BRDA:78,8,1,0
BRDA:79,9,0,0
BRDA:79,9,1,0
BRDA:80,10,0,0
BRDA:80,10,1,0
BRDA:80,11,0,0
BRDA:80,11,1,0
BRF:24
BRH:0
end_of_record
TN:
SF:E:\work\wikimoeCardByNodeJS-2.12.0\view\src\app\components\topUserInfo.vue
FN:1,(anonymous_0)
FN:26,_interopRequireWildcard
FN:28,_interopRequireDefault
FN:31,data
FN:54,mounted
FN:60,serverDelay
FN:63,serverTimeCheckStatus
FN:68,setTime
FN:73,(anonymous_8)
FN:78,shareUrl
FN:81,(anonymous_10)
FN:86,(anonymous_11)
FN:91,saveTx
FN:96,(anonymous_13)
FN:103,callback
FN:111,zoomChange
FN:128,txClosed
FN:137,txOpened
FN:140,handleAvatarSuccess
FN:146,(anonymous_19)
FN:164,drawCard
FN:191,onDragStart
FN:202,onDragEnd
FN:209,onDragMove
FN:232,(anonymous_24)
FN:234,logout
FN:237,(anonymous_26)
FN:256,openMore
FN:261,getUserInfo
FN:264,(anonymous_29)
FN:276,beforeDestroy
FN:432,render
FN:432,(anonymous_32)
FN:432,(anonymous_33)
FN:432,(anonymous_34)
FN:432,(anonymous_35)
FN:432,(anonymous_36)
FN:432,(anonymous_37)
FN:432,(anonymous_38)
FN:432,(anonymous_39)
FN:432,(anonymous_40)
FN:432,(anonymous_41)
FN:432,(anonymous_42)
FNF:43
FNH:0
FNDA:0,(anonymous_0)
FNDA:0,_interopRequireWildcard
FNDA:0,_interopRequireDefault
FNDA:0,data
FNDA:0,mounted
FNDA:0,serverDelay
FNDA:0,serverTimeCheckStatus
FNDA:0,setTime
FNDA:0,(anonymous_8)
FNDA:0,shareUrl
FNDA:0,(anonymous_10)
FNDA:0,(anonymous_11)
FNDA:0,saveTx
FNDA:0,(anonymous_13)
FNDA:0,callback
FNDA:0,zoomChange
FNDA:0,txClosed
FNDA:0,txOpened
FNDA:0,handleAvatarSuccess
FNDA:0,(anonymous_19)
FNDA:0,drawCard
FNDA:0,onDragStart
FNDA:0,onDragEnd
FNDA:0,onDragMove
FNDA:0,(anonymous_24)
FNDA:0,logout
FNDA:0,(anonymous_26)
FNDA:0,openMore
FNDA:0,getUserInfo
FNDA:0,(anonymous_29)
FNDA:0,beforeDestroy
FNDA:0,render
FNDA:0,(anonymous_32)
FNDA:0,(anonymous_33)
FNDA:0,(anonymous_34)
FNDA:0,(anonymous_35)
FNDA:0,(anonymous_36)
FNDA:0,(anonymous_37)
FNDA:0,(anonymous_38)
FNDA:0,(anonymous_39)
FNDA:0,(anonymous_40)
FNDA:0,(anonymous_41)
FNDA:0,(anonymous_42)
DA:1,0
DA:4,0
DA:8,0
DA:10,0
DA:12,0
DA:14,0
DA:16,0
DA:18,0
DA:20,0
DA:22,0
DA:24,0
DA:26,0
DA:28,0
DA:30,0
DA:32,0
DA:55,0
DA:56,0
DA:61,0
DA:64,0
DA:69,0
DA:71,0
DA:72,0
DA:73,0
DA:74,0
DA:75,0
DA:79,0
DA:81,0
DA:82,0
DA:87,0
DA:88,0
DA:92,0
DA:94,0
DA:95,0
DA:96,0
DA:97,0
DA:98,0
DA:99,0
DA:100,0
DA:101,0
DA:104,0
DA:105,0
DA:112,0
DA:113,0
DA:114,0
DA:115,0
DA:116,0
DA:117,0
DA:118,0
DA:119,0
DA:120,0
DA:122,0
DA:123,0
DA:124,0
DA:125,0
DA:129,0
DA:130,0
DA:131,0
DA:132,0
DA:133,0
DA:134,0
DA:135,0
DA:138,0
DA:141,0
DA:143,0
DA:144,0
DA:145,0
DA:146,0
DA:147,0
DA:148,0
DA:149,0
DA:150,0
DA:152,0
DA:153,0
DA:154,0
DA:155,0
DA:156,0
DA:157,0
DA:158,0
DA:159,0
DA:160,0
DA:165,0
DA:166,0
DA:167,0
DA:174,0
DA:175,0
DA:176,0
DA:177,0
DA:178,0
DA:179,0
DA:183,0
DA:184,0
DA:185,0
DA:186,0
DA:187,0
DA:188,0
DA:189,0
DA:190,0
DA:195,0
DA:196,0
DA:197,0
DA:198,0
DA:199,0
DA:203,0
DA:204,0
DA:206,0
DA:211,0
DA:212,0
DA:213,0
DA:214,0
DA:215,0
DA:216,0
DA:217,0
DA:218,0
DA:220,0
DA:221,0
DA:222,0
DA:223,0
DA:228,0
DA:229,0
DA:230,0
DA:232,0
DA:235,0
DA:237,0
DA:238,0
DA:239,0
DA:240,0
DA:241,0
DA:242,0
DA:246,0
DA:247,0
DA:248,0
DA:249,0
DA:250,0
DA:251,0
DA:252,0
DA:257,0
DA:258,0
DA:262,0
DA:264,0
DA:265,0
DA:266,0
DA:267,0
DA:268,0
DA:269,0
DA:270,0
DA:271,0
DA:277,0
DA:430,0
DA:431,0
DA:432,0
DA:433,0
LF:151
LH:0
BRDA:26,0,0,0
BRDA:26,0,1,0
BRDA:26,1,0,0
BRDA:26,1,1,0
BRDA:26,2,0,0
BRDA:26,2,1,0
BRDA:26,3,0,0
BRDA:26,3,1,0
BRDA:28,4,0,0
BRDA:28,4,1,0
BRDA:28,5,0,0
BRDA:28,5,1,0
BRDA:42,6,0,0
BRDA:42,6,1,0
BRDA:98,7,0,0
BRDA:98,7,1,0
BRDA:100,8,0,0
BRDA:100,8,1,0
BRDA:117,9,0,0
BRDA:117,9,1,0
BRDA:119,10,0,0
BRDA:119,10,1,0
BRDA:122,11,0,0
BRDA:122,11,1,0
BRDA:124,12,0,0
BRDA:124,12,1,0
BRDA:149,13,0,0
BRDA:149,13,1,0
BRDA:149,14,0,0
BRDA:149,14,1,0
BRDA:211,15,0,0
BRDA:211,15,1,0
BRDA:215,16,0,0
BRDA:215,16,1,0
BRDA:217,17,0,0
BRDA:217,17,1,0
BRDA:220,18,0,0
BRDA:220,18,1,0
BRDA:222,19,0,0
BRDA:222,19,1,0
BRDA:239,20,0,0
BRDA:239,20,1,0
BRDA:241,21,0,0
BRDA:241,21,1,0
BRDA:251,22,0,0
BRDA:251,22,1,0
BRDA:257,23,0,0
BRDA:257,23,1,0
BRDA:266,24,0,0
BRDA:266,24,1,0
BRDA:268,25,0,0
BRDA:268,25,1,0
BRDA:270,26,0,0
BRDA:270,26,1,0
BRDA:430,27,0,0
BRDA:430,27,1,0
BRDA:431,28,0,0
BRDA:431,28,1,0
BRDA:432,29,0,0
BRDA:432,29,1,0
BRDA:432,30,0,0
BRDA:432,30,1,0
BRDA:432,31,0,0
BRDA:432,31,1,0
BRDA:432,32,0,0
BRDA:432,32,1,0
BRDA:432,33,0,0
BRDA:432,33,1,0
BRDA:432,34,0,0
BRDA:432,34,1,0
BRDA:432,35,0,0
BRDA:432,35,1,0
BRDA:432,36,0,0
BRDA:432,36,1,0
BRF:74
BRH:0
end_of_record
TN:
SF:E:\work\wikimoeCardByNodeJS-2.12.0\view\src\app\components\userInfoDialog.vue
FN:1,(anonymous_0)
FN:126,data
FN:143,get
FN:146,set
FN:153,copyUrl
FN:156,(anonymous_5)
FN:161,(anonymous_6)
FN:166,searchPlayerCardCount
FN:171,(anonymous_8)
FN:179,openImg
FN:185,closed
FN:191,getUserCard
FN:194,getInfo
FN:197,(anonymous_13)
FN:205,(anonymous_14)
FN:208,(anonymous_15)
FN:238,opened
FN:242,(anonymous_17)
FN:252,(anonymous_18)
FN:263,cardPageChange
FN:271,render
FN:271,(anonymous_21)
FN:271,(anonymous_22)
FN:271,(anonymous_23)
FN:271,(anonymous_24)
FN:271,(anonymous_25)
FN:271,(anonymous_26)
FN:271,(anonymous_27)
FN:271,(anonymous_28)
FN:271,(anonymous_29)
FNF:30
FNH:0
FNDA:0,(anonymous_0)
FNDA:0,data
FNDA:0,get
FNDA:0,set
FNDA:0,copyUrl
FNDA:0,(anonymous_5)
FNDA:0,(anonymous_6)
FNDA:0,searchPlayerCardCount
FNDA:0,(anonymous_8)
FNDA:0,openImg
FNDA:0,closed
FNDA:0,getUserCard
FNDA:0,getInfo
FNDA:0,(anonymous_13)
FNDA:0,(anonymous_14)
FNDA:0,(anonymous_15)
FNDA:0,opened
FNDA:0,(anonymous_17)
FNDA:0,(anonymous_18)
FNDA:0,cardPageChange
FNDA:0,render
FNDA:0,(anonymous_21)
FNDA:0,(anonymous_22)
FNDA:0,(anonymous_23)
FNDA:0,(anonymous_24)
FNDA:0,(anonymous_25)
FNDA:0,(anonymous_26)
FNDA:0,(anonymous_27)
FNDA:0,(anonymous_28)
FNDA:0,(anonymous_29)
DA:1,0
DA:4,0
DA:8,0
DA:10,0
DA:115,0
DA:127,0
DA:144,0
DA:148,0
DA:154,0
DA:156,0
DA:157,0
DA:162,0
DA:163,0
DA:167,0
DA:169,0
DA:170,0
DA:171,0
DA:172,0
DA:173,0
DA:174,0
DA:180,0
DA:186,0
DA:187,0
DA:188,0
DA:189,0
DA:192,0
DA:195,0
DA:197,0
DA:198,0
DA:199,0
DA:200,0
DA:201,0
DA:202,0
DA:203,0
DA:204,0
DA:205,0
DA:206,0
DA:208,0
DA:209,0
DA:210,0
DA:212,0
DA:215,0
DA:216,0
DA:217,0
DA:218,0
DA:232,0
DA:239,0
DA:241,0
DA:242,0
DA:243,0
DA:244,0
DA:245,0
DA:246,0
DA:247,0
DA:248,0
DA:250,0
DA:252,0
DA:253,0
DA:255,0
DA:257,0
DA:259,0
DA:264,0
DA:269,0
DA:270,0
DA:271,0
DA:272,0
LF:66
LH:0
BRDA:170,0,0,0
BRDA:170,0,1,0
BRDA:173,1,0,0
BRDA:173,1,1,0
BRDA:199,2,0,0
BRDA:199,2,1,0
BRDA:201,3,0,0
BRDA:201,3,1,0
BRDA:203,4,0,0
BRDA:203,4,1,0
BRDA:204,5,0,0
BRDA:204,5,1,0
BRDA:206,6,0,0
BRDA:206,6,1,0
BRDA:209,7,0,0
BRDA:209,7,1,0
BRDA:244,8,0,0
BRDA:244,8,1,0
BRDA:246,9,0,0
BRDA:246,9,1,0
BRDA:255,10,0,0
BRDA:255,10,1,0
BRDA:255,11,0,0
BRDA:255,11,1,0
BRDA:269,12,0,0
BRDA:269,12,1,0
BRDA:270,13,0,0
BRDA:270,13,1,0
BRDA:271,14,0,0
BRDA:271,14,1,0
BRDA:271,15,0,0
BRDA:271,15,1,0
BRDA:271,16,0,0
BRDA:271,16,1,0
BRDA:271,17,0,0
BRDA:271,17,1,0
BRDA:271,18,0,0
BRDA:271,18,1,0
BRDA:271,19,0,0
BRDA:271,19,1,0
BRDA:271,20,0,0
BRDA:271,20,1,0
BRF:42
BRH:0
end_of_record
TN:
SF:E:\work\wikimoeCardByNodeJS-2.12.0\view\src\app\router\index.js
FN:6,_interopRequireDefault
FN:8,NotfoundView
FN:8,(anonymous_2)
FN:9,regView
FN:9,(anonymous_4)
FN:10,findView
FN:10,(anonymous_6)
FN:11,deminingView
FN:11,(anonymous_8)
FN:12,shopView
FN:12,(anonymous_10)
FN:13,marketView
FN:13,(anonymous_12)
FN:14,handbookView
FN:14,(anonymous_14)
FN:15,battleView
FN:15,(anonymous_16)
FN:16,battleCardView
FN:16,(anonymous_18)
FN:17,decomposeView
FN:17,(anonymous_20)
FN:18,decomposeitemView
FN:18,(anonymous_22)
FN:19,upgradecardView
FN:19,(anonymous_24)
FN:20,dailyGetItemView
FN:20,(anonymous_26)
FN:21,cardlevelchangeView
FN:21,(anonymous_28)
FN:22,creatcardView
FN:22,(anonymous_30)
FN:23,guessCardView
FN:23,(anonymous_32)
FN:24,goenView
FN:24,(anonymous_34)
FN:25,questView
FN:25,(anonymous_36)
FN:27,adminLoginView
FN:27,(anonymous_38)
FN:28,adminInstallView
FN:28,(anonymous_40)
FN:29,adminCenter
FN:29,(anonymous_42)
FN:37,scrollBehavior
FN:123,component
FN:132,component
FN:141,component
FN:150,component
FN:169,component
FN:178,component
FN:187,component
FN:305,component
FN:314,component
FN:323,component
FN:332,component
FN:341,component
FN:350,component
FN:359,component
FN:368,component
FN:377,component
FN:386,component
FN:395,component
FN:415,(anonymous_62)
FN:440,(anonymous_63)
FNF:64
FNH:0
FNDA:0,_interopRequireDefault
FNDA:0,NotfoundView
FNDA:0,(anonymous_2)
FNDA:0,regView
FNDA:0,(anonymous_4)
FNDA:0,findView
FNDA:0,(anonymous_6)
FNDA:0,deminingView
FNDA:0,(anonymous_8)
FNDA:0,shopView
FNDA:0,(anonymous_10)
FNDA:0,marketView
FNDA:0,(anonymous_12)
FNDA:0,handbookView
FNDA:0,(anonymous_14)
FNDA:0,battleView
FNDA:0,(anonymous_16)
FNDA:0,battleCardView
FNDA:0,(anonymous_18)
FNDA:0,decomposeView
FNDA:0,(anonymous_20)
FNDA:0,decomposeitemView
FNDA:0,(anonymous_22)
FNDA:0,upgradecardView
FNDA:0,(anonymous_24)
FNDA:0,dailyGetItemView
FNDA:0,(anonymous_26)
FNDA:0,cardlevelchangeView
FNDA:0,(anonymous_28)
FNDA:0,creatcardView
FNDA:0,(anonymous_30)
FNDA:0,guessCardView
FNDA:0,(anonymous_32)
FNDA:0,goenView
FNDA:0,(anonymous_34)
FNDA:0,questView
FNDA:0,(anonymous_36)
FNDA:0,adminLoginView
FNDA:0,(anonymous_38)
FNDA:0,adminInstallView
FNDA:0,(anonymous_40)
FNDA:0,adminCenter
FNDA:0,(anonymous_42)
FNDA:0,scrollBehavior
FNDA:0,component
FNDA:0,component
FNDA:0,component
FNDA:0,component
FNDA:0,component
FNDA:0,component
FNDA:0,component
FNDA:0,component
FNDA:0,component
FNDA:0,component
FNDA:0,component
FNDA:0,component
FNDA:0,component
FNDA:0,component
FNDA:0,component
FNDA:0,component
FNDA:0,component
FNDA:0,component
FNDA:0,(anonymous_62)
FNDA:0,(anonymous_63)
DA:1,0
DA:2,0
DA:3,0
DA:6,0
DA:8,0
DA:9,0
DA:10,0
DA:11,0
DA:12,0
DA:13,0
DA:14,0
DA:15,0
DA:16,0
DA:17,0
DA:18,0
DA:19,0
DA:20,0
DA:21,0
DA:22,0
DA:23,0
DA:24,0
DA:25,0
DA:27,0
DA:28,0
DA:29,0
DA:31,0
DA:32,0
DA:35,0
DA:38,0
DA:39,0
DA:40,0
DA:41,0
DA:42,0
DA:45,0
DA:123,0
DA:132,0
DA:141,0
DA:150,0
DA:169,0
DA:178,0
DA:187,0
DA:305,0
DA:314,0
DA:323,0
DA:332,0
DA:341,0
DA:350,0
DA:359,0
DA:368,0
DA:377,0
DA:386,0
DA:395,0
DA:415,0
DA:416,0
DA:417,0
DA:418,0
DA:419,0
DA:420,0
DA:421,0
DA:423,0
DA:424,0
DA:426,0
DA:427,0
DA:428,0
DA:429,0
DA:430,0
DA:432,0
DA:433,0
DA:436,0
DA:437,0
DA:440,0
DA:441,0
DA:442,0
LF:73
LH:0
BRDA:6,0,0,0
BRDA:6,0,1,0
BRDA:6,1,0,0
BRDA:6,1,1,0
BRDA:31,2,0,0
BRDA:31,2,1,0
BRDA:39,3,0,0
BRDA:39,3,1,0
BRDA:41,4,0,0
BRDA:41,4,1,0
BRDA:417,5,0,0
BRDA:417,5,1,0
BRDA:417,6,0,0
BRDA:417,6,1,0
BRDA:418,7,0,0
BRDA:418,7,1,0
BRDA:419,8,0,0
BRDA:419,8,1,0
BRDA:426,9,0,0
BRDA:426,9,1,0
BRDA:426,10,0,0
BRDA:426,10,1,0
BRDA:427,11,0,0
BRDA:427,11,1,0
BRDA:428,12,0,0
BRDA:428,12,1,0
BRF:26
BRH:0
end_of_record
TN:
SF:E:\work\wikimoeCardByNodeJS-2.12.0\view\src\app\service\httpPlugin.js
FN:1,_interopRequireDefault
FN:5,install
FNF:2
FNH:0
FNDA:0,_interopRequireDefault
FNDA:0,install
DA:1,0
DA:3,0
DA:5,0
DA:6,0
DA:7,0
DA:9,0
DA:11,0
DA:13,0
DA:15,0
DA:18,0
DA:19,0
DA:20,0
LF:12
LH:0
BRDA:1,0,0,0
BRDA:1,0,1,0
BRDA:1,1,0,0
BRDA:1,1,1,0
BRDA:5,2,0,0
BRDA:5,2,1,0
BRDA:5,3,0,0
BRDA:5,3,1,0
BRDA:6,4,0,0
BRDA:6,4,1,0
BRDA:18,5,0,0
BRDA:18,5,1,0
BRF:12
BRH:0
end_of_record
TN:
SF:E:\work\wikimoeCardByNodeJS-2.12.0\view\src\app\store\index.js
FN:3,_interopRequireDefault
FNF:1
FNH:0
FNDA:0,_interopRequireDefault
DA:1,0
DA:2,0
DA:3,0
DA:5,0
DA:6,0
DA:9,0
DA:11,0
LF:7
LH:0
BRDA:3,0,0,0
BRDA:3,0,1,0
BRDA:3,1,0,0
BRDA:3,1,1,0
BRDA:5,2,0,0
BRDA:5,2,1,0
BRF:6
BRH:0
end_of_record
TN:
SF:E:\work\wikimoeCardByNodeJS-2.12.0\view\src\app\store\module\app.js
FN:17,serverDelay
FN:18,serverTimeCheckStatus
FN:19,token
FN:20,gameOnlineUser
FN:21,showOnlieUserDialog
FN:24,setShowOnlieUserDialog
FN:27,setGameOnlineUser
FN:30,setToken
FN:33,setServerDelay
FN:36,setServerTimeCheckStatus
FN:41,setShowOnlieUserDialog
FN:44,setGameOnlineUser
FN:47,setToken
FN:50,setServerDelay
FN:53,setServerTimeCheckStatus
FN:56,setDailygeted
FN:59,setPostList
FN:62,setPostTotle
FN:65,setPostPage
FNF:19
FNH:0
FNDA:0,serverDelay
FNDA:0,serverTimeCheckStatus
FNDA:0,token
FNDA:0,gameOnlineUser
FNDA:0,showOnlieUserDialog
FNDA:0,setShowOnlieUserDialog
FNDA:0,setGameOnlineUser
FNDA:0,setToken
FNDA:0,setServerDelay
FNDA:0,setServerTimeCheckStatus
FNDA:0,setShowOnlieUserDialog
FNDA:0,setGameOnlineUser
FNDA:0,setToken
FNDA:0,setServerDelay
FNDA:0,setServerTimeCheckStatus
FNDA:0,setDailygeted
FNDA:0,setPostList
FNDA:0,setPostTotle
FNDA:0,setPostPage
DA:1,0
DA:4,0
DA:16,0
DA:17,0
DA:18,0
DA:19,0
DA:20,0
DA:21,0
DA:23,0
DA:24,0
DA:25,0
DA:27,0
DA:28,0
DA:30,0
DA:31,0
DA:33,0
DA:34,0
DA:36,0
DA:37,0
DA:40,0
DA:42,0
DA:45,0
DA:48,0
DA:51,0
DA:54,0
DA:57,0
DA:60,0
DA:63,0
DA:66,0
DA:67,0
LF:30
LH:0
BRDA:12,0,0,0
BRDA:12,0,1,0
BRF:2
BRH:0
end_of_record
TN:
SF:E:\work\wikimoeCardByNodeJS-2.12.0\view\src\app\views\battle.vue
FN:1,(anonymous_0)
FN:28,_interopRequireDefault
FN:259,data
FN:317,capitalize
FN:322,myWin
FN:331,emWin
FN:340,setScore
FN:348,mounted
FN:353,(anonymous_8)
FN:359,(anonymous_9)
FN:372,serverDelay
FN:377,SumTimeMinSec
FN:395,percentageSum
FN:406,customColorMethod
FN:415,closeUserInfoDig
FN:427,openImg
FN:433,PrefixInteger_
FN:436,watchUserInfo
FN:464,replay
FN:476,searchbattlelogs
FN:483,(anonymous_20)
FN:491,(anonymous_21)
FN:497,logPageChange
FN:500,changeSkipBattle
FN:503,countdown
FN:506,(anonymous_25)
FN:518,searchBattleInfo
FN:524,(anonymous_27)
FN:575,goBattleRoute
FN:580,gameover
FN:601,winCheck
FN:610,battle
FN:620,(anonymous_32)
FN:641,(anonymous_33)
FN:643,(anonymous_34)
FN:657,beforeDestroy
FN:664,render
FN:664,(anonymous_37)
FN:664,(anonymous_38)
FN:664,(anonymous_39)
FN:664,(anonymous_40)
FN:664,(anonymous_41)
FN:664,(anonymous_42)
FN:664,(anonymous_43)
FN:664,(anonymous_44)
FN:664,(anonymous_45)
FN:664,(anonymous_46)
FN:664,(anonymous_47)
FN:664,(anonymous_48)
FN:664,(anonymous_49)
FN:664,(anonymous_50)
FN:664,(anonymous_51)
FN:664,(anonymous_52)
FN:665,render
FNF:54
FNH:0
FNDA:0,(anonymous_0)
FNDA:0,_interopRequireDefault
FNDA:0,data
FNDA:0,capitalize
FNDA:0,myWin
FNDA:0,emWin
FNDA:0,setScore
FNDA:0,mounted
FNDA:0,(anonymous_8)
FNDA:0,(anonymous_9)
FNDA:0,serverDelay
FNDA:0,SumTimeMinSec
FNDA:0,percentageSum
FNDA:0,customColorMethod
FNDA:0,closeUserInfoDig
FNDA:0,openImg
FNDA:0,PrefixInteger_
FNDA:0,watchUserInfo
FNDA:0,replay
FNDA:0,searchbattlelogs
FNDA:0,(anonymous_20)
FNDA:0,(anonymous_21)
FNDA:0,logPageChange
FNDA:0,changeSkipBattle
FNDA:0,countdown
FNDA:0,(anonymous_25)
FNDA:0,searchBattleInfo
FNDA:0,(anonymous_27)
FNDA:0,goBattleRoute
FNDA:0,gameover
FNDA:0,winCheck
FNDA:0,battle
FNDA:0,(anonymous_32)
FNDA:0,(anonymous_33)
FNDA:0,(anonymous_34)
FNDA:0,beforeDestroy
FNDA:0,render
FNDA:0,(anonymous_37)
FNDA:0,(anonymous_38)
FNDA:0,(anonymous_39)
FNDA:0,(anonymous_40)
FNDA:0,(anonymous_41)
FNDA:0,(anonymous_42)
FNDA:0,(anonymous_43)
FNDA:0,(anonymous_44)
FNDA:0,(anonymous_45)
FNDA:0,(anonymous_46)
FNDA:0,(anonymous_47)
FNDA:0,(anonymous_48)
FNDA:0,(anonymous_49)
FNDA:0,(anonymous_50)
FNDA:0,(anonymous_51)
FNDA:0,(anonymous_52)
FNDA:0,render
DA:1,0
DA:4,0
DA:8,0
DA:10,0
DA:12,0
DA:14,0
DA:16,0
DA:18,0
DA:20,0
DA:22,0
DA:24,0
DA:26,0
DA:28,0
DA:258,0
DA:260,0
DA:318,0
DA:319,0
DA:320,0
DA:323,0
DA:324,0
DA:325,0
DA:326,0
DA:328,0
DA:332,0
DA:333,0
DA:334,0
DA:335,0
DA:337,0
DA:341,0
DA:342,0
DA:344,0
DA:349,0
DA:350,0
DA:351,0
DA:353,0
DA:354,0
DA:355,0
DA:356,0
DA:359,0
DA:360,0
DA:361,0
DA:362,0
DA:373,0
DA:378,0
DA:379,0
DA:380,0
DA:381,0
DA:382,0
DA:384,0
DA:385,0
DA:387,0
DA:388,0
DA:390,0
DA:391,0
DA:393,0
DA:396,0
DA:397,0
DA:398,0
DA:399,0
DA:400,0
DA:401,0
DA:402,0
DA:404,0
DA:407,0
DA:408,0
DA:409,0
DA:410,0
DA:412,0
DA:416,0
DA:417,0
DA:428,0
DA:434,0
DA:437,0
DA:438,0
DA:439,0
DA:441,0
DA:442,0
DA:452,0
DA:462,0
DA:465,0
DA:466,0
DA:468,0
DA:469,0
DA:470,0
DA:472,0
DA:473,0
DA:474,0
DA:477,0
DA:479,0
DA:483,0
DA:484,0
DA:485,0
DA:486,0
DA:487,0
DA:488,0
DA:489,0
DA:490,0
DA:491,0
DA:492,0
DA:498,0
DA:501,0
DA:504,0
DA:506,0
DA:507,0
DA:508,0
DA:509,0
DA:510,0
DA:512,0
DA:513,0
DA:519,0
DA:521,0
DA:524,0
DA:525,0
DA:526,0
DA:527,0
DA:528,0
DA:529,0
DA:530,0
DA:531,0
DA:532,0
DA:533,0
DA:534,0
DA:536,0
DA:537,0
DA:539,0
DA:540,0
DA:541,0
DA:542,0
DA:543,0
DA:544,0
DA:545,0
DA:546,0
DA:547,0
DA:548,0
DA:549,0
DA:550,0
DA:551,0
DA:553,0
DA:555,0
DA:556,0
DA:557,0
DA:558,0
DA:560,0
DA:568,0
DA:576,0
DA:581,0
DA:582,0
DA:583,0
DA:584,0
DA:585,0
DA:587,0
DA:588,0
DA:589,0
DA:590,0
DA:592,0
DA:593,0
DA:602,0
DA:603,0
DA:604,0
DA:605,0
DA:607,0
DA:611,0
DA:613,0
DA:614,0
DA:616,0
DA:620,0
DA:621,0
DA:622,0
DA:623,0
DA:624,0
DA:625,0
DA:626,0
DA:633,0
DA:635,0
DA:636,0
DA:637,0
DA:638,0
DA:639,0
DA:641,0
DA:642,0
DA:644,0
DA:647,0
DA:658,0
DA:662,0
DA:663,0
DA:664,0
DA:665,0
LF:187
LH:0
BRDA:28,0,0,0
BRDA:28,0,1,0
BRDA:28,1,0,0
BRDA:28,1,1,0
BRDA:281,2,0,0
BRDA:281,2,1,0
BRDA:319,3,0,0
BRDA:319,3,1,0
BRDA:319,4,0,0
BRDA:319,4,1,0
BRDA:319,5,0,0
BRDA:319,5,1,0
BRDA:319,6,0,0
BRDA:319,6,1,0
BRDA:319,7,0,0
BRDA:319,7,1,0
BRDA:323,8,0,0
BRDA:323,8,1,0
BRDA:325,9,0,0
BRDA:325,9,1,0
BRDA:332,10,0,0
BRDA:332,10,1,0
BRDA:334,11,0,0
BRDA:334,11,1,0
BRDA:341,12,0,0
BRDA:341,12,1,0
BRDA:355,13,0,0
BRDA:355,13,1,0
BRDA:361,14,0,0
BRDA:361,14,1,0
BRDA:381,15,0,0
BRDA:381,15,1,0
BRDA:381,16,0,0
BRDA:381,16,1,0
BRDA:387,17,0,0
BRDA:387,17,1,0
BRDA:390,18,0,0
BRDA:390,18,1,0
BRDA:397,19,0,0
BRDA:397,19,1,0
BRDA:399,20,0,0
BRDA:399,20,1,0
BRDA:401,21,0,0
BRDA:401,21,1,0
BRDA:407,22,0,0
BRDA:407,22,1,0
BRDA:409,23,0,0
BRDA:409,23,1,0
BRDA:437,24,0,0
BRDA:437,24,1,0
BRDA:441,25,0,0
BRDA:441,25,1,0
BRDA:448,26,0,0
BRDA:448,26,1,0
BRDA:449,27,0,0
BRDA:449,27,1,0
BRDA:458,28,0,0
BRDA:458,28,1,0
BRDA:459,29,0,0
BRDA:459,29,1,0
BRDA:465,30,0,0
BRDA:465,30,1,0
BRDA:468,31,0,0
BRDA:468,31,1,0
BRDA:485,32,0,0
BRDA:485,32,1,0
BRDA:487,33,0,0
BRDA:487,33,1,0
BRDA:508,34,0,0
BRDA:508,34,1,0
BRDA:509,35,0,0
BRDA:509,35,1,0
BRDA:526,36,0,0
BRDA:526,36,1,0
BRDA:528,37,0,0
BRDA:528,37,1,0
BRDA:536,38,0,0
BRDA:536,38,1,0
BRDA:539,39,0,0
BRDA:539,39,1,0
BRDA:549,40,0,0
BRDA:549,40,1,0
BRDA:556,41,0,0
BRDA:556,41,1,0
BRDA:556,42,0,0
BRDA:556,42,1,0
BRDA:556,43,0,0
BRDA:556,43,1,0
BRDA:557,44,0,0
BRDA:557,44,1,0
BRDA:563,45,0,0
BRDA:563,45,1,0
BRDA:564,46,0,0
BRDA:564,46,1,0
BRDA:565,47,0,0
BRDA:565,47,1,0
BRDA:566,48,0,0
BRDA:566,48,1,0
BRDA:582,49,0,0
BRDA:582,49,1,0
BRDA:587,50,0,0
BRDA:587,50,1,0
BRDA:592,51,0,0
BRDA:592,51,1,0
BRDA:602,52,0,0
BRDA:602,52,1,0
BRDA:604,53,0,0
BRDA:604,53,1,0
BRDA:613,54,0,0
BRDA:613,54,1,0
BRDA:622,55,0,0
BRDA:622,55,1,0
BRDA:624,56,0,0
BRDA:624,56,1,0
BRDA:625,57,0,0
BRDA:625,57,1,0
BRDA:636,58,0,0
BRDA:636,58,1,0
BRDA:638,59,0,0
BRDA:638,59,1,0
BRDA:641,60,0,0
BRDA:641,60,1,0
BRDA:662,61,0,0
BRDA:662,61,1,0
BRDA:663,62,0,0
BRDA:663,62,1,0
BRDA:664,63,0,0
BRDA:664,63,1,0
BRDA:664,64,0,0
BRDA:664,64,1,0
BRDA:664,65,0,0
BRDA:664,65,1,0
BRDA:664,66,0,0
BRDA:664,66,1,0
BRDA:664,67,0,0
BRDA:664,67,1,0
BRDA:664,68,0,0
BRDA:664,68,1,0
BRDA:664,69,0,0
BRDA:664,69,1,0
BRDA:664,70,0,0
BRDA:664,70,1,0
BRDA:664,71,0,0
BRDA:664,71,1,0
BRDA:664,72,0,0
BRDA:664,72,1,0
BRDA:664,73,0,0
BRDA:664,73,1,0
BRDA:664,74,0,0
BRDA:664,74,1,0
BRDA:664,75,0,0
BRDA:664,75,1,0
BRDA:664,76,0,0
BRDA:664,76,1,0
BRDA:664,77,0,0
BRDA:664,77,1,0
BRDA:665,78,0,0
BRDA:665,78,1,0
BRF:158
BRH:0
end_of_record
TN:
SF:E:\work\wikimoeCardByNodeJS-2.12.0\view\src\app\views\battlecard.vue
FN:1,(anonymous_0)
FN:40,_interopRequireDefault
FN:507,data
FN:549,created
FN:553,mounted
FN:559,searchCardCount
FN:562,(anonymous_6)
FN:569,getCardPackage
FN:572,(anonymous_8)
FN:587,moreBtn
FN:598,clearBattleCard
FN:603,tableFixed
FN:612,openTips
FN:619,saveCard
FN:627,(anonymous_14)
FN:639,sumADSHP
FN:640,(anonymous_16)
FN:708,seledCard
FN:728,restIf
FN:732,selcard
FN:739,PrefixInteger_
FN:742,searchChanged
FN:747,cardPageChange
FN:754,setStar
FN:763,setCry
FN:772,setRightType
FN:781,setLeftType
FN:790,seledCard
FN:803,setSort
FN:842,(anonymous_29)
FN:848,(anonymous_30)
FN:853,getMyBattleCard
FN:860,(anonymous_32)
FN:870,(anonymous_33)
FN:888,searchcardlevel
FN:894,(anonymous_35)
FN:906,getMycard
FN:909,(anonymous_37)
FN:931,back
FN:942,beforeDestroy
FN:949,render
FN:949,(anonymous_41)
FN:949,(anonymous_42)
FN:949,(anonymous_43)
FN:949,(anonymous_44)
FN:949,(anonymous_45)
FN:949,(anonymous_46)
FN:949,(anonymous_47)
FN:949,(anonymous_48)
FN:949,(anonymous_49)
FN:949,(anonymous_50)
FN:949,(anonymous_51)
FN:949,(anonymous_52)
FN:949,(anonymous_53)
FN:949,(anonymous_54)
FN:949,(anonymous_55)
FN:949,(anonymous_56)
FN:949,(anonymous_57)
FN:950,render
FN:950,render
FNF:60
FNH:0
FNDA:0,(anonymous_0)
FNDA:0,_interopRequireDefault
FNDA:0,data
FNDA:0,created
FNDA:0,mounted
FNDA:0,searchCardCount
FNDA:0,(anonymous_6)
FNDA:0,getCardPackage
FNDA:0,(anonymous_8)
FNDA:0,moreBtn
FNDA:0,clearBattleCard
FNDA:0,tableFixed
FNDA:0,openTips
FNDA:0,saveCard
FNDA:0,(anonymous_14)
FNDA:0,sumADSHP
FNDA:0,(anonymous_16)
FNDA:0,seledCard
FNDA:0,restIf
FNDA:0,selcard
FNDA:0,PrefixInteger_
FNDA:0,searchChanged
FNDA:0,cardPageChange
FNDA:0,setStar
FNDA:0,setCry
FNDA:0,setRightType
FNDA:0,setLeftType
FNDA:0,seledCard
FNDA:0,setSort
FNDA:0,(anonymous_29)
FNDA:0,(anonymous_30)
FNDA:0,getMyBattleCard
FNDA:0,(anonymous_32)
FNDA:0,(anonymous_33)
FNDA:0,searchcardlevel
FNDA:0,(anonymous_35)
FNDA:0,getMycard
FNDA:0,(anonymous_37)
FNDA:0,back
FNDA:0,beforeDestroy
FNDA:0,render
FNDA:0,(anonymous_41)
FNDA:0,(anonymous_42)
FNDA:0,(anonymous_43)
FNDA:0,(anonymous_44)
FNDA:0,(anonymous_45)
FNDA:0,(anonymous_46)
FNDA:0,(anonymous_47)
FNDA:0,(anonymous_48)
FNDA:0,(anonymous_49)
FNDA:0,(anonymous_50)
FNDA:0,(anonymous_51)
FNDA:0,(anonymous_52)
FNDA:0,(anonymous_53)
FNDA:0,(anonymous_54)
FNDA:0,(anonymous_55)
FNDA:0,(anonymous_56)
FNDA:0,(anonymous_57)
FNDA:0,render
FNDA:0,render
DA:1,0
DA:4,0
DA:8,0
DA:10,0
DA:12,0
DA:14,0
DA:16,0
DA:18,0
DA:20,0
DA:22,0
DA:24,0
DA:26,0
DA:28,0
DA:30,0
DA:32,0
DA:34,0
DA:36,0
DA:38,0
DA:40,0
DA:506,0
DA:508,0
DA:550,0
DA:551,0
DA:554,0
DA:555,0
DA:560,0
DA:562,0
DA:563,0
DA:564,0
DA:565,0
DA:570,0
DA:572,0
DA:573,0
DA:574,0
DA:575,0
DA:576,0
DA:577,0
DA:579,0
DA:580,0
DA:581,0
DA:583,0
DA:588,0
DA:589,0
DA:590,0
DA:591,0
DA:592,0
DA:593,0
DA:599,0
DA:600,0
DA:601,0
DA:604,0
DA:605,0
DA:606,0
DA:608,0
DA:609,0
DA:610,0
DA:617,0
DA:620,0
DA:622,0
DA:627,0
DA:628,0
DA:629,0
DA:630,0
DA:631,0
DA:632,0
DA:640,0
DA:641,0
DA:643,0
DA:652,0
DA:653,0
DA:654,0
DA:655,0
DA:656,0
DA:657,0
DA:658,0
DA:659,0
DA:660,0
DA:661,0
DA:663,0
DA:664,0
DA:666,0
DA:667,0
DA:668,0
DA:670,0
DA:671,0
DA:672,0
DA:679,0
DA:680,0
DA:681,0
DA:682,0
DA:684,0
DA:685,0
DA:687,0
DA:688,0
DA:689,0
DA:690,0
DA:691,0
DA:693,0
DA:694,0
DA:695,0
DA:697,0
DA:698,0
DA:700,0
DA:701,0
DA:703,0
DA:706,0
DA:709,0
DA:711,0
DA:712,0
DA:713,0
DA:714,0
DA:717,0
DA:719,0
DA:721,0
DA:722,0
DA:723,0
DA:724,0
DA:729,0
DA:730,0
DA:733,0
DA:734,0
DA:735,0
DA:736,0
DA:737,0
DA:740,0
DA:743,0
DA:744,0
DA:745,0
DA:748,0
DA:750,0
DA:751,0
DA:752,0
DA:755,0
DA:756,0
DA:757,0
DA:758,0
DA:759,0
DA:761,0
DA:764,0
DA:765,0
DA:766,0
DA:767,0
DA:768,0
DA:770,0
DA:773,0
DA:774,0
DA:775,0
DA:776,0
DA:777,0
DA:779,0
DA:782,0
DA:783,0
DA:784,0
DA:785,0
DA:786,0
DA:788,0
DA:791,0
DA:792,0
DA:793,0
DA:794,0
DA:796,0
DA:797,0
DA:801,0
DA:804,0
DA:805,0
DA:806,0
DA:807,0
DA:808,0
DA:809,0
DA:811,0
DA:812,0
DA:813,0
DA:814,0
DA:816,0
DA:819,0
DA:820,0
DA:821,0
DA:822,0
DA:823,0
DA:825,0
DA:827,0
DA:828,0
DA:829,0
DA:830,0
DA:831,0
DA:832,0
DA:833,0
DA:835,0
DA:837,0
DA:838,0
DA:841,0
DA:842,0
DA:843,0
DA:845,0
DA:846,0
DA:847,0
DA:848,0
DA:849,0
DA:850,0
DA:854,0
DA:856,0
DA:860,0
DA:861,0
DA:862,0
DA:863,0
DA:864,0
DA:865,0
DA:866,0
DA:867,0
DA:868,0
DA:870,0
DA:871,0
DA:872,0
DA:873,0
DA:874,0
DA:875,0
DA:876,0
DA:878,0
DA:880,0
DA:881,0
DA:884,0
DA:889,0
DA:891,0
DA:894,0
DA:895,0
DA:896,0
DA:897,0
DA:898,0
DA:899,0
DA:900,0
DA:902,0
DA:907,0
DA:909,0
DA:910,0
DA:911,0
DA:912,0
DA:913,0
DA:914,0
DA:916,0
DA:917,0
DA:918,0
DA:919,0
DA:920,0
DA:921,0
DA:923,0
DA:932,0
DA:933,0
DA:937,0
DA:938,0
DA:943,0
DA:947,0
DA:948,0
DA:949,0
DA:950,0
LF:254
LH:0
BRDA:40,0,0,0
BRDA:40,0,1,0
BRDA:40,1,0,0
BRDA:40,1,1,0
BRDA:515,2,0,0
BRDA:515,2,1,0
BRDA:564,3,0,0
BRDA:564,3,1,0
BRDA:574,4,0,0
BRDA:574,4,1,0
BRDA:576,5,0,0
BRDA:576,5,1,0
BRDA:580,6,0,0
BRDA:580,6,1,0
BRDA:580,7,0,0
BRDA:580,7,1,0
BRDA:588,8,0,0
BRDA:588,8,1,0
BRDA:590,9,0,0
BRDA:590,9,1,0
BRDA:592,10,0,0
BRDA:592,10,1,0
BRDA:605,11,0,0
BRDA:605,11,1,0
BRDA:608,12,0,0
BRDA:608,12,1,0
BRDA:608,12,2,0
BRDA:610,13,0,0
BRDA:610,13,1,0
BRDA:629,14,0,0
BRDA:629,14,1,0
BRDA:631,15,0,0
BRDA:631,15,1,0
BRDA:667,16,0,0
BRDA:667,16,1,0
BRDA:688,17,0,0
BRDA:688,17,1,0
BRDA:689,18,0,0
BRDA:689,18,1,0
BRDA:691,19,0,0
BRDA:691,19,1,0
BRDA:695,20,0,0
BRDA:695,20,1,0
BRDA:698,21,0,0
BRDA:698,21,1,0
BRDA:701,22,0,0
BRDA:701,22,1,0
BRDA:709,23,0,0
BRDA:709,23,1,0
BRDA:756,24,0,0
BRDA:756,24,1,0
BRDA:758,25,0,0
BRDA:758,25,1,0
BRDA:765,26,0,0
BRDA:765,26,1,0
BRDA:767,27,0,0
BRDA:767,27,1,0
BRDA:774,28,0,0
BRDA:774,28,1,0
BRDA:776,29,0,0
BRDA:776,29,1,0
BRDA:783,30,0,0
BRDA:783,30,1,0
BRDA:785,31,0,0
BRDA:785,31,1,0
BRDA:793,32,0,0
BRDA:793,32,1,0
BRDA:794,33,0,0
BRDA:794,33,1,0
BRDA:805,34,0,0
BRDA:805,34,1,0
BRDA:806,35,0,0
BRDA:806,35,1,0
BRDA:808,36,0,0
BRDA:808,36,1,0
BRDA:811,37,0,0
BRDA:811,37,1,0
BRDA:811,38,0,0
BRDA:811,38,1,0
BRDA:811,39,0,0
BRDA:811,39,1,0
BRDA:813,40,0,0
BRDA:813,40,1,0
BRDA:813,41,0,0
BRDA:813,41,1,0
BRDA:813,42,0,0
BRDA:813,42,1,0
BRDA:819,43,0,0
BRDA:819,43,1,0
BRDA:820,44,0,0
BRDA:820,44,1,0
BRDA:820,45,0,0
BRDA:820,45,1,0
BRDA:820,46,0,0
BRDA:820,46,1,0
BRDA:822,47,0,0
BRDA:822,47,1,0
BRDA:822,48,0,0
BRDA:822,48,1,0
BRDA:822,49,0,0
BRDA:822,49,1,0
BRDA:827,50,0,0
BRDA:827,50,1,0
BRDA:828,51,0,0
BRDA:828,51,1,0
BRDA:828,52,0,0
BRDA:828,52,1,0
BRDA:829,53,0,0
BRDA:829,53,1,0
BRDA:830,54,0,0
BRDA:830,54,1,0
BRDA:832,55,0,0
BRDA:832,55,1,0
BRDA:837,56,0,0
BRDA:837,56,1,0
BRDA:843,57,0,0
BRDA:843,57,1,0
BRDA:843,57,2,0
BRDA:843,57,3,0
BRDA:843,57,4,0
BRDA:862,58,0,0
BRDA:862,58,1,0
BRDA:864,59,0,0
BRDA:864,59,1,0
BRDA:865,60,0,0
BRDA:865,60,1,0
BRDA:871,61,0,0
BRDA:871,61,1,0
BRDA:871,62,0,0
BRDA:871,62,1,0
BRDA:873,63,0,0
BRDA:873,63,1,0
BRDA:873,64,0,0
BRDA:873,64,1,0
BRDA:875,65,0,0
BRDA:875,65,1,0
BRDA:875,66,0,0
BRDA:875,66,1,0
BRDA:881,67,0,0
BRDA:881,67,1,0
BRDA:896,68,0,0
BRDA:896,68,1,0
BRDA:898,69,0,0
BRDA:898,69,1,0
BRDA:899,70,0,0
BRDA:899,70,1,0
BRDA:910,71,0,0
BRDA:910,71,1,0
BRDA:912,72,0,0
BRDA:912,72,1,0
BRDA:914,73,0,0
BRDA:914,73,1,0
BRDA:917,74,0,0
BRDA:917,74,1,0
BRDA:918,75,0,0
BRDA:918,75,1,0
BRDA:932,76,0,0
BRDA:932,76,1,0
BRDA:947,77,0,0
BRDA:947,77,1,0
BRDA:948,78,0,0
BRDA:948,78,1,0
BRDA:949,79,0,0
BRDA:949,79,1,0
BRDA:949,80,0,0
BRDA:949,80,1,0
BRDA:949,81,0,0
BRDA:949,81,1,0
BRDA:949,82,0,0
BRDA:949,82,1,0
BRDA:949,83,0,0
BRDA:949,83,1,0
BRDA:949,84,0,0
BRDA:949,84,1,0
BRDA:949,85,0,0
BRDA:949,85,1,0
BRDA:949,86,0,0
BRDA:949,86,1,0
BRDA:949,87,0,0
BRDA:949,87,1,0
BRDA:949,88,0,0
BRDA:949,88,1,0
BRDA:949,89,0,0
BRDA:949,89,1,0
BRDA:949,90,0,0
BRDA:949,90,1,0
BRDA:949,91,0,0
BRDA:949,91,1,0
BRDA:949,92,0,0
BRDA:949,92,1,0
BRDA:949,93,0,0
BRDA:949,93,1,0
BRDA:949,94,0,0
BRDA:949,94,1,0
BRDA:949,95,0,0
BRDA:949,95,1,0
BRDA:949,96,0,0
BRDA:949,96,1,0
BRDA:949,97,0,0
BRDA:949,97,1,0
BRDA:949,98,0,0
BRDA:949,98,1,0
BRDA:949,99,0,0
BRDA:949,99,1,0
BRDA:949,100,0,0
BRDA:949,100,1,0
BRDA:949,101,0,0
BRDA:949,101,1,0
BRDA:949,102,0,0
BRDA:949,102,1,0
BRDA:949,103,0,0
BRDA:949,103,1,0
BRDA:949,104,0,0
BRDA:949,104,1,0
BRDA:949,105,0,0
BRDA:949,105,1,0
BRDA:949,106,0,0
BRDA:949,106,1,0
BRDA:949,107,0,0
BRDA:949,107,1,0
BRDA:949,108,0,0
BRDA:949,108,1,0
BRDA:949,109,0,0
BRDA:949,109,1,0
BRDA:949,110,0,0
BRDA:949,110,1,0
BRDA:949,111,0,0
BRDA:949,111,1,0
BRDA:949,112,0,0
BRDA:949,112,1,0
BRDA:949,113,0,0
BRDA:949,113,1,0
BRDA:949,114,0,0
BRDA:949,114,1,0
BRDA:949,115,0,0
BRDA:949,115,1,0
BRDA:949,116,0,0
BRDA:949,116,1,0
BRDA:949,117,0,0
BRDA:949,117,1,0
BRDA:949,118,0,0
BRDA:949,118,1,0
BRDA:949,119,0,0
BRDA:949,119,1,0
BRDA:949,120,0,0
BRDA:949,120,1,0
BRDA:949,121,0,0
BRDA:949,121,1,0
BRDA:949,122,0,0
BRDA:949,122,1,0
BRDA:949,123,0,0
BRDA:949,123,1,0
BRDA:949,124,0,0
BRDA:949,124,1,0
BRDA:949,125,0,0
BRDA:949,125,1,0
BRDA:949,126,0,0
BRDA:949,126,1,0
BRDA:949,127,0,0
BRDA:949,127,1,0
BRDA:949,128,0,0
BRDA:949,128,1,0
BRDA:949,129,0,0
BRDA:949,129,1,0
BRDA:949,130,0,0
BRDA:949,130,1,0
BRDA:949,131,0,0
BRDA:949,131,1,0
BRDA:949,132,0,0
BRDA:949,132,1,0
BRDA:949,133,0,0
BRDA:949,133,1,0
BRDA:949,134,0,0
BRDA:949,134,1,0
BRDA:949,135,0,0
BRDA:949,135,1,0
BRDA:949,136,0,0
BRDA:949,136,1,0
BRDA:949,137,0,0
BRDA:949,137,1,0
BRDA:949,138,0,0
BRDA:949,138,1,0
BRDA:949,139,0,0
BRDA:949,139,1,0
BRDA:949,140,0,0
BRDA:949,140,1,0
BRDA:949,141,0,0
BRDA:949,141,1,0
BRDA:949,142,0,0
BRDA:949,142,1,0
BRDA:949,143,0,0
BRDA:949,143,1,0
BRDA:949,144,0,0
BRDA:949,144,1,0
BRDA:949,145,0,0
BRDA:949,145,1,0
BRDA:949,146,0,0
BRDA:949,146,1,0
BRDA:949,147,0,0
BRDA:949,147,1,0
BRDA:949,148,0,0
BRDA:949,148,1,0
BRDA:949,149,0,0
BRDA:949,149,1,0
BRDA:949,150,0,0
BRDA:949,150,1,0
BRDA:949,151,0,0
BRDA:949,151,1,0
BRDA:949,152,0,0
BRDA:949,152,1,0
BRDA:949,153,0,0
BRDA:949,153,1,0
BRDA:949,154,0,0
BRDA:949,154,1,0
BRDA:949,155,0,0
BRDA:949,155,1,0
BRDA:950,156,0,0
BRDA:950,156,1,0
BRDA:950,157,0,0
BRDA:950,157,1,0
BRF:320
BRH:0
end_of_record
TN:
SF:E:\work\wikimoeCardByNodeJS-2.12.0\view\src\app\views\cardlevelchange.vue
FN:1,(anonymous_0)
FN:32,_interopRequireDefault
FN:189,data
FN:223,mounted
FN:229,apiInit
FN:233,(anonymous_5)
FN:237,(anonymous_6)
FN:241,getCardPackage
FN:244,(anonymous_8)
FN:259,goChange
FN:270,(anonymous_10)
FN:276,(anonymous_11)
FN:297,(anonymous_12)
FN:299,changeToCard
FN:303,searchChanged
FN:307,PrefixInteger_
FN:310,cardPageChange
FN:317,setStar
FN:326,setCry
FN:335,setRightType
FN:344,setLeftType
FN:353,setSort
FN:391,(anonymous_22)
FN:397,(anonymous_23)
FN:402,searchcardlevel
FN:408,(anonymous_25)
FN:421,getMycard
FN:424,(anonymous_27)
FN:442,initData
FN:459,render
FN:459,(anonymous_30)
FN:459,(anonymous_31)
FN:459,(anonymous_32)
FN:459,(anonymous_33)
FN:459,(anonymous_34)
FN:459,(anonymous_35)
FN:459,(anonymous_36)
FN:459,(anonymous_37)
FN:459,(anonymous_38)
FN:460,render
FNF:40
FNH:0
FNDA:0,(anonymous_0)
FNDA:0,_interopRequireDefault
FNDA:0,data
FNDA:0,mounted
FNDA:0,apiInit
FNDA:0,(anonymous_5)
FNDA:0,(anonymous_6)
FNDA:0,getCardPackage
FNDA:0,(anonymous_8)
FNDA:0,goChange
FNDA:0,(anonymous_10)
FNDA:0,(anonymous_11)
FNDA:0,(anonymous_12)
FNDA:0,changeToCard
FNDA:0,searchChanged
FNDA:0,PrefixInteger_
FNDA:0,cardPageChange
FNDA:0,setStar
FNDA:0,setCry
FNDA:0,setRightType
FNDA:0,setLeftType
FNDA:0,setSort
FNDA:0,(anonymous_22)
FNDA:0,(anonymous_23)
FNDA:0,searchcardlevel
FNDA:0,(anonymous_25)
FNDA:0,getMycard
FNDA:0,(anonymous_27)
FNDA:0,initData
FNDA:0,render
FNDA:0,(anonymous_30)
FNDA:0,(anonymous_31)
FNDA:0,(anonymous_32)
FNDA:0,(anonymous_33)
FNDA:0,(anonymous_34)
FNDA:0,(anonymous_35)
FNDA:0,(anonymous_36)
FNDA:0,(anonymous_37)
FNDA:0,(anonymous_38)
FNDA:0,render
DA:1,0
DA:4,0
DA:8,0
DA:10,0
DA:12,0
DA:14,0
DA:16,0
DA:18,0
DA:20,0
DA:22,0
DA:24,0
DA:26,0
DA:28,0
DA:30,0
DA:32,0
DA:188,0
DA:190,0
DA:224,0
DA:225,0
DA:230,0
DA:232,0
DA:233,0
DA:234,0
DA:237,0
DA:238,0
DA:242,0
DA:244,0
DA:245,0
DA:246,0
DA:247,0
DA:248,0
DA:249,0
DA:251,0
DA:252,0
DA:253,0
DA:255,0
DA:260,0
DA:262,0
DA:263,0
DA:264,0
DA:266,0
DA:271,0
DA:276,0
DA:277,0
DA:278,0
DA:279,0
DA:280,0
DA:281,0
DA:285,0
DA:286,0
DA:287,0
DA:288,0
DA:289,0
DA:291,0
DA:300,0
DA:301,0
DA:304,0
DA:305,0
DA:308,0
DA:311,0
DA:313,0
DA:314,0
DA:315,0
DA:318,0
DA:319,0
DA:320,0
DA:321,0
DA:322,0
DA:324,0
DA:327,0
DA:328,0
DA:329,0
DA:330,0
DA:331,0
DA:333,0
DA:336,0
DA:337,0
DA:338,0
DA:339,0
DA:340,0
DA:342,0
DA:345,0
DA:346,0
DA:347,0
DA:348,0
DA:349,0
DA:351,0
DA:354,0
DA:355,0
DA:356,0
DA:357,0
DA:358,0
DA:359,0
DA:361,0
DA:362,0
DA:363,0
DA:364,0
DA:366,0
DA:369,0
DA:370,0
DA:371,0
DA:372,0
DA:373,0
DA:375,0
DA:377,0
DA:378,0
DA:379,0
DA:380,0
DA:381,0
DA:382,0
DA:383,0
DA:385,0
DA:387,0
DA:388,0
DA:391,0
DA:392,0
DA:394,0
DA:395,0
DA:396,0
DA:397,0
DA:398,0
DA:399,0
DA:403,0
DA:405,0
DA:408,0
DA:409,0
DA:410,0
DA:411,0
DA:412,0
DA:413,0
DA:414,0
DA:415,0
DA:417,0
DA:422,0
DA:424,0
DA:425,0
DA:426,0
DA:427,0
DA:428,0
DA:429,0
DA:430,0
DA:431,0
DA:432,0
DA:433,0
DA:434,0
DA:444,0
DA:445,0
DA:446,0
DA:447,0
DA:448,0
DA:452,0
DA:457,0
DA:458,0
DA:459,0
DA:460,0
LF:155
LH:0
BRDA:32,0,0,0
BRDA:32,0,1,0
BRDA:32,1,0,0
BRDA:32,1,1,0
BRDA:192,2,0,0
BRDA:192,2,1,0
BRDA:193,3,0,0
BRDA:193,3,1,0
BRDA:195,4,0,0
BRDA:195,4,1,0
BRDA:196,5,0,0
BRDA:196,5,1,0
BRDA:203,6,0,0
BRDA:203,6,1,0
BRDA:206,7,0,0
BRDA:206,7,1,0
BRDA:246,8,0,0
BRDA:246,8,1,0
BRDA:248,9,0,0
BRDA:248,9,1,0
BRDA:252,10,0,0
BRDA:252,10,1,0
BRDA:252,11,0,0
BRDA:252,11,1,0
BRDA:262,12,0,0
BRDA:262,12,1,0
BRDA:278,13,0,0
BRDA:278,13,1,0
BRDA:280,14,0,0
BRDA:280,14,1,0
BRDA:287,15,0,0
BRDA:287,15,1,0
BRDA:319,16,0,0
BRDA:319,16,1,0
BRDA:321,17,0,0
BRDA:321,17,1,0
BRDA:328,18,0,0
BRDA:328,18,1,0
BRDA:330,19,0,0
BRDA:330,19,1,0
BRDA:337,20,0,0
BRDA:337,20,1,0
BRDA:339,21,0,0
BRDA:339,21,1,0
BRDA:346,22,0,0
BRDA:346,22,1,0
BRDA:348,23,0,0
BRDA:348,23,1,0
BRDA:355,24,0,0
BRDA:355,24,1,0
BRDA:356,25,0,0
BRDA:356,25,1,0
BRDA:358,26,0,0
BRDA:358,26,1,0
BRDA:361,27,0,0
BRDA:361,27,1,0
BRDA:361,28,0,0
BRDA:361,28,1,0
BRDA:361,29,0,0
BRDA:361,29,1,0
BRDA:363,30,0,0
BRDA:363,30,1,0
BRDA:363,31,0,0
BRDA:363,31,1,0
BRDA:363,32,0,0
BRDA:363,32,1,0
BRDA:369,33,0,0
BRDA:369,33,1,0
BRDA:370,34,0,0
BRDA:370,34,1,0
BRDA:370,35,0,0
BRDA:370,35,1,0
BRDA:370,36,0,0
BRDA:370,36,1,0
BRDA:372,37,0,0
BRDA:372,37,1,0
BRDA:372,38,0,0
BRDA:372,38,1,0
BRDA:372,39,0,0
BRDA:372,39,1,0
BRDA:377,40,0,0
BRDA:377,40,1,0
BRDA:378,41,0,0
BRDA:378,41,1,0
BRDA:378,42,0,0
BRDA:378,42,1,0
BRDA:379,43,0,0
BRDA:379,43,1,0
BRDA:380,44,0,0
BRDA:380,44,1,0
BRDA:382,45,0,0
BRDA:382,45,1,0
BRDA:387,46,0,0
BRDA:387,46,1,0
BRDA:392,47,0,0
BRDA:392,47,1,0
BRDA:392,47,2,0
BRDA:392,47,3,0
BRDA:392,47,4,0
BRDA:392,47,5,0
BRDA:410,48,0,0
[...]
TN:
SF:E:\work\wikimoeCardByNodeJS-2.12.0\view\src\utils\live2d\lib\MatrixStack.js
FN:40,(anonymous_0)
FN:47,(anonymous_1)
FN:63,(anonymous_2)
FN:84,(anonymous_3)
FN:103,(anonymous_4)
FN:110,(anonymous_5)
FNF:6
FNH:0
FNDA:0,(anonymous_0)
FNDA:0,(anonymous_1)
FNDA:0,(anonymous_2)
FNDA:0,(anonymous_3)
FNDA:0,(anonymous_4)
FNDA:0,(anonymous_5)
DA:1,0
DA:10,0
DA:12,0
DA:17,0
DA:25,0
DA:28,0
DA:36,0
DA:40,0
DA:42,0
DA:47,0
DA:53,0
DA:63,0
DA:77,0
DA:79,0
DA:84,0
DA:86,0
DA:87,0
DA:89,0
DA:90,0
DA:98,0
DA:103,0
DA:105,0
DA:110,0
DA:133,0
LF:24
LH:0
BRDA:87,0,0,0
BRDA:87,0,1,0
BRF:2
BRH:0
end_of_record
TN:
SF:E:\work\wikimoeCardByNodeJS-2.12.0\view\src\utils\live2d\lib\ModelSettingJson.js
FN:1,ModelSettingJson
FN:37,(anonymous_1)
FN:46,(anonymous_2)
FN:52,(anonymous_3)
FN:60,(anonymous_4)
FN:69,(anonymous_5)
FN:79,(anonymous_6)
FN:89,(anonymous_7)
FN:95,(anonymous_8)
FN:101,(anonymous_9)
FN:107,(anonymous_10)
FN:115,(anonymous_11)
FN:123,(anonymous_12)
FN:129,(anonymous_13)
FN:135,(anonymous_14)
FN:145,(anonymous_15)
FN:156,(anonymous_16)
FN:168,(anonymous_17)
FN:180,(anonymous_18)
FN:192,(anonymous_19)
FN:202,(anonymous_20)
FN:211,(anonymous_21)
FN:217,(anonymous_22)
FN:225,(anonymous_23)
FNF:24
FNH:0
FNDA:0,ModelSettingJson
FNDA:0,(anonymous_1)
FNDA:0,(anonymous_2)
FNDA:0,(anonymous_3)
FNDA:0,(anonymous_4)
FNDA:0,(anonymous_5)
FNDA:0,(anonymous_6)
FNDA:0,(anonymous_7)
FNDA:0,(anonymous_8)
FNDA:0,(anonymous_9)
FNDA:0,(anonymous_10)
FNDA:0,(anonymous_11)
FNDA:0,(anonymous_12)
FNDA:0,(anonymous_13)
FNDA:0,(anonymous_14)
FNDA:0,(anonymous_15)
FNDA:0,(anonymous_16)
FNDA:0,(anonymous_17)
FNDA:0,(anonymous_18)
FNDA:0,(anonymous_19)
FNDA:0,(anonymous_20)
FNDA:0,(anonymous_21)
FNDA:0,(anonymous_22)
FNDA:0,(anonymous_23)
DA:1,0
DA:3,0
DA:4,0
DA:5,0
DA:6,0
DA:7,0
DA:8,0
DA:9,0
DA:10,0
DA:11,0
DA:12,0
DA:13,0
DA:14,0
DA:15,0
DA:16,0
DA:17,0
DA:18,0
DA:19,0
DA:21,0
DA:37,0
DA:39,0
DA:40,0
DA:42,0
DA:46,0
DA:48,0
DA:52,0
DA:54,0
DA:56,0
DA:60,0
DA:62,0
DA:63,0
DA:65,0
DA:69,0
DA:71,0
DA:73,0
DA:75,0
DA:79,0
DA:81,0
DA:83,0
DA:85,0
DA:89,0
DA:91,0
DA:95,0
DA:97,0
DA:101,0
DA:103,0
DA:107,0
DA:109,0
DA:110,0
DA:111,0
DA:115,0
DA:117,0
DA:118,0
DA:119,0
DA:123,0
DA:125,0
DA:129,0
DA:131,0
DA:135,0
DA:137,0
DA:139,0
DA:141,0
DA:145,0
DA:147,0
DA:150,0
DA:152,0
DA:156,0
DA:158,0
DA:162,0
DA:164,0
DA:168,0
DA:170,0
DA:174,0
DA:176,0
DA:180,0
DA:182,0
DA:186,0
DA:188,0
DA:192,0
DA:194,0
DA:196,0
DA:198,0
DA:202,0
DA:204,0
DA:205,0
DA:207,0
DA:211,0
DA:213,0
DA:217,0
DA:219,0
DA:220,0
DA:221,0
DA:225,0
DA:227,0
DA:228,0
DA:230,0
LF:96
LH:0
BRDA:21,0,0,0
BRDA:21,0,1,0
BRDA:39,1,0,0
BRDA:39,1,1,0
BRDA:39,2,0,0
BRDA:39,2,1,0
BRDA:54,3,0,0
BRDA:54,3,1,0
BRDA:62,4,0,0
BRDA:62,4,1,0
BRDA:71,5,0,0
BRDA:71,5,1,0
BRDA:71,6,0,0
BRDA:71,6,1,0
BRDA:81,7,0,0
BRDA:81,7,1,0
BRDA:81,8,0,0
BRDA:81,8,1,0
BRDA:103,9,0,0
BRDA:103,9,1,0
BRDA:109,10,0,0
BRDA:109,10,1,0
BRDA:117,11,0,0
BRDA:117,11,1,0
BRDA:131,12,0,0
BRDA:131,12,1,0
BRDA:137,13,0,0
BRDA:137,13,1,0
BRDA:137,14,0,0
BRDA:137,14,1,0
BRDA:147,15,0,0
BRDA:147,15,1,0
BRDA:147,16,0,0
BRDA:147,16,1,0
BRDA:147,16,2,0
BRDA:158,17,0,0
BRDA:158,17,1,0
BRDA:158,18,0,0
BRDA:158,18,1,0
BRDA:158,18,2,0
BRDA:158,18,3,0
BRDA:170,19,0,0
BRDA:170,19,1,0
BRDA:170,20,0,0
BRDA:170,20,1,0
BRDA:170,20,2,0
BRDA:170,20,3,0
BRDA:182,21,0,0
BRDA:182,21,1,0
BRDA:182,22,0,0
BRDA:182,22,1,0
BRDA:182,22,2,0
BRDA:182,22,3,0
BRDA:194,23,0,0
BRDA:194,23,1,0
BRDA:194,24,0,0
BRDA:194,24,1,0
BRDA:204,25,0,0
BRDA:204,25,1,0
BRDA:204,26,0,0
BRDA:204,26,1,0
BRDA:213,27,0,0
BRDA:213,27,1,0
BRDA:219,28,0,0
BRDA:219,28,1,0
BRDA:219,29,0,0
BRDA:219,29,1,0
BRDA:227,30,0,0
BRDA:227,30,1,0
BRDA:227,31,0,0
BRDA:227,31,1,0
BRF:71
BRH:0
end_of_record
TN:
SF:E:\work\wikimoeCardByNodeJS-2.12.0\view\src\utils\live2d\lib\glMatrix-common.js
FN:44,(anonymous_0)
FN:55,(anonymous_1)
FN:68,(anonymous_2)
FNF:3
FNH:0
FNDA:0,(anonymous_0)
FNDA:0,(anonymous_1)
FNDA:0,(anonymous_2)
DA:25,0
DA:28,0
DA:29,0
DA:30,0
DA:31,0
DA:33,0
DA:36,0
DA:37,0
DA:44,0
DA:45,0
DA:48,0
DA:55,0
DA:56,0
DA:68,0
DA:69,0
DA:72,0
LF:16
LH:0
BRDA:29,0,0,0
BRDA:29,0,1,0
BRDA:33,1,0,0
BRDA:33,1,1,0
BRDA:33,1,2,0
BRDA:36,2,0,0
BRDA:36,2,1,0
BRDA:37,3,0,0
BRDA:37,3,1,0
BRF:9
BRH:0
end_of_record
TN:
SF:E:\work\wikimoeCardByNodeJS-2.12.0\view\src\utils\live2d\lib\glMatrix-mat4.js
FN:37,(anonymous_0)
FN:64,(anonymous_1)
FN:92,(anonymous_2)
FN:133,(anonymous_3)
FN:176,(anonymous_4)
FN:203,(anonymous_5)
FN:230,(anonymous_6)
FN:278,(anonymous_7)
FN:321,(anonymous_8)
FN:375,(anonymous_9)
FN:484,(anonymous_10)
FN:516,(anonymous_11)
FN:612,(anonymous_12)
FN:643,(anonymous_13)
FN:700,(anonymous_14)
FN:757,(anonymous_15)
FN:794,(anonymous_16)
FN:835,(anonymous_17)
FN:865,(anonymous_18)
FN:907,(anonymous_19)
FN:969,(anonymous_20)
FN:1012,(anonymous_21)
FN:1055,(anonymous_22)
FN:1098,(anonymous_23)
FN:1141,(anonymous_24)
FN:1184,(anonymous_25)
FN:1230,(anonymous_26)
FN:1261,(anonymous_27)
FN:1293,(anonymous_28)
FN:1340,(anonymous_29)
FN:1375,(anonymous_30)
FN:1410,(anonymous_31)
FN:1449,(anonymous_32)
FN:1495,(anonymous_33)
FN:1513,(anonymous_34)
FN:1540,(anonymous_35)
FN:1591,(anonymous_36)
FN:1651,(anonymous_37)
FN:1704,(anonymous_38)
FN:1755,(anonymous_39)
FN:1788,(anonymous_40)
FN:1821,(anonymous_41)
FN:1860,(anonymous_42)
FN:1892,(anonymous_43)
FN:1976,(anonymous_44)
FN:1989,(anonymous_45)
FN:2001,(anonymous_46)
FN:2029,(anonymous_47)
FN:2063,(anonymous_48)
FN:2092,(anonymous_49)
FN:2119,(anonymous_50)
FN:2133,(anonymous_51)
FNF:52
FNH:0
FNDA:0,(anonymous_0)
FNDA:0,(anonymous_1)
FNDA:0,(anonymous_2)
FNDA:0,(anonymous_3)
FNDA:0,(anonymous_4)
FNDA:0,(anonymous_5)
FNDA:0,(anonymous_6)
FNDA:0,(anonymous_7)
FNDA:0,(anonymous_8)
FNDA:0,(anonymous_9)
FNDA:0,(anonymous_10)
FNDA:0,(anonymous_11)
FNDA:0,(anonymous_12)
FNDA:0,(anonymous_13)
FNDA:0,(anonymous_14)
FNDA:0,(anonymous_15)
FNDA:0,(anonymous_16)
FNDA:0,(anonymous_17)
FNDA:0,(anonymous_18)
FNDA:0,(anonymous_19)
FNDA:0,(anonymous_20)
FNDA:0,(anonymous_21)
FNDA:0,(anonymous_22)
FNDA:0,(anonymous_23)
FNDA:0,(anonymous_24)
FNDA:0,(anonymous_25)
FNDA:0,(anonymous_26)
FNDA:0,(anonymous_27)
FNDA:0,(anonymous_28)
FNDA:0,(anonymous_29)
FNDA:0,(anonymous_30)
FNDA:0,(anonymous_31)
FNDA:0,(anonymous_32)
FNDA:0,(anonymous_33)
FNDA:0,(anonymous_34)
FNDA:0,(anonymous_35)
FNDA:0,(anonymous_36)
FNDA:0,(anonymous_37)
FNDA:0,(anonymous_38)
FNDA:0,(anonymous_39)
FNDA:0,(anonymous_40)
FNDA:0,(anonymous_41)
FNDA:0,(anonymous_42)
FNDA:0,(anonymous_43)
FNDA:0,(anonymous_44)
FNDA:0,(anonymous_45)
FNDA:0,(anonymous_46)
FNDA:0,(anonymous_47)
FNDA:0,(anonymous_48)
FNDA:0,(anonymous_49)
FNDA:0,(anonymous_50)
FNDA:0,(anonymous_51)
DA:21,0
DA:27,0
DA:37,0
DA:38,0
DA:39,0
DA:40,0
DA:41,0
DA:42,0
DA:43,0
DA:44,0
DA:45,0
DA:46,0
DA:47,0
DA:48,0
DA:49,0
DA:50,0
DA:51,0
DA:52,0
DA:53,0
DA:54,0
DA:55,0
DA:64,0
DA:65,0
DA:66,0
DA:67,0
DA:68,0
DA:69,0
DA:70,0
DA:71,0
DA:72,0
DA:73,0
DA:74,0
DA:75,0
DA:76,0
DA:77,0
DA:78,0
DA:79,0
DA:80,0
DA:81,0
DA:82,0
DA:92,0
DA:93,0
DA:94,0
DA:95,0
DA:96,0
DA:97,0
DA:98,0
DA:99,0
DA:100,0
DA:101,0
DA:102,0
DA:103,0
DA:104,0
DA:105,0
DA:106,0
DA:107,0
DA:108,0
DA:109,0
DA:133,0
DA:134,0
DA:135,0
DA:136,0
DA:137,0
DA:138,0
DA:139,0
DA:140,0
DA:141,0
DA:142,0
DA:143,0
DA:144,0
DA:145,0
DA:146,0
DA:147,0
DA:148,0
DA:149,0
DA:150,0
DA:151,0
DA:176,0
DA:177,0
DA:178,0
DA:179,0
DA:180,0
DA:181,0
DA:182,0
DA:183,0
DA:184,0
DA:185,0
DA:186,0
DA:187,0
DA:188,0
DA:189,0
DA:190,0
DA:191,0
DA:192,0
DA:193,0
DA:203,0
DA:204,0
DA:205,0
DA:206,0
DA:207,0
DA:208,0
DA:209,0
DA:210,0
DA:211,0
DA:212,0
DA:213,0
DA:214,0
DA:215,0
DA:216,0
DA:217,0
DA:218,0
DA:219,0
DA:220,0
DA:230,0
DA:232,0
DA:233,0
DA:234,0
DA:235,0
DA:237,0
DA:238,0
DA:239,0
DA:240,0
DA:241,0
DA:242,0
DA:243,0
DA:244,0
DA:245,0
DA:246,0
DA:247,0
DA:248,0
DA:250,0
DA:251,0
DA:252,0
DA:253,0
DA:254,0
DA:255,0
DA:256,0
DA:257,0
DA:258,0
DA:259,0
DA:260,0
DA:261,0
DA:262,0
DA:263,0
DA:264,0
DA:265,0
DA:268,0
DA:278,0
DA:283,0
DA:284,0
DA:285,0
DA:286,0
DA:288,0
DA:289,0
DA:290,0
DA:291,0
DA:292,0
DA:293,0
DA:295,0
DA:296,0
DA:297,0
DA:298,0
DA:299,0
DA:300,0
DA:302,0
DA:312,0
DA:321,0
DA:322,0
DA:323,0
DA:324,0
DA:325,0
DA:327,0
DA:328,0
DA:329,0
DA:330,0
DA:331,0
DA:332,0
DA:333,0
DA:334,0
DA:335,0
DA:336,0
DA:337,0
DA:338,0
DA:341,0
DA:343,0
DA:344,0
DA:346,0
DA:348,0
DA:349,0
DA:350,0
DA:351,0
DA:352,0
DA:353,0
DA:354,0
DA:355,0
DA:356,0
DA:357,0
DA:358,0
DA:359,0
DA:360,0
DA:361,0
DA:362,0
DA:363,0
DA:365,0
DA:375,0
DA:380,0
DA:381,0
DA:382,0
DA:383,0
DA:386,0
DA:387,0
DA:388,0
DA:389,0
DA:390,0
DA:391,0
DA:392,0
DA:393,0
DA:395,0
DA:396,0
DA:397,0
DA:398,0
DA:399,0
DA:400,0
DA:401,0
DA:402,0
DA:404,0
DA:405,0
DA:406,0
DA:407,0
DA:408,0
DA:409,0
DA:410,0
DA:411,0
DA:413,0
DA:414,0
DA:415,0
DA:416,0
DA:417,0
DA:418,0
DA:419,0
DA:420,0
DA:421,0
DA:423,0
DA:424,0
DA:425,0
DA:426,0
DA:427,0
DA:428,0
DA:429,0
DA:431,0
DA:432,0
DA:433,0
DA:434,0
DA:435,0
DA:436,0
DA:437,0
DA:439,0
DA:440,0
DA:441,0
DA:442,0
DA:443,0
DA:444,0
DA:445,0
DA:448,0
DA:449,0
DA:450,0
DA:451,0
DA:452,0
DA:455,0
DA:456,0
DA:457,0
DA:461,0
DA:462,0
DA:463,0
DA:464,0
DA:465,0
DA:475,0
DA:484,0
DA:485,0
DA:486,0
DA:487,0
DA:488,0
DA:490,0
DA:491,0
DA:492,0
DA:493,0
DA:494,0
DA:495,0
DA:496,0
DA:497,0
DA:498,0
DA:499,0
DA:500,0
DA:501,0
DA:502,0
DA:503,0
DA:504,0
DA:505,0
DA:506,0
DA:516,0
DA:522,0
DA:523,0
DA:524,0
DA:525,0
DA:528,0
DA:529,0
DA:530,0
DA:531,0
DA:533,0
DA:534,0
DA:535,0
DA:536,0
DA:538,0
DA:539,0
DA:540,0
DA:541,0
DA:542,0
DA:543,0
DA:544,0
DA:545,0
DA:547,0
DA:548,0
DA:549,0
DA:550,0
DA:551,0
DA:552,0
DA:553,0
DA:554,0
DA:556,0
DA:557,0
DA:558,0
DA:559,0
DA:560,0
DA:561,0
DA:562,0
DA:563,0
DA:564,0
DA:566,0
DA:567,0
DA:568,0
DA:569,0
DA:570,0
DA:571,0
DA:572,0
DA:574,0
DA:575,0
DA:576,0
DA:577,0
DA:578,0
DA:579,0
DA:580,0
DA:582,0
DA:583,0
DA:584,0
DA:585,0
DA:586,0
DA:587,0
DA:588,0
DA:590,0
DA:591,0
DA:592,0
DA:593,0
DA:594,0
DA:604,0
DA:612,0
DA:613,0
DA:614,0
DA:615,0
DA:616,0
DA:618,0
DA:619,0
DA:620,0
DA:621,0
DA:622,0
DA:623,0
DA:624,0
DA:625,0
DA:626,0
DA:627,0
DA:628,0
DA:629,0
DA:632,0
DA:643,0
DA:644,0
DA:645,0
DA:646,0
DA:647,0
DA:649,0
DA:650,0
DA:657,0
DA:659,0
DA:660,0
DA:667,0
DA:669,0
DA:670,0
DA:677,0
DA:679,0
DA:680,0
DA:687,0
DA:689,0
DA:700,0
DA:701,0
DA:702,0
DA:703,0
DA:704,0
DA:707,0
DA:708,0
DA:709,0
DA:710,0
DA:711,0
DA:713,0
DA:714,0
DA:715,0
DA:716,0
DA:717,0
DA:719,0
DA:720,0
DA:721,0
DA:722,0
DA:723,0
DA:725,0
DA:726,0
DA:727,0
DA:728,0
DA:729,0
DA:730,0
DA:741,0
DA:747,0
DA:757,0
DA:758,0
DA:763,0
DA:764,0
DA:765,0
DA:766,0
DA:767,0
DA:769,0
DA:770,0
DA:771,0
DA:773,0
DA:774,0
DA:775,0
DA:777,0
DA:778,0
DA:779,0
DA:780,0
DA:783,0
DA:794,0
DA:795,0
DA:796,0
DA:797,0
DA:798,0
DA:799,0
DA:801,0
DA:802,0
DA:803,0
DA:804,0
DA:807,0
DA:808,0
DA:809,0
DA:811,0
DA:812,0
DA:814,0
DA:825,0
DA:835,0
DA:836,0
DA:838,0
DA:839,0
DA:840,0
DA:841,0
DA:842,0
DA:843,0
DA:844,0
DA:845,0
DA:846,0
DA:847,0
DA:848,0
DA:849,0
DA:850,0
DA:851,0
DA:852,0
DA:853,0
DA:854,0
DA:865,0
DA:867,0
DA:869,0
DA:870,0
DA:873,0
DA:874,0
DA:877,0
DA:878,0
DA:881,0
DA:882,0
DA:883,0
DA:884,0
DA:885,0
DA:896,0
DA:907,0
DA:908,0
DA:909,0
DA:918,0
DA:920,0
DA:921,0
DA:922,0
DA:923,0
DA:925,0
DA:926,0
DA:927,0
DA:929,0
DA:930,0
DA:931,0
DA:934,0
DA:935,0
DA:936,0
DA:939,0
DA:940,0
DA:941,0
DA:942,0
DA:943,0
DA:944,0
DA:945,0
DA:946,0
DA:947,0
DA:948,0
DA:949,0
DA:950,0
DA:952,0
DA:953,0
DA:954,0
DA:955,0
DA:956,0
DA:958,0
DA:969,0
DA:970,0
DA:971,0
DA:972,0
DA:973,0
DA:974,0
DA:975,0
DA:976,0
DA:977,0
DA:978,0
DA:979,0
DA:981,0
DA:982,0
DA:983,0
DA:984,0
DA:985,0
DA:986,0
DA:987,0
DA:988,0
DA:989,0
DA:993,0
DA:994,0
DA:995,0
DA:996,0
DA:997,0
DA:998,0
DA:999,0
DA:1000,0
DA:1001,0
DA:1012,0
DA:1013,0
DA:1014,0
DA:1016,0
DA:1017,0
DA:1018,0
DA:1019,0
DA:1020,0
DA:1021,0
DA:1022,0
DA:1023,0
DA:1024,0
DA:1028,0
DA:1029,0
DA:1030,0
DA:1032,0
DA:1034,0
DA:1045,0
DA:1055,0
DA:1056,0
DA:1057,0
DA:1058,0
DA:1059,0
DA:1060,0
DA:1061,0
DA:1062,0
DA:1063,0
DA:1064,0
DA:1065,0
DA:1067,0
DA:1068,0
DA:1069,0
DA:1070,0
DA:1071,0
DA:1072,0
DA:1073,0
DA:1074,0
DA:1075,0
DA:1079,0
DA:1080,0
DA:1081,0
DA:1082,0
DA:1083,0
DA:1084,0
DA:1085,0
DA:1086,0
DA:1087,0
DA:1098,0
DA:1099,0
DA:1100,0
DA:1102,0
DA:1103,0
DA:1104,0
DA:1105,0
DA:1106,0
DA:1107,0
DA:1108,0
DA:1109,0
DA:1110,0
DA:1114,0
DA:1115,0
DA:1116,0
DA:1118,0
DA:1120,0
DA:1131,0
DA:1141,0
DA:1142,0
DA:1143,0
DA:1144,0
DA:1145,0
DA:1146,0
DA:1147,0
DA:1148,0
DA:1149,0
DA:1150,0
DA:1151,0
DA:1153,0
DA:1154,0
DA:1155,0
DA:1156,0
DA:1157,0
DA:1158,0
DA:1159,0
DA:1160,0
DA:1161,0
DA:1165,0
DA:1166,0
DA:1167,0
DA:1168,0
DA:1169,0
DA:1170,0
DA:1171,0
DA:1172,0
DA:1173,0
DA:1184,0
DA:1185,0
DA:1186,0
DA:1188,0
DA:1189,0
DA:1190,0
DA:1191,0
DA:1192,0
DA:1193,0
DA:1194,0
DA:1195,0
DA:1196,0
DA:1200,0
DA:1201,0
DA:1202,0
DA:1204,0
DA:1206,0
DA:1217,0
DA:1230,0
DA:1231,0
DA:1232,0
DA:1233,0
DA:1234,0
DA:1235,0
DA:1236,0
DA:1237,0
DA:1238,0
DA:1239,0
DA:1240,0
DA:1241,0
DA:1242,0
DA:1243,0
DA:1244,0
DA:1245,0
DA:1246,0
DA:1247,0
DA:1261,0
DA:1262,0
DA:1263,0
DA:1264,0
DA:1265,0
DA:1266,0
DA:1267,0
DA:1268,0
DA:1269,0
DA:1270,0
DA:1271,0
DA:1272,0
DA:1273,0
DA:1274,0
DA:1275,0
DA:1276,0
DA:1277,0
DA:1278,0
DA:1293,0
DA:1294,0
DA:1295,0
DA:1298,0
DA:1300,0
DA:1301,0
DA:1302,0
DA:1303,0
DA:1305,0
DA:1306,0
DA:1307,0
DA:1310,0
DA:1311,0
DA:1312,0
DA:1313,0
DA:1314,0
DA:1315,0
DA:1316,0
DA:1317,0
DA:1318,0
DA:1319,0
DA:1320,0
DA:1321,0
DA:1322,0
DA:1323,0
DA:1324,0
DA:1325,0
DA:1326,0
DA:1340,0
DA:1341,0
DA:1342,0
DA:1345,0
DA:1346,0
DA:1347,0
DA:1348,0
DA:1349,0
DA:1350,0
DA:1351,0
DA:1352,0
DA:1353,0
DA:1354,0
DA:1355,0
DA:1356,0
DA:1357,0
DA:1358,0
DA:1359,0
DA:1360,0
DA:1361,0
DA:1375,0
DA:1376,0
DA:1377,0
DA:1380,0
DA:1381,0
DA:1382,0
DA:1383,0
DA:1384,0
DA:1385,0
DA:1386,0
DA:1387,0
DA:1388,0
DA:1389,0
DA:1390,0
DA:1391,0
DA:1392,0
DA:1393,0
DA:1394,0
DA:1395,0
DA:1396,0
DA:1410,0
DA:1411,0
DA:1412,0
DA:1415,0
DA:1416,0
DA:1417,0
DA:1418,0
DA:1419,0
DA:1420,0
DA:1421,0
DA:1422,0
DA:1423,0
DA:1424,0
DA:1425,0
DA:1426,0
DA:1427,0
DA:1428,0
DA:1429,0
DA:1430,0
DA:1431,0
DA:1449,0
DA:1451,0
DA:1452,0
DA:1453,0
DA:1454,0
DA:1456,0
DA:1457,0
DA:1458,0
DA:1459,0
DA:1460,0
DA:1461,0
DA:1462,0
DA:1463,0
DA:1464,0
DA:1466,0
DA:1467,0
DA:1468,0
DA:1469,0
DA:1470,0
DA:1471,0
DA:1472,0
DA:1473,0
DA:1474,0
DA:1475,0
DA:1476,0
DA:1477,0
DA:1478,0
DA:1479,0
DA:1480,0
DA:1481,0
DA:1483,0
DA:1495,0
DA:1496,0
DA:1497,0
DA:1498,0
DA:1500,0
DA:1513,0
DA:1514,0
DA:1515,0
DA:1516,0
DA:1517,0
DA:1518,0
DA:1519,0
DA:1520,0
DA:1521,0
DA:1522,0
DA:1524,0
DA:1525,0
DA:1526,0
DA:1528,0
DA:1540,0
DA:1542,0
DA:1543,0
DA:1545,0
DA:1546,0
DA:1547,0
DA:1548,0
DA:1549,0
DA:1550,0
DA:1551,0
DA:1552,0
DA:1553,0
DA:1554,0
DA:1555,0
DA:1556,0
DA:1557,0
DA:1558,0
DA:1559,0
DA:1560,0
DA:1561,0
DA:1562,0
DA:1564,0
DA:1565,0
DA:1566,0
DA:1567,0
DA:1568,0
DA:1571,0
DA:1591,0
DA:1593,0
DA:1594,0
DA:1595,0
DA:1596,0
DA:1598,0
DA:1599,0
DA:1600,0
DA:1601,0
DA:1602,0
DA:1603,0
DA:1604,0
DA:1605,0
DA:1606,0
DA:1607,0
DA:1608,0
DA:1609,0
DA:1611,0
DA:1612,0
DA:1613,0
DA:1614,0
DA:1615,0
DA:1616,0
DA:1617,0
DA:1618,0
DA:1619,0
DA:1620,0
DA:1621,0
DA:1622,0
DA:1623,0
DA:1624,0
DA:1625,0
DA:1626,0
DA:1628,0
DA:1651,0
DA:1653,0
DA:1654,0
DA:1655,0
DA:1656,0
DA:1658,0
DA:1659,0
DA:1660,0
DA:1661,0
DA:1662,0
DA:1663,0
DA:1664,0
DA:1665,0
DA:1666,0
DA:1668,0
DA:1669,0
DA:1670,0
DA:1672,0
DA:1673,0
DA:1674,0
DA:1676,0
DA:1677,0
DA:1678,0
DA:1679,0
DA:1680,0
DA:1681,0
DA:1682,0
DA:1683,0
DA:1684,0
DA:1685,0
DA:1686,0
DA:1687,0
DA:1688,0
DA:1689,0
DA:1690,0
DA:1691,0
DA:1693,0
DA:1704,0
DA:1705,0
DA:1706,0
DA:1707,0
DA:1708,0
DA:1710,0
DA:1711,0
DA:1712,0
DA:1713,0
DA:1714,0
DA:1715,0
DA:1716,0
DA:1717,0
DA:1718,0
DA:1720,0
DA:1721,0
DA:1722,0
DA:1723,0
DA:1725,0
DA:1726,0
DA:1727,0
DA:1728,0
DA:1730,0
DA:1731,0
DA:1732,0
DA:1733,0
DA:1735,0
DA:1736,0
DA:1737,0
DA:1738,0
DA:1740,0
DA:1755,0
DA:1756,0
DA:1757,0
DA:1758,0
DA:1759,0
DA:1760,0
DA:1761,0
DA:1762,0
DA:1763,0
DA:1764,0
DA:1765,0
DA:1766,0
DA:1767,0
DA:1768,0
DA:1769,0
DA:1770,0
DA:1771,0
DA:1772,0
DA:1773,0
DA:1774,0
DA:1775,0
DA:1788,0
DA:1789,0
DA:1790,0
DA:1791,0
DA:1792,0
DA:1793,0
DA:1794,0
DA:1795,0
DA:1796,0
DA:1797,0
DA:1798,0
DA:1799,0
DA:1800,0
DA:1801,0
DA:1802,0
DA:1803,0
DA:1804,0
DA:1805,0
DA:1806,0
DA:1807,0
DA:1821,0
DA:1822,0
DA:1823,0
DA:1824,0
DA:1825,0
DA:1826,0
DA:1827,0
DA:1829,0
DA:1830,0
DA:1831,0
DA:1832,0
DA:1833,0
DA:1834,0
DA:1835,0
DA:1836,0
DA:1837,0
DA:1838,0
DA:1839,0
DA:1840,0
DA:1841,0
DA:1842,0
DA:1843,0
DA:1844,0
DA:1845,0
DA:1860,0
DA:1861,0
DA:1862,0
DA:1863,0
DA:1864,0
DA:1865,0
DA:1866,0
DA:1867,0
DA:1868,0
DA:1869,0
DA:1870,0
DA:1871,0
DA:1872,0
DA:1873,0
DA:1874,0
DA:1875,0
DA:1876,0
DA:1877,0
DA:1878,0
DA:1879,0
DA:1880,0
DA:1892,0
DA:1894,0
DA:1895,0
DA:1896,0
DA:1897,0
DA:1898,0
DA:1899,0
DA:1900,0
DA:1901,0
DA:1902,0
DA:1904,0
DA:1907,0
DA:1910,0
DA:1911,0
DA:1912,0
DA:1914,0
DA:1915,0
DA:1916,0
DA:1917,0
DA:1919,0
DA:1920,0
DA:1921,0
DA:1922,0
DA:1923,0
DA:1924,0
DA:1925,0
DA:1926,0
DA:1928,0
DA:1929,0
DA:1930,0
DA:1931,0
DA:1934,0
DA:1935,0
DA:1936,0
DA:1938,0
DA:1939,0
DA:1940,0
DA:1941,0
DA:1942,0
DA:1944,0
DA:1945,0
DA:1946,0
DA:1947,0
DA:1950,0
DA:1951,0
DA:1952,0
DA:1953,0
DA:1954,0
DA:1955,0
DA:1956,0
DA:1957,0
DA:1958,0
DA:1959,0
DA:1960,0
DA:1961,0
DA:1962,0
DA:1963,0
DA:1964,0
DA:1965,0
DA:1967,0
DA:1976,0
DA:1977,0
DA:1989,0
DA:1990,0
DA:2001,0
DA:2002,0
DA:2003,0
DA:2004,0
DA:2005,0
DA:2006,0
DA:2007,0
DA:2008,0
DA:2009,0
DA:2010,0
DA:2011,0
DA:2012,0
DA:2013,0
DA:2014,0
DA:2015,0
DA:2016,0
DA:2017,0
DA:2018,0
DA:2029,0
DA:2030,0
DA:2031,0
DA:2032,0
DA:2033,0
DA:2034,0
DA:2035,0
DA:2036,0
DA:2037,0
DA:2038,0
DA:2039,0
DA:2040,0
DA:2041,0
DA:2042,0
DA:2043,0
DA:2044,0
DA:2045,0
DA:2046,0
DA:2053,0
DA:2063,0
DA:2064,0
DA:2065,0
DA:2066,0
DA:2067,0
DA:2068,0
DA:2069,0
DA:2070,0
DA:2071,0
DA:2072,0
DA:2073,0
DA:2074,0
DA:2075,0
DA:2076,0
DA:2077,0
DA:2078,0
DA:2079,0
DA:2080,0
DA:2092,0
DA:2093,0
DA:2094,0
DA:2095,0
DA:2096,0
DA:2097,0
DA:2098,0
DA:2099,0
DA:2100,0
DA:2101,0
DA:2102,0
DA:2103,0
DA:2104,0
DA:2105,0
DA:2106,0
DA:2107,0
DA:2108,0
DA:2109,0
DA:2119,0
DA:2120,0
DA:2133,0
DA:2134,0
DA:2135,0
DA:2136,0
DA:2137,0
DA:2139,0
DA:2140,0
DA:2141,0
DA:2142,0
DA:2144,0
DA:2164,0
LF:1211
LH:0
BRDA:232,0,0,0
BRDA:232,0,1,0
BRDA:312,1,0,0
BRDA:312,1,1,0
BRDA:343,2,0,0
BRDA:343,2,1,0
BRDA:456,3,0,0
BRDA:456,3,1,0
BRDA:475,4,0,0
BRDA:475,4,1,0
BRDA:604,5,0,0
BRDA:604,5,1,0
BRDA:741,6,0,0
BRDA:741,6,1,0
BRDA:763,7,0,0
BRDA:763,7,1,0
BRDA:801,8,0,0
BRDA:801,8,1,0
BRDA:825,9,0,0
BRDA:825,9,1,0
BRDA:896,10,0,0
BRDA:896,10,1,0
BRDA:918,11,0,0
BRDA:918,11,1,0
BRDA:952,12,0,0
BRDA:952,12,1,0
BRDA:981,13,0,0
BRDA:981,13,1,0
BRDA:1016,14,0,0
BRDA:1016,14,1,0
BRDA:1045,15,0,0
BRDA:1045,15,1,0
BRDA:1067,16,0,0
BRDA:1067,16,1,0
BRDA:1102,17,0,0
BRDA:1102,17,1,0
BRDA:1131,18,0,0
BRDA:1131,18,1,0
BRDA:1153,19,0,0
BRDA:1153,19,1,0
BRDA:1188,20,0,0
BRDA:1188,20,1,0
BRDA:1217,21,0,0
BRDA:1217,21,1,0
BRDA:1298,22,0,0
BRDA:1298,22,1,0
BRDA:1545,23,0,0
BRDA:1545,23,1,0
BRDA:1551,24,0,0
BRDA:1551,24,1,0
BRDA:1557,25,0,0
BRDA:1557,25,1,0
BRDA:1904,26,0,0
BRDA:1904,26,1,0
BRDA:1904,27,0,0
BRDA:1904,27,1,0
BRDA:1904,27,2,0
BRDA:1923,28,0,0
BRDA:1923,28,1,0
BRDA:1939,29,0,0
BRDA:1939,29,1,0
BRDA:2120,30,0,0
BRDA:2120,30,1,0
BRDA:2120,30,2,0
BRDA:2120,30,3,0
BRDA:2120,30,4,0
BRDA:2120,30,5,0
BRDA:2120,30,6,0
BRDA:2120,30,7,0
BRDA:2120,30,8,0
BRDA:2120,30,9,0
BRDA:2120,30,10,0
BRDA:2120,30,11,0
BRDA:2120,30,12,0
BRDA:2120,30,13,0
BRDA:2120,30,14,0
BRDA:2120,30,15,0
BRDA:2144,31,0,0
BRDA:2144,31,1,0
BRDA:2144,31,2,0
BRDA:2144,31,3,0
BRDA:2144,31,4,0
BRDA:2144,31,5,0
BRDA:2144,31,6,0
BRDA:2144,31,7,0
BRDA:2144,31,8,0
BRDA:2144,31,9,0
BRDA:2144,31,10,0
BRDA:2144,31,11,0
BRDA:2144,31,12,0
BRDA:2144,31,13,0
BRDA:2144,31,14,0
BRDA:2144,31,15,0
BRF:93
BRH:0
end_of_record
TN:
SF:E:\work\wikimoeCardByNodeJS-2.12.0\view\src\utils\live2d\lib\netUtils.js
FN:2,loadBytes
FN:6,(anonymous_1)
FNF:2
FNH:0
FNDA:0,loadBytes
FNDA:0,(anonymous_1)
DA:1,0
DA:3,0
DA:4,0
DA:5,0
DA:6,0
DA:7,0
DA:9,0
DA:10,0
DA:12,0
DA:13,0
DA:16,0
LF:11
LH:0
BRDA:7,0,0,0
BRDA:7,0,1,0
BRF:2
BRH:0
end_of_record
